==== LHAPDF6 USING DEFAULT-TYPE LHAGLUE INTERFACE ====
LHAPDF 6.2.1 loading /cvmfs/cms.cern.ch/slc7_amd64_gcc700/external/lhapdf/6.2.1-pafccj3/share/LHAPDF/NNPDF31_nnlo_as_0118_mc_hessian_pdfas/NNPDF31_nnlo_as_0118_mc_hessian_pdfas_0000.dat
NNPDF31_nnlo_as_0118_mc_hessian_pdfas PDF set, member #0, version 1; LHAPDF ID = 325300
 Process in group number            3
 A PDF is used, so alpha_s(MZ) is going to be modified
 Old value of alpha_s from param_card:   0.11799999999999999     
 New value of alpha_s from PDF lhapdf :  0.11800208008122040     
 using LHAPDF
 Warning! ptj set to xqcut=   30.000000000000000       to improve integration efficiency
 Note that this might affect non-radiated jets,
 e.g. from decays. Use cut_decays=F in run_card.
 Warning! mmjj set to xqcut=   30.000000000000000       to improve integration efficiency
 Note that this might affect non-radiated jets,
 e.g. from decays. Use cut_decays=F in run_card.
 Define smin to   3600.0000000000000     
 Define smin to   3600.0000000000000     
 Define smin to   3600.0000000000000     
 *****************************************************
 *               MadGraph/MadEvent                   *
 *        --------------------------------           *
 *          http://madgraph.hep.uiuc.edu             *
 *          http://madgraph.phys.ucl.ac.be           *
 *          http://madgraph.roma2.infn.it            *
 *        --------------------------------           *
 *                                                   *
 *          PARAMETER AND COUPLING VALUES            *
 *                                                   *
 *****************************************************

  External Params
  ---------------------------------
  
 mdl_RRd1x1 =    1.0000000000000000     
 mdl_RRd2x2 =    1.0000000000000000     
 mdl_RRd3x3 =   0.93873790000000001     
 mdl_RRd3x6 =   0.34463189999999999     
 mdl_RRd4x4 =    1.0000000000000000     
 mdl_RRd5x5 =    1.0000000000000000     
 mdl_RRd6x3 =  -0.34463189999999999     
 mdl_RRd6x6 =   0.93873790000000001     
 mdl_alp =  -0.11382520000000000     
 mdl_RMUH =    357.68099999999998     
 mdl_tb =    9.7486239999999995     
 mdl_MA2 =    166439.10000000001     
 mdl_RmD21x1 =    273684.70000000001     
 mdl_RmD23x3 =    270262.00000000000     
 mdl_RmE21x1 =    18630.630000000001     
 mdl_RmE23x3 =    17967.639999999999     
 mdl_RmL21x1 =    38155.669999999998     
 mdl_RmL23x3 =    37828.680000000000     
 mdl_RMx1 =    101.39650000000000     
 mdl_RMx2 =    191.50420000000000     
 mdl_RMx3 =    588.26300000000003     
 mdl_mHd2 =    32337.490000000002     
 mdl_mHu2 =   -128800.10000000001     
 mdl_RmQ21x1 =    299836.70000000001     
 mdl_RmQ23x3 =    248765.39999999999     
 mdl_RmU21x1 =    280382.09999999998     
 mdl_RmU23x3 =    179137.10000000001     
 mdl_RNN1x1 =   0.98636440000000003     
 mdl_RNN1x2 =   -5.3110360000000002E-002
 mdl_RNN1x3 =   0.14643400000000001     
 mdl_RNN1x4 =   -5.3118609999999997E-002
 mdl_RNN2x1 =    9.9350540000000001E-002
 mdl_RNN2x2 =   0.94494929999999999     
 mdl_RNN2x3 =  -0.26984669999999999     
 mdl_RNN2x4 =   0.15615070000000000     
 mdl_RNN3x1 =   -6.0338799999999998E-002
 mdl_RNN3x2 =    8.7700490000000006E-002
 mdl_RNN3x3 =   0.69587750000000004     
 mdl_RNN3x4 =   0.71022700000000005     
 mdl_RNN4x1 =  -0.11650710000000000     
 mdl_RNN4x2 =   0.31073899999999999     
 mdl_RNN4x3 =   0.64922599999999997     
 mdl_RNN4x4 =  -0.68437780000000004     
 mdl_RRl1x1 =    1.0000000000000000     
 mdl_RRl2x2 =    1.0000000000000000     
 mdl_RRl3x3 =   0.28248719999999999     
 mdl_RRl3x6 =   0.95927110000000004     
 mdl_RRl4x4 =    1.0000000000000000     
 mdl_RRl5x5 =    1.0000000000000000     
 mdl_RRl6x3 =   0.95927110000000004     
 mdl_RRl6x6 =  -0.28248719999999999     
 aEWM1 =    127.93400000000000     
 aS =   0.11799999999999999     
 mdl_RRn1x1 =    1.0000000000000000     
 mdl_RRn2x2 =    1.0000000000000000     
 mdl_RRn3x3 =    1.0000000000000000     
 mdl_Rtd3x3 =   -110.69370000000001     
 mdl_Rte3x3 =   -25.401969999999999     
 mdl_Rtu3x3 =   -444.75250000000000     
 mdl_RUU1x1 =   0.91683490000000001     
 mdl_RUU1x2 =  -0.39926660000000003     
 mdl_RUU2x1 =   0.39926660000000003     
 mdl_RUU2x2 =   0.91683490000000001     
 mdl_RMNS1x1 =    1.0000000000000000     
 mdl_RMNS2x2 =    1.0000000000000000     
 mdl_RMNS3x3 =    1.0000000000000000     
 mdl_RRu1x1 =    1.0000000000000000     
 mdl_RRu2x2 =    1.0000000000000000     
 mdl_RRu3x3 =   0.55364500000000005     
 mdl_RRu3x6 =   0.83275279999999996     
 mdl_RRu4x4 =    1.0000000000000000     
 mdl_RRu5x5 =    1.0000000000000000     
 mdl_RRu6x3 =   0.83275279999999996     
 mdl_RRu6x6 =  -0.55364500000000005     
 mdl_RCKM1x1 =    1.0000000000000000     
 mdl_RCKM2x2 =    1.0000000000000000     
 mdl_RCKM3x3 =    1.0000000000000000     
 mdl_RVV1x1 =   0.97255780000000003     
 mdl_RVV1x2 =  -0.23266120000000001     
 mdl_RVV2x1 =   0.23266120000000001     
 mdl_RVV2x2 =   0.97255780000000003     
 mdl_Ryd3x3 =   0.13884020000000000     
 mdl_Rye3x3 =   0.10089080000000000     
 mdl_Ryu3x3 =   0.89284450000000004     
 mdl_MZ =    91.187600000000003     
 mdl_MW =    79.829009999999997     
 mdl_Mneu1 =    100000.00000000000     
 mdl_Mneu2 =    100000.00000000000     
 mdl_Mneu3 =    100000.00000000000     
 mdl_Mneu4 =    100000.00000000000     
 mdl_Mch1 =    100000.00000000000     
 mdl_Mch2 =    100000.00000000000     
 mdl_Mgo =    1500.0000000000000     
 mdl_MH01 =    110.89910000000000     
 mdl_MH02 =    399.96010000000001     
 mdl_MA0 =    399.58390000000003     
 mdl_MH =    407.87900000000002     
 mdl_Mta =    1.7769999999999999     
 mdl_MT =    175.00000000000000     
 mdl_MB =    4.8899169999999996     
 mdl_Msn1 =    100000.00000000000     
 mdl_Msn3 =    100000.00000000000     
 mdl_Msl1 =    100000.00000000000     
 mdl_Msl3 =    100000.00000000000     
 mdl_Msl4 =    100000.00000000000     
 mdl_Msl6 =    100000.00000000000     
 mdl_Msu1 =    100000.00000000000     
 mdl_Msu3 =    100000.00000000000     
 mdl_Msu4 =    100000.00000000000     
 mdl_Msu6 =    100000.00000000000     
 mdl_Msd1 =    100000.00000000000     
 mdl_Msd3 =    100000.00000000000     
 mdl_Msd4 =    100000.00000000000     
 mdl_Msd6 =    100000.00000000000     
 mdl_WZ =    2.4114330000000002     
 mdl_WW =    2.0028220000000001     
 mdl_Wneu2 =    2.0777000000000000E-002
 mdl_Wneu3 =    1.9159850000000000     
 mdl_Wneu4 =    2.5858509999999999     
 mdl_Wch1 =    1.7041450000000000E-002
 mdl_Wch2 =    2.4868950000000001     
 mdl_Wgo =    5.5067539999999999     
 mdl_WH01 =    1.9861079999999999E-003
 mdl_WH02 =   0.57480140000000002     
 mdl_WA0 =   0.63217849999999998     
 mdl_WH =   0.54696279999999997     
 mdl_WT =    1.5619499999999999     
 mdl_Wsn1 =   0.14988160000000000     
 mdl_Wsn2 =   0.14988160000000000     
 mdl_Wsn3 =   0.14751900000000001     
 mdl_Wsl1 =   0.21368219999999999     
 mdl_Wsl2 =   0.21368219999999999     
 mdl_Wsl3 =   0.14832730000000000     
 mdl_Wsl4 =   0.21612160000000000     
 mdl_Wsl5 =   0.21612160000000000     
 mdl_Wsl6 =   0.26990609999999998     
 mdl_Wsu1 =    5.4771950000000000     
 mdl_Wsu2 =    5.4771950000000000     
 mdl_Wsu3 =    2.0215960000000002     
 mdl_Wsu4 =    1.1529730000000000     
 mdl_Wsu5 =    1.1529730000000000     
 mdl_Wsu6 =    7.3731330000000002     
 mdl_Wsd1 =    5.3127880000000003     
 mdl_Wsd2 =    5.3127880000000003     
 mdl_Wsd3 =    3.7362760000000002     
 mdl_Wsd4 =   0.28581230000000002     
 mdl_Wsd5 =   0.28581230000000002     
 mdl_Wsd6 =   0.80156629999999995     
  Internal Params
  ---------------------------------
  
 mdl_Msu5 =    100000.00000000000     
 mdl_Msu2 =    100000.00000000000     
 mdl_RmD22x2 =    273684.70000000001     
 mdl_Msl2 =    100000.00000000000     
 mdl_Msl5 =    100000.00000000000     
 mdl_RmL22x2 =    38155.669999999998     
 mdl_Msd2 =    100000.00000000000     
 mdl_RmQ22x2 =    299836.70000000001     
 mdl_Msd5 =    100000.00000000000     
 mdl_RmU22x2 =    280382.09999999998     
 mdl_Msn2 =    100000.00000000000     
 mdl_RmE22x2 =    18630.630000000001     
 mdl_conjg__CKM3x3 =    1.0000000000000000     
 mdl_I5x11 =    1.0000000000000000     
 mdl_I97x11 =    1.0000000000000000     
 mdl_I43x22 =    1.0000000000000000     
 mdl_I51x11 =    1.0000000000000000     
 mdl_I75x55 =    1.0000000000000000     
 mdl_I92x22 =    1.0000000000000000     
 mdl_I96x11 =    1.0000000000000000     
 mdl_I93x22 =    1.0000000000000000     
 mdl_conjg__Rn3x3 =    1.0000000000000000     
 mdl_I45x11 =    1.0000000000000000     
 mdl_I75x44 =    1.0000000000000000     
 mdl_I25x22 =    1.0000000000000000     
 mdl_I52x44 =    1.0000000000000000     
 mdl_conjg__Ru1x1 =    1.0000000000000000     
 mdl_I32x44 =    1.0000000000000000     
 mdl_conjg__Ru4x4 =    1.0000000000000000     
 mdl_I6x44 =    1.0000000000000000     
 mdl_I53x11 =    1.0000000000000000     
 mdl_conjg__Rd5x5 =    1.0000000000000000     
 mdl_conjg__Rl1x1 =    1.0000000000000000     
 mdl_I5x22 =    1.0000000000000000     
 mdl_I101x55 =    1.0000000000000000     
 mdl_I52x55 =    1.0000000000000000     
 mdl_I26x44 =    1.0000000000000000     
 mdl_conjg__Ru2x2 =    1.0000000000000000     
 mdl_I26x55 =    1.0000000000000000     
 mdl_I96x22 =    1.0000000000000000     
 mdl_I13x44 =    1.0000000000000000     
 mdl_I51x22 =    1.0000000000000000     
 mdl_I89x11 =    1.0000000000000000     
 mdl_I98x11 =    1.0000000000000000     
 mdl_I100x55 =    1.0000000000000000     
 mdl_Ru5x5 =    1.0000000000000000     
 mdl_Rl1x1 =    1.0000000000000000     
 mdl_conjg__Rl4x4 =    1.0000000000000000     
 mdl_Ru2x2 =    1.0000000000000000     
 mdl_Ru4x4 =    1.0000000000000000     
 mdl_conjg__Rd4x4 =    1.0000000000000000     
 mdl_Rd1x1 =    1.0000000000000000     
 mdl_I7x22 =    1.0000000000000000     
 mdl_I25x11 =    1.0000000000000000     
 mdl_I6x55 =    1.0000000000000000     
 mdl_CKM3x3 =    1.0000000000000000     
 mdl_Rn3x3 =    1.0000000000000000     
 mdl_conjg__Rd1x1 =    1.0000000000000000     
 mdl_I85x22 =    1.0000000000000000     
 mdl_conjg__Rn2x2 =    1.0000000000000000     
 mdl_I39x11 =    1.0000000000000000     
 mdl_I102x55 =    1.0000000000000000     
 mdl_atan__tb =    1.4685752826790794     
 mdl_beta =    1.4685752826790794     
 mdl_cw =   0.87543712083660485     
 mdl_mD21x1 =                (273684.70000000001,0.0000000000000000)
 mdl_mD22x2 =                (273684.70000000001,0.0000000000000000)
 mdl_mD23x3 =                (270262.00000000000,0.0000000000000000)
 mdl_mE21x1 =                (18630.630000000001,0.0000000000000000)
 mdl_mE22x2 =                (18630.630000000001,0.0000000000000000)
 mdl_mE23x3 =                (17967.639999999999,0.0000000000000000)
 mdl_mL21x1 =                (38155.669999999998,0.0000000000000000)
 mdl_mL22x2 =                (38155.669999999998,0.0000000000000000)
 mdl_mL23x3 =                (37828.680000000000,0.0000000000000000)
 mdl_mQ21x1 =                (299836.70000000001,0.0000000000000000)
 mdl_mQ22x2 =                (299836.70000000001,0.0000000000000000)
 mdl_mQ23x3 =                (248765.39999999999,0.0000000000000000)
 mdl_mU21x1 =                (280382.09999999998,0.0000000000000000)
 mdl_mU22x2 =                (280382.09999999998,0.0000000000000000)
 mdl_mU23x3 =                (179137.10000000001,0.0000000000000000)
 mdl_MUH =                (357.68099999999998,0.0000000000000000)
 mdl_Mx1 =                (101.39650000000000,0.0000000000000000)
 mdl_Mx2 =                (191.50420000000000,0.0000000000000000)
 mdl_Mx3 =                (588.26300000000003,0.0000000000000000)
 mdl_NN1x1 =               (0.98636440000000003,0.0000000000000000)
 mdl_NN1x2 =         (-5.31103600000000023E-002,0.0000000000000000)
 mdl_NN1x3 =               (0.14643400000000001,0.0000000000000000)
 mdl_NN1x4 =         (-5.31186099999999967E-002,0.0000000000000000)
 mdl_NN2x1 =          (9.93505400000000011E-002,0.0000000000000000)
 mdl_NN2x2 =               (0.94494929999999999,0.0000000000000000)
 mdl_NN2x3 =              (-0.26984669999999999,0.0000000000000000)
 mdl_NN2x4 =               (0.15615070000000000,0.0000000000000000)
 mdl_NN3x1 =         (-6.03387999999999980E-002,0.0000000000000000)
 mdl_NN3x2 =          (8.77004900000000059E-002,0.0000000000000000)
 mdl_NN3x3 =               (0.69587750000000004,0.0000000000000000)
 mdl_NN3x4 =               (0.71022700000000005,0.0000000000000000)
 mdl_NN4x1 =              (-0.11650710000000000,0.0000000000000000)
 mdl_NN4x2 =               (0.31073899999999999,0.0000000000000000)
 mdl_NN4x3 =               (0.64922599999999997,0.0000000000000000)
 mdl_NN4x4 =              (-0.68437780000000004,0.0000000000000000)
 mdl_Rd3x3 =               (0.93873790000000001,0.0000000000000000)
 mdl_Rd3x6 =               (0.34463189999999999,0.0000000000000000)
 mdl_Rd6x3 =              (-0.34463189999999999,0.0000000000000000)
 mdl_Rd6x6 =               (0.93873790000000001,0.0000000000000000)
 mdl_Rl3x3 =               (0.28248719999999999,0.0000000000000000)
 mdl_Rl3x6 =               (0.95927110000000004,0.0000000000000000)
 mdl_Rl6x3 =               (0.95927110000000004,0.0000000000000000)
 mdl_Rl6x6 =              (-0.28248719999999999,0.0000000000000000)
 mdl_Ru3x3 =               (0.55364500000000005,0.0000000000000000)
 mdl_Ru3x6 =               (0.83275279999999996,0.0000000000000000)
 mdl_Ru6x3 =               (0.83275279999999996,0.0000000000000000)
 mdl_Ru6x6 =              (-0.55364500000000005,0.0000000000000000)
 mdl_UU1x1 =               (0.91683490000000001,0.0000000000000000)
 mdl_UU1x2 =              (-0.39926660000000003,0.0000000000000000)
 mdl_UU2x1 =               (0.39926660000000003,0.0000000000000000)
 mdl_UU2x2 =               (0.91683490000000001,0.0000000000000000)
 mdl_VV1x1 =               (0.97255780000000003,0.0000000000000000)
 mdl_VV1x2 =              (-0.23266120000000001,0.0000000000000000)
 mdl_VV2x1 =               (0.23266120000000001,0.0000000000000000)
 mdl_VV2x2 =               (0.97255780000000003,0.0000000000000000)
 mdl_td3x3 =               (-110.69370000000001,0.0000000000000000)
 mdl_te3x3 =               (-25.401969999999999,0.0000000000000000)
 mdl_tu3x3 =               (-444.75250000000000,0.0000000000000000)
 mdl_yd3x3 =               (0.13884020000000000,0.0000000000000000)
 mdl_ye3x3 =               (0.10089080000000000,0.0000000000000000)
 mdl_yu3x3 =               (0.89284450000000004,0.0000000000000000)
 mdl_MZ__exp__2 =    8315.1783937600012     
 mdl_bb =                (15860.964102273132,0.0000000000000000)
 mdl_cw__exp__2 =   0.76639015253868426     
 mdl_sw =   0.48333202610763931     
 mdl_cos__beta =   0.10204311673550755     
 mdl_sin__beta =   0.99477997684256969     
 mdl_conjg__yu3x3 =              (0.89284450000000004,-0.0000000000000000)
 mdl_I1x33 =               (0.89284450000000004,0.0000000000000000)
 mdl_conjg__yd3x3 =              (0.13884020000000000,-0.0000000000000000)
 mdl_I10x33 =               (0.13033455778358000,0.0000000000000000)
 mdl_I10x36 =         (-4.78487619223799954E-002,0.0000000000000000)
 mdl_conjg__Rd3x6 =              (0.34463189999999999,-0.0000000000000000)
 mdl_I100x33 =               (0.11877114649760999,0.0000000000000000)
 mdl_I100x36 =               (0.32351902607901001,0.0000000000000000)
 mdl_conjg__Rd6x6 =              (0.93873790000000001,-0.0000000000000000)
 mdl_I100x63 =               (0.32351902607901001,0.0000000000000000)
 mdl_I100x66 =               (0.88122884489641007,0.0000000000000000)
 mdl_conjg__Rl3x6 =              (0.95927110000000004,-0.0000000000000000)
 mdl_I101x33 =               (0.92020104329521013,0.0000000000000000)
 mdl_I101x36 =              (-0.27098180707992003,0.0000000000000000)
 mdl_conjg__Rl6x6 =             (-0.28248719999999999,-0.0000000000000000)
 mdl_I101x63 =             (-0.27098180707992003,-0.0000000000000000)
 mdl_I101x66 =          (7.97990181638399965E-002,0.0000000000000000)
 mdl_conjg__Ru3x6 =              (0.83275279999999996,-0.0000000000000000)
 mdl_I102x33 =               (0.69347722590783989,0.0000000000000000)
 mdl_I102x36 =              (-0.46104942395600002,0.0000000000000000)
 mdl_conjg__Ru6x6 =             (-0.55364500000000005,-0.0000000000000000)
 mdl_I102x63 =             (-0.46104942395600002,-0.0000000000000000)
 mdl_I102x66 =               (0.30652278602500005,0.0000000000000000)
 mdl_I11x33 =          (4.78487619223799954E-002,0.0000000000000000)
 mdl_I11x36 =               (0.13033455778358000,0.0000000000000000)
 mdl_conjg__Rd3x3 =              (0.93873790000000001,-0.0000000000000000)
 mdl_I12x33 =               (0.88122884489641007,0.0000000000000000)
 mdl_I12x36 =              (-0.32351902607901001,0.0000000000000000)
 mdl_conjg__Rd6x3 =             (-0.34463189999999999,-0.0000000000000000)
 mdl_I12x63 =             (-0.32351902607901001,-0.0000000000000000)
 mdl_I12x66 =               (0.11877114649760999,0.0000000000000000)
 mdl_I13x33 =               (0.11877114649760999,0.0000000000000000)
 mdl_I13x36 =               (0.32351902607901001,0.0000000000000000)
 mdl_I13x63 =               (0.32351902607901001,0.0000000000000000)
 mdl_I13x66 =               (0.88122884489641007,0.0000000000000000)
 mdl_conjg__td3x3 =              (-110.69370000000001,-0.0000000000000000)
 mdl_I14x33 =              (-35.811518017082115,-0.0000000000000000)
 mdl_I14x36 =                (13.147217659062491,0.0000000000000000)
 mdl_I14x63 =              (-97.546481388309758,-0.0000000000000000)
 mdl_I14x66 =                (35.811518017082115,0.0000000000000000)
 mdl_I15x33 =          (4.49174462846149633E-002,0.0000000000000000)
 mdl_I15x36 =         (-1.64902097339574699E-002,0.0000000000000000)
 mdl_I15x63 =               (0.12234998907118655,0.0000000000000000)
 mdl_I15x66 =         (-4.49174462846149633E-002,0.0000000000000000)
 mdl_I16x33 =               (-35.811518017082115,0.0000000000000000)
 mdl_I16x36 =               (-97.546481388309758,0.0000000000000000)
 mdl_I16x63 =                (13.147217659062493,0.0000000000000000)
 mdl_I16x66 =                (35.811518017082115,0.0000000000000000)
 mdl_I17x33 =          (1.69870969526413514E-002,0.0000000000000000)
 mdl_I17x36 =         (-6.23634722564519843E-003,0.0000000000000000)
 mdl_I17x63 =         (-6.23634722564519843E-003,0.0000000000000000)
 mdl_I17x66 =          (2.28950401750460187E-003,0.0000000000000000)
 mdl_I18x33 =          (4.49174462846149633E-002,0.0000000000000000)
 mdl_I18x36 =               (0.12234998907118654,0.0000000000000000)
 mdl_I18x63 =        (-1.64902097339574699E-002,-0.0000000000000000)
 mdl_I18x66 =        (-4.49174462846149633E-002,-0.0000000000000000)
 mdl_I19x33 =          (2.28950401750460187E-003,0.0000000000000000)
 mdl_I19x36 =          (6.23634722564519843E-003,0.0000000000000000)
 mdl_I19x63 =          (6.23634722564519843E-003,0.0000000000000000)
 mdl_I19x66 =          (1.69870969526413514E-002,0.0000000000000000)
 mdl_I2x33 =               (0.13884020000000000,0.0000000000000000)
 mdl_I20x33 =               (0.13884020000000000,0.0000000000000000)
 mdl_I21x33 =               (0.89284450000000004,0.0000000000000000)
 mdl_conjg__ye3x3 =              (0.10089080000000000,-0.0000000000000000)
 mdl_I22x33 =              (0.10089080000000000,-0.0000000000000000)
 mdl_I23x33 =         (9.67816286958800009E-002,-0.0000000000000000)
 mdl_I23x36 =         (-2.85003595977600006E-002,0.0000000000000000)
 mdl_conjg__Rl3x3 =              (0.28248719999999999,-0.0000000000000000)
 mdl_I24x33 =          (2.85003595977600006E-002,0.0000000000000000)
 mdl_conjg__Rl6x3 =              (0.95927110000000004,-0.0000000000000000)
 mdl_I24x36 =          (9.67816286958800009E-002,0.0000000000000000)
 mdl_I25x33 =          (7.97990181638399965E-002,0.0000000000000000)
 mdl_I25x36 =               (0.27098180707992003,0.0000000000000000)
 mdl_I25x63 =               (0.27098180707992003,0.0000000000000000)
 mdl_I25x66 =               (0.92020104329521013,0.0000000000000000)
 mdl_I26x33 =               (0.92020104329521013,0.0000000000000000)
 mdl_I26x36 =              (-0.27098180707992003,0.0000000000000000)
 mdl_I26x63 =             (-0.27098180707992003,-0.0000000000000000)
 mdl_I26x66 =          (7.97990181638399965E-002,0.0000000000000000)
 mdl_I27x33 =          (2.85003595977600006E-002,0.0000000000000000)
 mdl_I27x36 =          (9.67816286958800009E-002,0.0000000000000000)
 mdl_I28x33 =          (9.67816286958800009E-002,0.0000000000000000)
 mdl_I28x36 =         (-2.85003595977600006E-002,0.0000000000000000)
 mdl_I29x33 =               (0.28248719999999999,0.0000000000000000)
 mdl_I29x36 =               (0.95927110000000004,0.0000000000000000)
 mdl_I3x33 =         (4.78487619223799954E-002,-0.0000000000000000)
 mdl_I3x36 =              (0.13033455778358000,-0.0000000000000000)
 mdl_I30x33 =          (9.67816286958800009E-002,0.0000000000000000)
 mdl_I30x36 =         (-2.85003595977600006E-002,0.0000000000000000)
 mdl_I31x33 =          (7.97990181638399965E-002,0.0000000000000000)
 mdl_I31x36 =               (0.27098180707992003,0.0000000000000000)
 mdl_I31x63 =               (0.27098180707992003,0.0000000000000000)
 mdl_I31x66 =               (0.92020104329521013,0.0000000000000000)
 mdl_I32x33 =               (0.92020104329521013,0.0000000000000000)
 mdl_I32x36 =              (-0.27098180707992003,0.0000000000000000)
 mdl_I32x63 =             (-0.27098180707992003,-0.0000000000000000)
 mdl_I32x66 =          (7.97990181638399965E-002,0.0000000000000000)
 mdl_conjg__te3x3 =              (-25.401969999999999,-0.0000000000000000)
 mdl_I33x33 =              (-6.8834717339899161,-0.0000000000000000)
 mdl_I33x36 =              (-23.374919295753628,-0.0000000000000000)
 mdl_I33x63 =                (2.0270522654273186,0.0000000000000000)
 mdl_I33x66 =                (6.8834717339899161,0.0000000000000000)
 mdl_I34x33 =          (2.73395713017387972E-002,0.0000000000000000)
 mdl_I34x36 =          (9.28398194188883863E-002,0.0000000000000000)
 mdl_I34x63 =         (-8.05098678176434900E-003,0.0000000000000000)
 mdl_I34x66 =         (-2.73395713017387972E-002,0.0000000000000000)
 mdl_I35x33 =               (-6.8834717339899152,0.0000000000000000)
 mdl_I35x36 =               (2.0270522654273186,-0.0000000000000000)
 mdl_I35x63 =               (-23.374919295753628,0.0000000000000000)
 mdl_I35x66 =               (6.8834717339899152,-0.0000000000000000)
 mdl_I36x33 =          (8.12270497201630589E-004,0.0000000000000000)
 mdl_I36x36 =          (2.75831122028946836E-003,0.0000000000000000)
 mdl_I36x63 =          (2.75831122028946836E-003,0.0000000000000000)
 mdl_I36x66 =          (9.36668365302718332E-003,0.0000000000000000)
 mdl_I37x33 =          (2.73395713017387937E-002,0.0000000000000000)
 mdl_I37x36 =         (-8.05098678176434900E-003,0.0000000000000000)
 mdl_I37x63 =          (9.28398194188883724E-002,0.0000000000000000)
 mdl_I37x66 =         (-2.73395713017387937E-002,0.0000000000000000)
 mdl_I38x33 =          (9.36668365302718332E-003,0.0000000000000000)
 mdl_I38x36 =         (-2.75831122028946836E-003,0.0000000000000000)
 mdl_I38x63 =         (-2.75831122028946836E-003,0.0000000000000000)
 mdl_I38x66 =          (8.12270497201630589E-004,0.0000000000000000)
 mdl_I39x33 =               (0.28248719999999999,0.0000000000000000)
 mdl_I39x36 =               (0.95927110000000004,0.0000000000000000)
 mdl_I4x33 =               (0.13033455778358000,0.0000000000000000)
 mdl_I4x36 =        (-4.78487619223799954E-002,-0.0000000000000000)
 mdl_I40x33 =               (-24.367375704067001,0.0000000000000000)
 mdl_I40x36 =                (7.1757313797839997,0.0000000000000000)
 mdl_I41x33 =          (2.87542408010568479E-003,0.0000000000000000)
 mdl_I41x36 =          (9.76437594443028967E-003,0.0000000000000000)
 mdl_I42x33 =          (9.67816286958800009E-002,0.0000000000000000)
 mdl_I42x36 =         (-2.85003595977600006E-002,0.0000000000000000)
 mdl_I44x33 =               (0.10089080000000000,0.0000000000000000)
 mdl_I45x33 =               (0.28248719999999999,0.0000000000000000)
 mdl_I45x36 =               (0.95927110000000004,0.0000000000000000)
 mdl_I46x33 =          (9.67816286958800009E-002,0.0000000000000000)
 mdl_I46x36 =         (-2.85003595977600006E-002,0.0000000000000000)
 mdl_I47x33 =              (-24.367375704067001,-0.0000000000000000)
 mdl_I47x36 =                (7.1757313797839997,0.0000000000000000)
 mdl_I48x33 =          (2.87542408010568479E-003,0.0000000000000000)
 mdl_I48x36 =          (9.76437594443028967E-003,0.0000000000000000)
 mdl_I49x33 =              (0.74351875733960004,-0.0000000000000000)
 mdl_I49x36 =              (-0.49431889320250005,0.0000000000000000)
 mdl_I5x33 =               (0.88122884489641007,0.0000000000000000)
 mdl_I5x36 =              (-0.32351902607901001,0.0000000000000000)
 mdl_I5x63 =             (-0.32351902607901001,-0.0000000000000000)
 mdl_I5x66 =               (0.11877114649760999,0.0000000000000000)
 mdl_conjg__Ru3x3 =              (0.55364500000000005,-0.0000000000000000)
 mdl_I50x33 =               (0.49431889320250005,0.0000000000000000)
 mdl_conjg__Ru6x3 =              (0.83275279999999996,-0.0000000000000000)
 mdl_I50x36 =               (0.74351875733960004,0.0000000000000000)
 mdl_I51x33 =               (0.30652278602500005,0.0000000000000000)
 mdl_I51x36 =               (0.46104942395600002,0.0000000000000000)
 mdl_I51x63 =               (0.46104942395600002,0.0000000000000000)
 mdl_I51x66 =               (0.69347722590783989,0.0000000000000000)
 mdl_I52x33 =               (0.69347722590783989,0.0000000000000000)
 mdl_I52x36 =              (-0.46104942395600002,0.0000000000000000)
 mdl_I52x63 =             (-0.46104942395600002,-0.0000000000000000)
 mdl_I52x66 =               (0.30652278602500005,0.0000000000000000)
 mdl_I53x33 =               (0.51972754464550008,0.0000000000000000)
 mdl_I53x36 =               (0.78173661469111999,0.0000000000000000)
 mdl_I53x63 =              (-0.19080372827550002,0.0000000000000000)
 mdl_I53x66 =              (-0.28699317969431998,0.0000000000000000)
 mdl_conjg__tu3x3 =              (-444.75250000000000,-0.0000000000000000)
 mdl_I54x33 =              (-347.67931372541233,-0.0000000000000000)
 mdl_I54x36 =                (231.15012479994778,0.0000000000000000)
 mdl_I54x63 =                (127.64093415199804,0.0000000000000000)
 mdl_I54x66 =              (-84.860435159849317,-0.0000000000000000)
 mdl_I55x33 =               (0.69796923687558576,0.0000000000000000)
 mdl_I55x36 =              (-0.46403587973523924,0.0000000000000000)
 mdl_I55x63 =              (-0.25624028202758531,0.0000000000000000)
 mdl_I55x66 =               (0.17035805937027468,0.0000000000000000)
 mdl_I56x33 =               (-21.120770656609718,0.0000000000000000)
 mdl_I56x36 =               (-31.768336935129152,0.0000000000000000)
 mdl_I56x63 =               (-57.530564908725594,0.0000000000000000)
 mdl_I56x66 =               (-86.533318305634438,0.0000000000000000)
 mdl_I57x33 =          (2.64912277945160736E-002,0.0000000000000000)
 mdl_I57x36 =          (3.98461904673953204E-002,0.0000000000000000)
 mdl_I57x63 =          (7.21590762440901534E-002,0.0000000000000000)
 mdl_I57x66 =               (0.10853646793103804,0.0000000000000000)
 mdl_I58x33 =          (1.00185805775447247E-002,0.0000000000000000)
 mdl_I58x36 =          (1.50692249148389069E-002,0.0000000000000000)
 mdl_I58x63 =         (-3.67804736523617056E-003,0.0000000000000000)
 mdl_I58x66 =         (-5.53225305373125989E-003,0.0000000000000000)
 mdl_I59x33 =          (3.55764520047663416E-002,0.0000000000000000)
 mdl_I59x36 =         (-2.36525470345808064E-002,0.0000000000000000)
 mdl_I59x63 =          (9.69061884416536901E-002,0.0000000000000000)
 mdl_I59x66 =         (-6.44268343496165602E-002,0.0000000000000000)
 mdl_I6x33 =               (0.11877114649760999,0.0000000000000000)
 mdl_I6x36 =               (0.32351902607901001,0.0000000000000000)
 mdl_I6x63 =               (0.32351902607901001,0.0000000000000000)
 mdl_I6x66 =               (0.88122884489641007,0.0000000000000000)
 mdl_I60x33 =               (0.41431188302426980,0.0000000000000000)
 mdl_I60x36 =               (0.62317799431356391,0.0000000000000000)
 mdl_I60x63 =              (-0.15210325633942320,0.0000000000000000)
 mdl_I60x66 =              (-0.22878272648677841,0.0000000000000000)
 mdl_I61x33 =               (0.49431889320250005,0.0000000000000000)
 mdl_I61x36 =               (0.74351875733960004,0.0000000000000000)
 mdl_I62x33 =               (0.74351875733960004,0.0000000000000000)
 mdl_I62x36 =              (-0.49431889320250005,0.0000000000000000)
 mdl_I63x33 =               (0.55364500000000005,0.0000000000000000)
 mdl_I63x36 =               (0.83275279999999996,0.0000000000000000)
 mdl_I64x33 =          (7.68681825290000037E-002,0.0000000000000000)
 mdl_I64x36 =               (0.11561956530256000,0.0000000000000000)
 mdl_I65x33 =               (0.74351875733960004,0.0000000000000000)
 mdl_I65x36 =              (-0.49431889320250005,0.0000000000000000)
 mdl_I66x33 =               (0.51972754464550008,0.0000000000000000)
 mdl_I66x36 =               (0.78173661469111999,0.0000000000000000)
 mdl_I66x63 =             (-0.19080372827550002,-0.0000000000000000)
 mdl_I66x66 =             (-0.28699317969431998,-0.0000000000000000)
 mdl_I67x33 =          (2.64912277945160771E-002,0.0000000000000000)
 mdl_I67x36 =          (3.98461904673953204E-002,0.0000000000000000)
 mdl_I67x63 =          (7.21590762440901534E-002,0.0000000000000000)
 mdl_I67x66 =               (0.10853646793103804,0.0000000000000000)
 mdl_I68x33 =              (-21.120770656609718,-0.0000000000000000)
 mdl_I68x36 =              (-31.768336935129149,-0.0000000000000000)
 mdl_I68x63 =              (-57.530564908725594,-0.0000000000000000)
 mdl_I68x66 =              (-86.533318305634438,-0.0000000000000000)
 mdl_I69x33 =               (-347.67931372541233,0.0000000000000000)
 mdl_I69x36 =               (231.15012479994778,-0.0000000000000000)
 mdl_I69x63 =                (127.64093415199804,0.0000000000000000)
 mdl_I69x66 =               (-84.860435159849317,0.0000000000000000)
 mdl_I7x33 =               (0.93873790000000001,0.0000000000000000)
 mdl_I7x36 =              (-0.34463189999999999,0.0000000000000000)
 mdl_I70x33 =          (1.00185805775447247E-002,0.0000000000000000)
 mdl_I70x36 =          (1.50692249148389069E-002,0.0000000000000000)
 mdl_I70x63 =         (-3.67804736523617100E-003,0.0000000000000000)
 mdl_I70x66 =         (-5.53225305373126076E-003,0.0000000000000000)
 mdl_I71x33 =               (0.41431188302426980,0.0000000000000000)
 mdl_I71x36 =               (0.62317799431356391,0.0000000000000000)
 mdl_I71x63 =              (-0.15210325633942320,0.0000000000000000)
 mdl_I71x66 =              (-0.22878272648677841,0.0000000000000000)
 mdl_I72x33 =               (0.69796923687558576,0.0000000000000000)
 mdl_I72x36 =              (-0.46403587973523919,0.0000000000000000)
 mdl_I72x63 =             (-0.25624028202758531,-0.0000000000000000)
 mdl_I72x66 =               (0.17035805937027468,0.0000000000000000)
 mdl_I73x33 =          (3.55764520047663485E-002,0.0000000000000000)
 mdl_I73x36 =         (-2.36525470345808099E-002,0.0000000000000000)
 mdl_I73x63 =          (9.69061884416537039E-002,0.0000000000000000)
 mdl_I73x66 =         (-6.44268343496165602E-002,0.0000000000000000)
 mdl_I74x33 =               (0.30652278602500005,0.0000000000000000)
 mdl_I74x36 =               (0.46104942395600002,0.0000000000000000)
 mdl_I74x63 =               (0.46104942395600002,0.0000000000000000)
 mdl_I74x66 =               (0.69347722590783989,0.0000000000000000)
 mdl_I75x33 =               (0.69347722590783989,0.0000000000000000)
 mdl_I75x36 =              (-0.46104942395600002,0.0000000000000000)
 mdl_I75x63 =             (-0.46104942395600002,-0.0000000000000000)
 mdl_I75x66 =               (0.30652278602500005,0.0000000000000000)
 mdl_I76x33 =               (0.41164544240728285,0.0000000000000000)
 mdl_I76x36 =               (0.61916732702707233,0.0000000000000000)
 mdl_I76x63 =              (-0.27367718362709814,0.0000000000000000)
 mdl_I76x66 =              (-0.41164544240728285,0.0000000000000000)
 mdl_I77x33 =              (-205.05288392799091,-0.0000000000000000)
 mdl_I77x36 =              (-308.42572991557654,-0.0000000000000000)
 mdl_I77x63 =                (136.32677539158382,0.0000000000000000)
 mdl_I77x66 =                (205.05288392799091,0.0000000000000000)
 mdl_I78x33 =               (-205.05288392799091,0.0000000000000000)
 mdl_I78x36 =               (136.32677539158385,-0.0000000000000000)
 mdl_I78x63 =               (-308.42572991557660,0.0000000000000000)
 mdl_I78x66 =               (205.05288392799091,-0.0000000000000000)
 mdl_I79x33 =               (0.41164544240728290,0.0000000000000000)
 mdl_I79x36 =              (-0.27367718362709814,0.0000000000000000)
 mdl_I79x63 =               (0.61916732702707244,0.0000000000000000)
 mdl_I79x66 =              (-0.41164544240728285,0.0000000000000000)
 mdl_I8x33 =               (0.83814697095655000,0.0000000000000000)
 mdl_I8x36 =              (-0.30770269643955001,0.0000000000000000)
 mdl_I80x33 =               (0.24435116817694463,0.0000000000000000)
 mdl_I80x36 =               (0.36753536920340929,0.0000000000000000)
 mdl_I80x63 =               (0.36753536920340929,0.0000000000000000)
 mdl_I80x66 =               (0.55282014251582301,0.0000000000000000)
 mdl_I81x33 =               (0.55282014251582301,0.0000000000000000)
 mdl_I81x36 =              (-0.36753536920340929,0.0000000000000000)
 mdl_I81x63 =              (-0.36753536920340929,0.0000000000000000)
 mdl_I81x66 =               (0.24435116817694463,0.0000000000000000)
 mdl_I82x33 =               (0.93873790000000001,0.0000000000000000)
 mdl_I82x36 =             (-0.34463189999999999,-0.0000000000000000)
 mdl_I83x33 =          (4.78487619223799954E-002,0.0000000000000000)
 mdl_I83x36 =               (0.13033455778358000,0.0000000000000000)
 mdl_I84x33 =               (0.83814697095655000,0.0000000000000000)
 mdl_I84x36 =             (-0.30770269643955001,-0.0000000000000000)
 mdl_I85x33 =              (0.28248719999999999,-0.0000000000000000)
 mdl_I85x36 =              (0.95927110000000004,-0.0000000000000000)
 mdl_I86x33 =         (9.67816286958800009E-002,-0.0000000000000000)
 mdl_I86x36 =         (-2.85003595977600006E-002,0.0000000000000000)
 mdl_I88x33 =               (0.10089080000000000,0.0000000000000000)
 mdl_I89x33 =               (0.55364500000000005,0.0000000000000000)
 mdl_I89x36 =               (0.83275279999999996,0.0000000000000000)
 mdl_I9x33 =          (4.78487619223799954E-002,0.0000000000000000)
 mdl_I9x36 =               (0.13033455778358000,0.0000000000000000)
 mdl_I90x33 =               (0.74351875733960004,0.0000000000000000)
 mdl_I90x36 =              (-0.49431889320250005,0.0000000000000000)
 mdl_I91x33 =          (7.68681825290000037E-002,0.0000000000000000)
 mdl_I91x36 =               (0.11561956530256000,0.0000000000000000)
 mdl_I92x33 =               (0.51972754464550008,0.0000000000000000)
 mdl_I92x36 =               (0.78173661469111999,0.0000000000000000)
 mdl_I92x63 =             (-0.19080372827550002,-0.0000000000000000)
 mdl_I92x66 =             (-0.28699317969431998,-0.0000000000000000)
 mdl_I93x33 =               (0.28248719999999999,0.0000000000000000)
 mdl_I93x36 =               (0.95927110000000004,0.0000000000000000)
 mdl_I94x33 =               (0.51972754464550008,0.0000000000000000)
 mdl_I94x36 =               (0.78173661469111999,0.0000000000000000)
 mdl_I94x63 =              (-0.19080372827550002,0.0000000000000000)
 mdl_I94x66 =              (-0.28699317969431998,0.0000000000000000)
 mdl_I95x33 =               (0.28248719999999999,0.0000000000000000)
 mdl_I95x36 =               (0.95927110000000004,0.0000000000000000)
 mdl_I96x33 =               (0.88122884489641007,0.0000000000000000)
 mdl_I96x36 =              (-0.32351902607901001,0.0000000000000000)
 mdl_I96x63 =             (-0.32351902607901001,-0.0000000000000000)
 mdl_I96x66 =               (0.11877114649760999,0.0000000000000000)
 mdl_I97x33 =          (7.97990181638399965E-002,0.0000000000000000)
 mdl_I97x36 =               (0.27098180707992003,0.0000000000000000)
 mdl_I97x63 =               (0.27098180707992003,0.0000000000000000)
 mdl_I97x66 =               (0.92020104329521013,0.0000000000000000)
 mdl_I98x33 =               (0.30652278602500005,0.0000000000000000)
 mdl_I98x36 =               (0.46104942395600002,0.0000000000000000)
 mdl_I98x63 =               (0.46104942395600002,0.0000000000000000)
 mdl_I98x66 =               (0.69347722590783989,0.0000000000000000)
 mdl_I99x33 =               (0.10089080000000000,0.0000000000000000)
 mdl_complexi =                (0.0000000000000000,1.0000000000000000)
 mdl_sqrt__2 =    1.4142135623730951     
 mdl_sw__exp__2 =   0.23360984746131572     
 mdl_conjg__NN1x1 =              (0.98636440000000003,-0.0000000000000000)
 mdl_conjg__NN1x2 =        (-5.31103600000000023E-002,-0.0000000000000000)
 mdl_conjg__NN1x3 =              (0.14643400000000001,-0.0000000000000000)
 mdl_conjg__NN1x4 =        (-5.31186099999999967E-002,-0.0000000000000000)
 mdl_conjg__NN2x1 =         (9.93505400000000011E-002,-0.0000000000000000)
 mdl_conjg__NN2x2 =              (0.94494929999999999,-0.0000000000000000)
 mdl_conjg__NN2x3 =             (-0.26984669999999999,-0.0000000000000000)
 mdl_conjg__NN2x4 =              (0.15615070000000000,-0.0000000000000000)
 mdl_conjg__NN3x1 =        (-6.03387999999999980E-002,-0.0000000000000000)
 mdl_conjg__NN3x2 =         (8.77004900000000059E-002,-0.0000000000000000)
 mdl_conjg__NN3x3 =              (0.69587750000000004,-0.0000000000000000)
 mdl_conjg__NN3x4 =              (0.71022700000000005,-0.0000000000000000)
 mdl_conjg__NN4x1 =             (-0.11650710000000000,-0.0000000000000000)
 mdl_conjg__NN4x2 =              (0.31073899999999999,-0.0000000000000000)
 mdl_conjg__NN4x3 =              (0.64922599999999997,-0.0000000000000000)
 mdl_conjg__NN4x4 =             (-0.68437780000000004,-0.0000000000000000)
 mdl_conjg__UU1x1 =              (0.91683490000000001,-0.0000000000000000)
 mdl_conjg__UU1x2 =             (-0.39926660000000003,-0.0000000000000000)
 mdl_conjg__UU2x1 =              (0.39926660000000003,-0.0000000000000000)
 mdl_conjg__UU2x2 =              (0.91683490000000001,-0.0000000000000000)
 mdl_conjg__VV1x1 =              (0.97255780000000003,-0.0000000000000000)
 mdl_conjg__VV1x2 =             (-0.23266120000000001,-0.0000000000000000)
 mdl_conjg__VV2x1 =              (0.23266120000000001,-0.0000000000000000)
 mdl_conjg__VV2x2 =              (0.97255780000000003,-0.0000000000000000)
 mdl_cos__alp =   0.99352890317340192     
 mdl_sin__alp =  -0.11357956928539981     
 mdl_conjg__MUH =               (357.68099999999998,-0.0000000000000000)
 mdl_ee =   0.31340934559420641     
 mdl_gp =   0.35800326275255401     
 mdl_gw =   0.64843488257574999     
 mdl_vev =    246.22059098023431     
 mdl_vd =    25.125116508081707     
 mdl_vu =    244.93531379348130     
 mdl_ee__exp__2 =    9.8225417905788703E-002
  Internal Params evaluated point by point
  ----------------------------------------
  
 mdl_sqrt__aS =   0.34351128074635334     
 mdl_G__exp__2 =                (1.4828317324943823,0.0000000000000000)
  Couplings of MSSM_SLHA2
  ---------------------------------
  
         GC_8 =   0.12177E+01   0.00000E+00
        GC_18 =   0.00000E+00   0.14828E+01
        GC_21 =   0.00000E+00   0.00000E+00
        GC_33 =   0.00000E+00   0.14828E+01
        GC_53 =  -0.00000E+00  -0.12177E+01
        GC_71 =  -0.00000E+00  -0.12177E+01
        GC_73 =   0.00000E+00   0.00000E+00
        GC_81 =  -0.00000E+00  -0.12177E+01
        GC_96 =   0.00000E+00   0.14828E+01
       GC_108 =  -0.00000E+00  -0.16166E+01
       GC_513 =   0.00000E+00   0.59349E+00
       GC_518 =   0.00000E+00   0.17221E+01
       GC_528 =  -0.00000E+00   0.59349E+00
       GC_533 =   0.00000E+00   0.16166E+01

 Collider parameters:
 --------------------

 Running at P P   machine @    13000.000000000000       GeV
 PDF set = lhapdf 
 alpha_s(Mz)= 0.1180 running at 3 loops.
 alpha_s(Mz)= 0.1180 running at 3 loops.
 Renormalization scale set on event-by-event basis
 Factorization   scale set on event-by-event basis


 getting user params
Enter number of events and max and min iterations: 
 Number of events and iterations         2000           8           3
Enter desired fractional accuracy: 
 Desired fractional accuracy:    1.0000000000000000E-002
Enter 0 for fixed, 2 for adjustable grid: 
Suppress amplitude (0 no, 1 yes)? 
 Using suppressed amplitude.
Exact helicity sum (0 yes, n = number/event)? 
 Explicitly summing over helicities
Enter Configuration Number: 
Running Configuration Number:  226
 Not subdividing B.W.
 Attempting mappinvarients           1           6
 Completed mapping           6
 about to integrate           10        2000           8           3          10           1
 Using non-zero grid deformation.
 10 dimensions   2000 events 10 invarients  8 iterations  1 config(s),  (0.99)
 Using h-tuple random number sequence.
 Error opening grid
 Using Uniform Grid!          24
 Using uniform alpha   1.0000000000000000     
 Grid defined OK
 Set CM energy to      13000.00
 Mapping Graph         226  to config         226
Setting grid   1    0.53254E-01   1
Setting grid   2    0.53428E-01   1
Setting grid   3    0.53602E-01   1
 Transforming s_hat 1/s            9   5.5405917159763327E-002   3600.0000000000000        168999999.99999997     
 226   1   2   3   4   5   6   7   8   9  10
 Masses: 0.489E+01 0.489E+01 0.150E+04 0.150E+04 0.489E+01 0.489E+01
Using random seed offsets   226 :      7
  with seed                   24
 Ranmar initialization seeds       31284        9404
 
 ********************************************
 * You are using the DiscreteSampler module *
 *      part of the MG5_aMC framework       *
 *         Author: Valentin Hirschi         *
 ********************************************
 
  Particle       3       4       5       6
      Et >     0.0     0.0    30.0    30.0
       E >     0.0     0.0     0.0     0.0
     Eta <    -1.0    -1.0     5.0     5.0
   xqcut:      0.0     0.0    29.6    29.6
d R # 3  >    -0.0     0.0     0.0     0.0
d R # 4  >    -0.0    -0.0     0.0     0.0
d R # 5  >    -0.0    -0.0    -0.0     0.0
s min # 3>     0.0     0.0     0.0     0.0
s min # 4>     0.0     0.0     0.0     0.0
s min # 5>     0.0     0.0     0.0   900.0
xqcutij # 3>     0.0     0.0     0.0     0.0
xqcutij # 4>     0.0     0.0     0.0     0.0
xqcutij # 5>     0.0     0.0     0.0    30.0
 alpha_s for scale    1613.4424901393354       is    8.2484164084043923E-002
 Added good helicity            1   2.3719092072108605       in event            1 local:           1
 Added good helicity            2   9.2015569496650088E-002  in event            1 local:           1
 Added good helicity            3   9.5050986339042784E-002  in event            1 local:           1
 Added good helicity            4   3.1098303538615046       in event            1 local:           1
 Added good helicity            5   8.3690933033640871       in event            1 local:           1
 Added good helicity            6  0.23038585600097591       in event            1 local:           1
 Added good helicity            7  0.24083938945362665       in event            1 local:           1
 Added good helicity            8   7.9368938117280310       in event            1 local:           1
 Added good helicity            9   1.9813101233205033       in event            1 local:           1
 Added good helicity           10   3.6429368628770907E-002  in event            1 local:           1
 Added good helicity           11   4.2896811569192707E-002  in event            1 local:           1
 Added good helicity           12   1.3577710875488613       in event            1 local:           1
 Added good helicity           13   3.0218715316048828       in event            1 local:           1
 Added good helicity           14   6.4478933631240465E-002  in event            1 local:           1
 Added good helicity           15   7.3690255981222613E-002  in event            1 local:           1
 Added good helicity           16   2.3597953569149657       in event            1 local:           1
 Added good helicity           17   7.2523628572119603E-005  in event            1 local:           1
 Added good helicity           18   1.4478642993716372E-007  in event            1 local:           1
 Added good helicity           19  0.10869352890212386       in event            1 local:           1
 Added good helicity           20   5.2852374771256617E-006  in event            1 local:           1
 Added good helicity           21   2.9894722540500760E-005  in event            1 local:           1
 Added good helicity           22   8.3795821018958343E-007  in event            1 local:           1
 Added good helicity           23   5.8186146753194069E-003  in event            1 local:           1
 Added good helicity           24   3.2076061387697615E-005  in event            1 local:           1
 Added good helicity           25   3.3006910213321858E-005  in event            1 local:           1
 Added good helicity           26   7.8717486007682549E-007  in event            1 local:           1
 Added good helicity           27   5.9735490194889381E-003  in event            1 local:           1
 Added good helicity           28   2.7621853899309228E-005  in event            1 local:           1
 Added good helicity           29   3.1385513462895966E-004  in event            1 local:           1
 Added good helicity           30   1.5260395765387376E-007  in event            1 local:           1
 Added good helicity           31  0.49532869196941726       in event            1 local:           1
 Added good helicity           32   9.1868591065733919E-006  in event            1 local:           1
 Added good helicity           33   9.1315007836914276E-006  in event            1 local:           1
 Added good helicity           34  0.49500510855110480       in event            1 local:           1
 Added good helicity           35   1.5277596838583868E-007  in event            1 local:           1
 Added good helicity           36   3.1382784172714065E-004  in event            1 local:           1
 Added good helicity           37   2.7521924094497076E-005  in event            1 local:           1
 Added good helicity           38   6.0297919326474944E-003  in event            1 local:           1
 Added good helicity           39   7.8805281999661640E-007  in event            1 local:           1
 Added good helicity           40   3.3029154928747150E-005  in event            1 local:           1
 Added good helicity           41   3.1895180911040528E-005  in event            1 local:           1
 Added good helicity           42   5.8490297653860752E-003  in event            1 local:           1
 Added good helicity           43   8.3741896969102357E-007  in event            1 local:           1
 Added good helicity           44   3.0066258212914524E-005  in event            1 local:           1
 Added good helicity           45   5.2720289650208239E-006  in event            1 local:           1
 Added good helicity           46  0.10881078138070310       in event            1 local:           1
 Added good helicity           47   1.4502268921061238E-007  in event            1 local:           1
 Added good helicity           48   7.2567762848980855E-005  in event            1 local:           1
 Added good helicity           49   2.3469213042961141       in event            1 local:           1
 Added good helicity           50   7.3678788461567724E-002  in event            1 local:           1
 Added good helicity           51   6.4523621321199223E-002  in event            1 local:           1
 Added good helicity           52   3.0411237152341202       in event            1 local:           1
 Added good helicity           53   1.3496045661955831       in event            1 local:           1
 Added good helicity           54   4.2919036822858525E-002  in event            1 local:           1
 Added good helicity           55   3.6471035853678148E-002  in event            1 local:           1
 Added good helicity           56   2.0007470569344781       in event            1 local:           1
 Added good helicity           57   7.8972959582843361       in event            1 local:           1
 Added good helicity           58  0.24061765279482930       in event            1 local:           1
 Added good helicity           59  0.23042673952319079       in event            1 local:           1
 Added good helicity           60   8.3816917016575285       in event            1 local:           1
 Added good helicity           61   3.0917198903566758       in event            1 local:           1
 Added good helicity           62   9.5026153499115057E-002  in event            1 local:           1
 Added good helicity           63   9.2072883833285726E-002  in event            1 local:           1
 Added good helicity           64   2.3983382442266290       in event            1 local:           1
 Added good helicity            1   2.3719092072108570       in event            1 local:           1
 Added good helicity            2   9.2015569496650101E-002  in event            1 local:           1
 Added good helicity            3   9.5050986339042784E-002  in event            1 local:           1
 Added good helicity            4   3.1098303538615051       in event            1 local:           1
 Added good helicity            5   8.3690933033640960       in event            1 local:           1
 Added good helicity            6  0.23038585600097611       in event            1 local:           1
 Added good helicity            7  0.24083938945362685       in event            1 local:           1
 Added good helicity            8   7.9368938117280283       in event            1 local:           1
 Added good helicity            9   1.9813101233205028       in event            1 local:           1
 Added good helicity           10   3.6429368628770921E-002  in event            1 local:           1
 Added good helicity           11   4.2896811569192721E-002  in event            1 local:           1
 Added good helicity           12   1.3577710875488607       in event            1 local:           1
 Added good helicity           13   3.0218715316048854       in event            1 local:           1
 Added good helicity           14   6.4478933631240562E-002  in event            1 local:           1
 Added good helicity           15   7.3690255981222641E-002  in event            1 local:           1
 Added good helicity           16   2.3597953569149661       in event            1 local:           1
 Added good helicity           17   7.2523628572119725E-005  in event            1 local:           1
 Added good helicity           18   1.4478642993716385E-007  in event            1 local:           1
 Added good helicity           19  0.10869352890212389       in event            1 local:           1
 Added good helicity           20   5.2852374771256541E-006  in event            1 local:           1
 Added good helicity           21   2.9894722540500737E-005  in event            1 local:           1
 Added good helicity           22   8.3795821018958449E-007  in event            1 local:           1
 Added good helicity           23   5.8186146753194173E-003  in event            1 local:           1
 Added good helicity           24   3.2076061387697655E-005  in event            1 local:           1
 Added good helicity           25   3.3006910213321885E-005  in event            1 local:           1
 Added good helicity           26   7.8717486007682655E-007  in event            1 local:           1
 Added good helicity           27   5.9735490194889416E-003  in event            1 local:           1
 Added good helicity           28   2.7621853899309221E-005  in event            1 local:           1
 Added good helicity           29   3.1385513462896036E-004  in event            1 local:           1
 Added good helicity           30   1.5260395765387403E-007  in event            1 local:           1
 Added good helicity           31  0.49532869196941726       in event            1 local:           1
 Added good helicity           32   9.1868591065733953E-006  in event            1 local:           1
 Added good helicity           33   9.1315007836914141E-006  in event            1 local:           1
 Added good helicity           34  0.49500510855110502       in event            1 local:           1
 Added good helicity           35   1.5277596838583881E-007  in event            1 local:           1
 Added good helicity           36   3.1382784172714103E-004  in event            1 local:           1
 Added good helicity           37   2.7521924094497063E-005  in event            1 local:           1
 Added good helicity           38   6.0297919326474927E-003  in event            1 local:           1
 Added good helicity           39   7.8805281999661672E-007  in event            1 local:           1
 Added good helicity           40   3.3029154928747191E-005  in event            1 local:           1
 Added good helicity           41   3.1895180911040535E-005  in event            1 local:           1
 Added good helicity           42   5.8490297653860856E-003  in event            1 local:           1
 Added good helicity           43   8.3741896969102420E-007  in event            1 local:           1
 Added good helicity           44   3.0066258212914507E-005  in event            1 local:           1
 Added good helicity           45   5.2720289650208264E-006  in event            1 local:           1
 Added good helicity           46  0.10881078138070313       in event            1 local:           1
 Added good helicity           47   1.4502268921061254E-007  in event            1 local:           1
 Added good helicity           48   7.2567762848981031E-005  in event            1 local:           1
 Added good helicity           49   2.3469213042961159       in event            1 local:           1
 Added good helicity           50   7.3678788461567821E-002  in event            1 local:           1
 Added good helicity           51   6.4523621321199223E-002  in event            1 local:           1
 Added good helicity           52   3.0411237152341255       in event            1 local:           1
 Added good helicity           53   1.3496045661955829       in event            1 local:           1
 Added good helicity           54   4.2919036822858581E-002  in event            1 local:           1
 Added good helicity           55   3.6471035853678155E-002  in event            1 local:           1
 Added good helicity           56   2.0007470569344745       in event            1 local:           1
 Added good helicity           57   7.8972959582843325       in event            1 local:           1
 Added good helicity           58  0.24061765279482966       in event            1 local:           1
 Added good helicity           59  0.23042673952319101       in event            1 local:           1
 Added good helicity           60   8.3816917016575285       in event            1 local:           1
 Added good helicity           61   3.0917198903566727       in event            1 local:           1
 Added good helicity           62   9.5026153499115196E-002  in event            1 local:           1
 Added good helicity           63   9.2072883833285740E-002  in event            1 local:           1
 Added good helicity           64   2.3983382442266290       in event            1 local:           1
 RESET CUMULATIVE VARIABLE
 RESET CUMULATIVE VARIABLE
 RESET CUMULATIVE VARIABLE
 Iteration  1   Mean: 0.4602E-14 Abs mean: 0.4602E-14   Fluctuation:  0.552E-15   0.480E-12    63.1%
  1    0.4602E-14 0.4602E-14 +- 0.5522E-15      5.37
 Writing out events   4.5603123055297908E-019   5.3664739697215875     
 Relative summed weights:
  0.0000E+00  0.0000E+00  0.2403E+00  0.2312E+00  0.0000E+00  0.0000E+00
  0.0000E+00  0.0000E+00  0.2381E+00  0.2905E+00  0.0000E+00  0.0000E+00
 Relative number of events:
  0.0000E+00  0.0000E+00  0.2612E+00  0.2373E+00  0.0000E+00  0.0000E+00
  0.0000E+00  0.0000E+00  0.2373E+00  0.2642E+00  0.0000E+00  0.0000E+00
 Events:
           0           0         526         478           0           0
           0           0         478         532           0           0
 Iteration  2   Mean: 0.4617E-14 Abs mean: 0.4617E-14   Fluctuation:  0.200E-15   0.184E-12    80.1%
  2    0.4617E-14 0.4617E-14 +- 0.1996E-15      2.73
 Relative summed weights:
  0.0000E+00  0.0000E+00  0.2787E+00  0.2119E+00  0.0000E+00  0.0000E+00
  0.0000E+00  0.0000E+00  0.2643E+00  0.2451E+00  0.0000E+00  0.0000E+00
 Relative number of events:
  0.0000E+00  0.0000E+00  0.2562E+00  0.2457E+00  0.0000E+00  0.0000E+00
  0.0000E+00  0.0000E+00  0.2542E+00  0.2437E+00  0.0000E+00  0.0000E+00
 Events:
           0           0        1025         983           0           0
           0           0        1017         975           0           0
 Iteration  3   Mean: 0.4327E-14 Abs mean: 0.4327E-14   Fluctuation:  0.988E-16   0.234E-12    84.2%
  3    0.4327E-14 0.4327E-14 +- 0.9885E-16      2.04
 Relative summed weights:
  0.0000E+00  0.0000E+00  0.2589E+00  0.2375E+00  0.0000E+00  0.0000E+00
  0.0000E+00  0.0000E+00  0.2475E+00  0.2562E+00  0.0000E+00  0.0000E+00
 Relative number of events:
  0.0000E+00  0.0000E+00  0.2537E+00  0.2539E+00  0.0000E+00  0.0000E+00
  0.0000E+00  0.0000E+00  0.2377E+00  0.2546E+00  0.0000E+00  0.0000E+00
 Events:
           0           0        2030        2031           0           0
           0           0        1902        2037           0           0
 Accuracy:    0.020   0.010   0.020   0.990
 Found          850  events.
 Wrote          486  events.
 Actual xsec    4.3960089602991735E-015
Thanks for using LHAPDF 6.2.1. Please make sure to cite the paper:
  Eur.Phys.J. C75 (2015) 3, 132  (http://arxiv.org/abs/1412.7420)
 Correct abs xsec    4.3960089602991735E-015
 Event xsec    4.3960089602991696E-015
 Events wgts > 1:           10
 % Cross section > 1:    4.1281553896495211E-017  0.93906892068040282     
 Iteration  4   Mean: 0.4322E-14 Abs mean: 0.4322E-14   Fluctuation:  0.531E-16   0.802E-13    87.1%
  4    0.4322E-14 0.4322E-14 +- 0.5312E-16      1.55
 Relative summed weights:
  0.0000E+00  0.0000E+00  0.2569E+00  0.2475E+00  0.0000E+00  0.0000E+00
  0.0000E+00  0.0000E+00  0.2488E+00  0.2467E+00  0.0000E+00  0.0000E+00
 Relative number of events:
  0.0000E+00  0.0000E+00  0.2577E+00  0.2449E+00  0.0000E+00  0.0000E+00
  0.0000E+00  0.0000E+00  0.2516E+00  0.2458E+00  0.0000E+00  0.0000E+00
 Events:
           0           0        4123        3918           0           0
           0           0        4026        3933           0           0
 Accuracy:    0.010   0.010   0.010   0.851
 Finished due to accuracy    9.6481336351124589E-003   1.0000000000000000E-002

 -------------------------------------------------------------------------------
 Accumulated results:   Integral =  0.4343E-14
                        Std dev  =  0.4542E-16
                       Cross sec =  0.4343E-14
             Chi**2 per DoF.     =      0.8510
 -------------------------------------------------------------------------------
 Found         1873  events.
 Wrote         1869  events.
 Actual xsec    4.3406815797482389E-015
 Correct abs xsec    4.3406815797482389E-015
 Event xsec    4.3406815797482751E-015
 Events wgts > 1:           63
 % Cross section > 1:    3.0415222737203147E-017  0.70070154141476992     
-------------------------------------------------
---------------------------
 Results Last   3 iters: Integral =   0.4341E-14
                     Abs integral =   0.4341E-14
                          Std dev =   0.4557E-16
                  Chi**2 per DoF. =      1.0275
-------------------------------------------------
---------------------------
 Status   1.0000000000000000E-002           5           8

ls status:
events.lhe
ftn26
input_app.txt
results.dat
run1_app.log
