==== LHAPDF6 USING DEFAULT-TYPE LHAGLUE INTERFACE ====
LHAPDF 6.2.1 loading /cvmfs/cms.cern.ch/slc7_amd64_gcc700/external/lhapdf/6.2.1-pafccj3/share/LHAPDF/NNPDF31_nnlo_as_0118_mc_hessian_pdfas/NNPDF31_nnlo_as_0118_mc_hessian_pdfas_0000.dat
NNPDF31_nnlo_as_0118_mc_hessian_pdfas PDF set, member #0, version 1; LHAPDF ID = 325300
 Process in group number            3
 A PDF is used, so alpha_s(MZ) is going to be modified
 Old value of alpha_s from param_card:   0.11799999999999999     
 New value of alpha_s from PDF lhapdf :  0.11800208008122040     
 using LHAPDF
 Warning! ptj set to xqcut=   30.000000000000000       to improve integration efficiency
 Note that this might affect non-radiated jets,
 e.g. from decays. Use cut_decays=F in run_card.
 Warning! mmjj set to xqcut=   30.000000000000000       to improve integration efficiency
 Note that this might affect non-radiated jets,
 e.g. from decays. Use cut_decays=F in run_card.
 Define smin to   3600.0000000000000     
 Define smin to   3600.0000000000000     
 Define smin to   3600.0000000000000     
 *****************************************************
 *               MadGraph/MadEvent                   *
 *        --------------------------------           *
 *          http://madgraph.hep.uiuc.edu             *
 *          http://madgraph.phys.ucl.ac.be           *
 *          http://madgraph.roma2.infn.it            *
 *        --------------------------------           *
 *                                                   *
 *          PARAMETER AND COUPLING VALUES            *
 *                                                   *
 *****************************************************

  External Params
  ---------------------------------
  
 mdl_RRd1x1 =    1.0000000000000000     
 mdl_RRd2x2 =    1.0000000000000000     
 mdl_RRd3x3 =   0.93873790000000001     
 mdl_RRd3x6 =   0.34463189999999999     
 mdl_RRd4x4 =    1.0000000000000000     
 mdl_RRd5x5 =    1.0000000000000000     
 mdl_RRd6x3 =  -0.34463189999999999     
 mdl_RRd6x6 =   0.93873790000000001     
 mdl_alp =  -0.11382520000000000     
 mdl_RMUH =    357.68099999999998     
 mdl_tb =    9.7486239999999995     
 mdl_MA2 =    166439.10000000001     
 mdl_RmD21x1 =    273684.70000000001     
 mdl_RmD23x3 =    270262.00000000000     
 mdl_RmE21x1 =    18630.630000000001     
 mdl_RmE23x3 =    17967.639999999999     
 mdl_RmL21x1 =    38155.669999999998     
 mdl_RmL23x3 =    37828.680000000000     
 mdl_RMx1 =    101.39650000000000     
 mdl_RMx2 =    191.50420000000000     
 mdl_RMx3 =    588.26300000000003     
 mdl_mHd2 =    32337.490000000002     
 mdl_mHu2 =   -128800.10000000001     
 mdl_RmQ21x1 =    299836.70000000001     
 mdl_RmQ23x3 =    248765.39999999999     
 mdl_RmU21x1 =    280382.09999999998     
 mdl_RmU23x3 =    179137.10000000001     
 mdl_RNN1x1 =   0.98636440000000003     
 mdl_RNN1x2 =   -5.3110360000000002E-002
 mdl_RNN1x3 =   0.14643400000000001     
 mdl_RNN1x4 =   -5.3118609999999997E-002
 mdl_RNN2x1 =    9.9350540000000001E-002
 mdl_RNN2x2 =   0.94494929999999999     
 mdl_RNN2x3 =  -0.26984669999999999     
 mdl_RNN2x4 =   0.15615070000000000     
 mdl_RNN3x1 =   -6.0338799999999998E-002
 mdl_RNN3x2 =    8.7700490000000006E-002
 mdl_RNN3x3 =   0.69587750000000004     
 mdl_RNN3x4 =   0.71022700000000005     
 mdl_RNN4x1 =  -0.11650710000000000     
 mdl_RNN4x2 =   0.31073899999999999     
 mdl_RNN4x3 =   0.64922599999999997     
 mdl_RNN4x4 =  -0.68437780000000004     
 mdl_RRl1x1 =    1.0000000000000000     
 mdl_RRl2x2 =    1.0000000000000000     
 mdl_RRl3x3 =   0.28248719999999999     
 mdl_RRl3x6 =   0.95927110000000004     
 mdl_RRl4x4 =    1.0000000000000000     
 mdl_RRl5x5 =    1.0000000000000000     
 mdl_RRl6x3 =   0.95927110000000004     
 mdl_RRl6x6 =  -0.28248719999999999     
 aEWM1 =    127.93400000000000     
 aS =   0.11799999999999999     
 mdl_RRn1x1 =    1.0000000000000000     
 mdl_RRn2x2 =    1.0000000000000000     
 mdl_RRn3x3 =    1.0000000000000000     
 mdl_Rtd3x3 =   -110.69370000000001     
 mdl_Rte3x3 =   -25.401969999999999     
 mdl_Rtu3x3 =   -444.75250000000000     
 mdl_RUU1x1 =   0.91683490000000001     
 mdl_RUU1x2 =  -0.39926660000000003     
 mdl_RUU2x1 =   0.39926660000000003     
 mdl_RUU2x2 =   0.91683490000000001     
 mdl_RMNS1x1 =    1.0000000000000000     
 mdl_RMNS2x2 =    1.0000000000000000     
 mdl_RMNS3x3 =    1.0000000000000000     
 mdl_RRu1x1 =    1.0000000000000000     
 mdl_RRu2x2 =    1.0000000000000000     
 mdl_RRu3x3 =   0.55364500000000005     
 mdl_RRu3x6 =   0.83275279999999996     
 mdl_RRu4x4 =    1.0000000000000000     
 mdl_RRu5x5 =    1.0000000000000000     
 mdl_RRu6x3 =   0.83275279999999996     
 mdl_RRu6x6 =  -0.55364500000000005     
 mdl_RCKM1x1 =    1.0000000000000000     
 mdl_RCKM2x2 =    1.0000000000000000     
 mdl_RCKM3x3 =    1.0000000000000000     
 mdl_RVV1x1 =   0.97255780000000003     
 mdl_RVV1x2 =  -0.23266120000000001     
 mdl_RVV2x1 =   0.23266120000000001     
 mdl_RVV2x2 =   0.97255780000000003     
 mdl_Ryd3x3 =   0.13884020000000000     
 mdl_Rye3x3 =   0.10089080000000000     
 mdl_Ryu3x3 =   0.89284450000000004     
 mdl_MZ =    91.187600000000003     
 mdl_MW =    79.829009999999997     
 mdl_Mneu1 =    100000.00000000000     
 mdl_Mneu2 =    100000.00000000000     
 mdl_Mneu3 =    100000.00000000000     
 mdl_Mneu4 =    100000.00000000000     
 mdl_Mch1 =    100000.00000000000     
 mdl_Mch2 =    100000.00000000000     
 mdl_Mgo =    1500.0000000000000     
 mdl_MH01 =    110.89910000000000     
 mdl_MH02 =    399.96010000000001     
 mdl_MA0 =    399.58390000000003     
 mdl_MH =    407.87900000000002     
 mdl_Mta =    1.7769999999999999     
 mdl_MT =    175.00000000000000     
 mdl_MB =    4.8899169999999996     
 mdl_Msn1 =    100000.00000000000     
 mdl_Msn3 =    100000.00000000000     
 mdl_Msl1 =    100000.00000000000     
 mdl_Msl3 =    100000.00000000000     
 mdl_Msl4 =    100000.00000000000     
 mdl_Msl6 =    100000.00000000000     
 mdl_Msu1 =    100000.00000000000     
 mdl_Msu3 =    100000.00000000000     
 mdl_Msu4 =    100000.00000000000     
 mdl_Msu6 =    100000.00000000000     
 mdl_Msd1 =    100000.00000000000     
 mdl_Msd3 =    100000.00000000000     
 mdl_Msd4 =    100000.00000000000     
 mdl_Msd6 =    100000.00000000000     
 mdl_WZ =    2.4114330000000002     
 mdl_WW =    2.0028220000000001     
 mdl_Wneu2 =    2.0777000000000000E-002
 mdl_Wneu3 =    1.9159850000000000     
 mdl_Wneu4 =    2.5858509999999999     
 mdl_Wch1 =    1.7041450000000000E-002
 mdl_Wch2 =    2.4868950000000001     
 mdl_Wgo =    5.5067539999999999     
 mdl_WH01 =    1.9861079999999999E-003
 mdl_WH02 =   0.57480140000000002     
 mdl_WA0 =   0.63217849999999998     
 mdl_WH =   0.54696279999999997     
 mdl_WT =    1.5619499999999999     
 mdl_Wsn1 =   0.14988160000000000     
 mdl_Wsn2 =   0.14988160000000000     
 mdl_Wsn3 =   0.14751900000000001     
 mdl_Wsl1 =   0.21368219999999999     
 mdl_Wsl2 =   0.21368219999999999     
 mdl_Wsl3 =   0.14832730000000000     
 mdl_Wsl4 =   0.21612160000000000     
 mdl_Wsl5 =   0.21612160000000000     
 mdl_Wsl6 =   0.26990609999999998     
 mdl_Wsu1 =    5.4771950000000000     
 mdl_Wsu2 =    5.4771950000000000     
 mdl_Wsu3 =    2.0215960000000002     
 mdl_Wsu4 =    1.1529730000000000     
 mdl_Wsu5 =    1.1529730000000000     
 mdl_Wsu6 =    7.3731330000000002     
 mdl_Wsd1 =    5.3127880000000003     
 mdl_Wsd2 =    5.3127880000000003     
 mdl_Wsd3 =    3.7362760000000002     
 mdl_Wsd4 =   0.28581230000000002     
 mdl_Wsd5 =   0.28581230000000002     
 mdl_Wsd6 =   0.80156629999999995     
  Internal Params
  ---------------------------------
  
 mdl_Msu5 =    100000.00000000000     
 mdl_Msu2 =    100000.00000000000     
 mdl_RmD22x2 =    273684.70000000001     
 mdl_Msl2 =    100000.00000000000     
 mdl_Msl5 =    100000.00000000000     
 mdl_RmL22x2 =    38155.669999999998     
 mdl_Msd2 =    100000.00000000000     
 mdl_RmQ22x2 =    299836.70000000001     
 mdl_Msd5 =    100000.00000000000     
 mdl_RmU22x2 =    280382.09999999998     
 mdl_Msn2 =    100000.00000000000     
 mdl_RmE22x2 =    18630.630000000001     
 mdl_conjg__CKM3x3 =    1.0000000000000000     
 mdl_I5x11 =    1.0000000000000000     
 mdl_I97x11 =    1.0000000000000000     
 mdl_I43x22 =    1.0000000000000000     
 mdl_I51x11 =    1.0000000000000000     
 mdl_I75x55 =    1.0000000000000000     
 mdl_I92x22 =    1.0000000000000000     
 mdl_I96x11 =    1.0000000000000000     
 mdl_I93x22 =    1.0000000000000000     
 mdl_conjg__Rn3x3 =    1.0000000000000000     
 mdl_I45x11 =    1.0000000000000000     
 mdl_I75x44 =    1.0000000000000000     
 mdl_I25x22 =    1.0000000000000000     
 mdl_I52x44 =    1.0000000000000000     
 mdl_conjg__Ru1x1 =    1.0000000000000000     
 mdl_I32x44 =    1.0000000000000000     
 mdl_conjg__Ru4x4 =    1.0000000000000000     
 mdl_I6x44 =    1.0000000000000000     
 mdl_I53x11 =    1.0000000000000000     
 mdl_conjg__Rd5x5 =    1.0000000000000000     
 mdl_conjg__Rl1x1 =    1.0000000000000000     
 mdl_I5x22 =    1.0000000000000000     
 mdl_I101x55 =    1.0000000000000000     
 mdl_I52x55 =    1.0000000000000000     
 mdl_I26x44 =    1.0000000000000000     
 mdl_conjg__Ru2x2 =    1.0000000000000000     
 mdl_I26x55 =    1.0000000000000000     
 mdl_I96x22 =    1.0000000000000000     
 mdl_I13x44 =    1.0000000000000000     
 mdl_I51x22 =    1.0000000000000000     
 mdl_I89x11 =    1.0000000000000000     
 mdl_I98x11 =    1.0000000000000000     
 mdl_I100x55 =    1.0000000000000000     
 mdl_Ru5x5 =    1.0000000000000000     
 mdl_Rl1x1 =    1.0000000000000000     
 mdl_conjg__Rl4x4 =    1.0000000000000000     
 mdl_Ru2x2 =    1.0000000000000000     
 mdl_Ru4x4 =    1.0000000000000000     
 mdl_conjg__Rd4x4 =    1.0000000000000000     
 mdl_Rd1x1 =    1.0000000000000000     
 mdl_I7x22 =    1.0000000000000000     
 mdl_I25x11 =    1.0000000000000000     
 mdl_I6x55 =    1.0000000000000000     
 mdl_CKM3x3 =    1.0000000000000000     
 mdl_Rn3x3 =    1.0000000000000000     
 mdl_conjg__Rd1x1 =    1.0000000000000000     
 mdl_I85x22 =    1.0000000000000000     
 mdl_conjg__Rn2x2 =    1.0000000000000000     
 mdl_I39x11 =    1.0000000000000000     
 mdl_I102x55 =    1.0000000000000000     
 mdl_atan__tb =    1.4685752826790794     
 mdl_beta =    1.4685752826790794     
 mdl_cw =   0.87543712083660485     
 mdl_mD21x1 =                (273684.70000000001,0.0000000000000000)
 mdl_mD22x2 =                (273684.70000000001,0.0000000000000000)
 mdl_mD23x3 =                (270262.00000000000,0.0000000000000000)
 mdl_mE21x1 =                (18630.630000000001,0.0000000000000000)
 mdl_mE22x2 =                (18630.630000000001,0.0000000000000000)
 mdl_mE23x3 =                (17967.639999999999,0.0000000000000000)
 mdl_mL21x1 =                (38155.669999999998,0.0000000000000000)
 mdl_mL22x2 =                (38155.669999999998,0.0000000000000000)
 mdl_mL23x3 =                (37828.680000000000,0.0000000000000000)
 mdl_mQ21x1 =                (299836.70000000001,0.0000000000000000)
 mdl_mQ22x2 =                (299836.70000000001,0.0000000000000000)
 mdl_mQ23x3 =                (248765.39999999999,0.0000000000000000)
 mdl_mU21x1 =                (280382.09999999998,0.0000000000000000)
 mdl_mU22x2 =                (280382.09999999998,0.0000000000000000)
 mdl_mU23x3 =                (179137.10000000001,0.0000000000000000)
 mdl_MUH =                (357.68099999999998,0.0000000000000000)
 mdl_Mx1 =                (101.39650000000000,0.0000000000000000)
 mdl_Mx2 =                (191.50420000000000,0.0000000000000000)
 mdl_Mx3 =                (588.26300000000003,0.0000000000000000)
 mdl_NN1x1 =               (0.98636440000000003,0.0000000000000000)
 mdl_NN1x2 =         (-5.31103600000000023E-002,0.0000000000000000)
 mdl_NN1x3 =               (0.14643400000000001,0.0000000000000000)
 mdl_NN1x4 =         (-5.31186099999999967E-002,0.0000000000000000)
 mdl_NN2x1 =          (9.93505400000000011E-002,0.0000000000000000)
 mdl_NN2x2 =               (0.94494929999999999,0.0000000000000000)
 mdl_NN2x3 =              (-0.26984669999999999,0.0000000000000000)
 mdl_NN2x4 =               (0.15615070000000000,0.0000000000000000)
 mdl_NN3x1 =         (-6.03387999999999980E-002,0.0000000000000000)
 mdl_NN3x2 =          (8.77004900000000059E-002,0.0000000000000000)
 mdl_NN3x3 =               (0.69587750000000004,0.0000000000000000)
 mdl_NN3x4 =               (0.71022700000000005,0.0000000000000000)
 mdl_NN4x1 =              (-0.11650710000000000,0.0000000000000000)
 mdl_NN4x2 =               (0.31073899999999999,0.0000000000000000)
 mdl_NN4x3 =               (0.64922599999999997,0.0000000000000000)
 mdl_NN4x4 =              (-0.68437780000000004,0.0000000000000000)
 mdl_Rd3x3 =               (0.93873790000000001,0.0000000000000000)
 mdl_Rd3x6 =               (0.34463189999999999,0.0000000000000000)
 mdl_Rd6x3 =              (-0.34463189999999999,0.0000000000000000)
 mdl_Rd6x6 =               (0.93873790000000001,0.0000000000000000)
 mdl_Rl3x3 =               (0.28248719999999999,0.0000000000000000)
 mdl_Rl3x6 =               (0.95927110000000004,0.0000000000000000)
 mdl_Rl6x3 =               (0.95927110000000004,0.0000000000000000)
 mdl_Rl6x6 =              (-0.28248719999999999,0.0000000000000000)
 mdl_Ru3x3 =               (0.55364500000000005,0.0000000000000000)
 mdl_Ru3x6 =               (0.83275279999999996,0.0000000000000000)
 mdl_Ru6x3 =               (0.83275279999999996,0.0000000000000000)
 mdl_Ru6x6 =              (-0.55364500000000005,0.0000000000000000)
 mdl_UU1x1 =               (0.91683490000000001,0.0000000000000000)
 mdl_UU1x2 =              (-0.39926660000000003,0.0000000000000000)
 mdl_UU2x1 =               (0.39926660000000003,0.0000000000000000)
 mdl_UU2x2 =               (0.91683490000000001,0.0000000000000000)
 mdl_VV1x1 =               (0.97255780000000003,0.0000000000000000)
 mdl_VV1x2 =              (-0.23266120000000001,0.0000000000000000)
 mdl_VV2x1 =               (0.23266120000000001,0.0000000000000000)
 mdl_VV2x2 =               (0.97255780000000003,0.0000000000000000)
 mdl_td3x3 =               (-110.69370000000001,0.0000000000000000)
 mdl_te3x3 =               (-25.401969999999999,0.0000000000000000)
 mdl_tu3x3 =               (-444.75250000000000,0.0000000000000000)
 mdl_yd3x3 =               (0.13884020000000000,0.0000000000000000)
 mdl_ye3x3 =               (0.10089080000000000,0.0000000000000000)
 mdl_yu3x3 =               (0.89284450000000004,0.0000000000000000)
 mdl_MZ__exp__2 =    8315.1783937600012     
 mdl_bb =                (15860.964102273132,0.0000000000000000)
 mdl_cw__exp__2 =   0.76639015253868426     
 mdl_sw =   0.48333202610763931     
 mdl_cos__beta =   0.10204311673550755     
 mdl_sin__beta =   0.99477997684256969     
 mdl_conjg__yu3x3 =              (0.89284450000000004,-0.0000000000000000)
 mdl_I1x33 =               (0.89284450000000004,0.0000000000000000)
 mdl_conjg__yd3x3 =              (0.13884020000000000,-0.0000000000000000)
 mdl_I10x33 =               (0.13033455778358000,0.0000000000000000)
 mdl_I10x36 =         (-4.78487619223799954E-002,0.0000000000000000)
 mdl_conjg__Rd3x6 =              (0.34463189999999999,-0.0000000000000000)
 mdl_I100x33 =               (0.11877114649760999,0.0000000000000000)
 mdl_I100x36 =               (0.32351902607901001,0.0000000000000000)
 mdl_conjg__Rd6x6 =              (0.93873790000000001,-0.0000000000000000)
 mdl_I100x63 =               (0.32351902607901001,0.0000000000000000)
 mdl_I100x66 =               (0.88122884489641007,0.0000000000000000)
 mdl_conjg__Rl3x6 =              (0.95927110000000004,-0.0000000000000000)
 mdl_I101x33 =               (0.92020104329521013,0.0000000000000000)
 mdl_I101x36 =              (-0.27098180707992003,0.0000000000000000)
 mdl_conjg__Rl6x6 =             (-0.28248719999999999,-0.0000000000000000)
 mdl_I101x63 =             (-0.27098180707992003,-0.0000000000000000)
 mdl_I101x66 =          (7.97990181638399965E-002,0.0000000000000000)
 mdl_conjg__Ru3x6 =              (0.83275279999999996,-0.0000000000000000)
 mdl_I102x33 =               (0.69347722590783989,0.0000000000000000)
 mdl_I102x36 =              (-0.46104942395600002,0.0000000000000000)
 mdl_conjg__Ru6x6 =             (-0.55364500000000005,-0.0000000000000000)
 mdl_I102x63 =             (-0.46104942395600002,-0.0000000000000000)
 mdl_I102x66 =               (0.30652278602500005,0.0000000000000000)
 mdl_I11x33 =          (4.78487619223799954E-002,0.0000000000000000)
 mdl_I11x36 =               (0.13033455778358000,0.0000000000000000)
 mdl_conjg__Rd3x3 =              (0.93873790000000001,-0.0000000000000000)
 mdl_I12x33 =               (0.88122884489641007,0.0000000000000000)
 mdl_I12x36 =              (-0.32351902607901001,0.0000000000000000)
 mdl_conjg__Rd6x3 =             (-0.34463189999999999,-0.0000000000000000)
 mdl_I12x63 =             (-0.32351902607901001,-0.0000000000000000)
 mdl_I12x66 =               (0.11877114649760999,0.0000000000000000)
 mdl_I13x33 =               (0.11877114649760999,0.0000000000000000)
 mdl_I13x36 =               (0.32351902607901001,0.0000000000000000)
 mdl_I13x63 =               (0.32351902607901001,0.0000000000000000)
 mdl_I13x66 =               (0.88122884489641007,0.0000000000000000)
 mdl_conjg__td3x3 =              (-110.69370000000001,-0.0000000000000000)
 mdl_I14x33 =              (-35.811518017082115,-0.0000000000000000)
 mdl_I14x36 =                (13.147217659062491,0.0000000000000000)
 mdl_I14x63 =              (-97.546481388309758,-0.0000000000000000)
 mdl_I14x66 =                (35.811518017082115,0.0000000000000000)
 mdl_I15x33 =          (4.49174462846149633E-002,0.0000000000000000)
 mdl_I15x36 =         (-1.64902097339574699E-002,0.0000000000000000)
 mdl_I15x63 =               (0.12234998907118655,0.0000000000000000)
 mdl_I15x66 =         (-4.49174462846149633E-002,0.0000000000000000)
 mdl_I16x33 =               (-35.811518017082115,0.0000000000000000)
 mdl_I16x36 =               (-97.546481388309758,0.0000000000000000)
 mdl_I16x63 =                (13.147217659062493,0.0000000000000000)
 mdl_I16x66 =                (35.811518017082115,0.0000000000000000)
 mdl_I17x33 =          (1.69870969526413514E-002,0.0000000000000000)
 mdl_I17x36 =         (-6.23634722564519843E-003,0.0000000000000000)
 mdl_I17x63 =         (-6.23634722564519843E-003,0.0000000000000000)
 mdl_I17x66 =          (2.28950401750460187E-003,0.0000000000000000)
 mdl_I18x33 =          (4.49174462846149633E-002,0.0000000000000000)
 mdl_I18x36 =               (0.12234998907118654,0.0000000000000000)
 mdl_I18x63 =        (-1.64902097339574699E-002,-0.0000000000000000)
 mdl_I18x66 =        (-4.49174462846149633E-002,-0.0000000000000000)
 mdl_I19x33 =          (2.28950401750460187E-003,0.0000000000000000)
 mdl_I19x36 =          (6.23634722564519843E-003,0.0000000000000000)
 mdl_I19x63 =          (6.23634722564519843E-003,0.0000000000000000)
 mdl_I19x66 =          (1.69870969526413514E-002,0.0000000000000000)
 mdl_I2x33 =               (0.13884020000000000,0.0000000000000000)
 mdl_I20x33 =               (0.13884020000000000,0.0000000000000000)
 mdl_I21x33 =               (0.89284450000000004,0.0000000000000000)
 mdl_conjg__ye3x3 =              (0.10089080000000000,-0.0000000000000000)
 mdl_I22x33 =              (0.10089080000000000,-0.0000000000000000)
 mdl_I23x33 =         (9.67816286958800009E-002,-0.0000000000000000)
 mdl_I23x36 =         (-2.85003595977600006E-002,0.0000000000000000)
 mdl_conjg__Rl3x3 =              (0.28248719999999999,-0.0000000000000000)
 mdl_I24x33 =          (2.85003595977600006E-002,0.0000000000000000)
 mdl_conjg__Rl6x3 =              (0.95927110000000004,-0.0000000000000000)
 mdl_I24x36 =          (9.67816286958800009E-002,0.0000000000000000)
 mdl_I25x33 =          (7.97990181638399965E-002,0.0000000000000000)
 mdl_I25x36 =               (0.27098180707992003,0.0000000000000000)
 mdl_I25x63 =               (0.27098180707992003,0.0000000000000000)
 mdl_I25x66 =               (0.92020104329521013,0.0000000000000000)
 mdl_I26x33 =               (0.92020104329521013,0.0000000000000000)
 mdl_I26x36 =              (-0.27098180707992003,0.0000000000000000)
 mdl_I26x63 =             (-0.27098180707992003,-0.0000000000000000)
 mdl_I26x66 =          (7.97990181638399965E-002,0.0000000000000000)
 mdl_I27x33 =          (2.85003595977600006E-002,0.0000000000000000)
 mdl_I27x36 =          (9.67816286958800009E-002,0.0000000000000000)
 mdl_I28x33 =          (9.67816286958800009E-002,0.0000000000000000)
 mdl_I28x36 =         (-2.85003595977600006E-002,0.0000000000000000)
 mdl_I29x33 =               (0.28248719999999999,0.0000000000000000)
 mdl_I29x36 =               (0.95927110000000004,0.0000000000000000)
 mdl_I3x33 =         (4.78487619223799954E-002,-0.0000000000000000)
 mdl_I3x36 =              (0.13033455778358000,-0.0000000000000000)
 mdl_I30x33 =          (9.67816286958800009E-002,0.0000000000000000)
 mdl_I30x36 =         (-2.85003595977600006E-002,0.0000000000000000)
 mdl_I31x33 =          (7.97990181638399965E-002,0.0000000000000000)
 mdl_I31x36 =               (0.27098180707992003,0.0000000000000000)
 mdl_I31x63 =               (0.27098180707992003,0.0000000000000000)
 mdl_I31x66 =               (0.92020104329521013,0.0000000000000000)
 mdl_I32x33 =               (0.92020104329521013,0.0000000000000000)
 mdl_I32x36 =              (-0.27098180707992003,0.0000000000000000)
 mdl_I32x63 =             (-0.27098180707992003,-0.0000000000000000)
 mdl_I32x66 =          (7.97990181638399965E-002,0.0000000000000000)
 mdl_conjg__te3x3 =              (-25.401969999999999,-0.0000000000000000)
 mdl_I33x33 =              (-6.8834717339899161,-0.0000000000000000)
 mdl_I33x36 =              (-23.374919295753628,-0.0000000000000000)
 mdl_I33x63 =                (2.0270522654273186,0.0000000000000000)
 mdl_I33x66 =                (6.8834717339899161,0.0000000000000000)
 mdl_I34x33 =          (2.73395713017387972E-002,0.0000000000000000)
 mdl_I34x36 =          (9.28398194188883863E-002,0.0000000000000000)
 mdl_I34x63 =         (-8.05098678176434900E-003,0.0000000000000000)
 mdl_I34x66 =         (-2.73395713017387972E-002,0.0000000000000000)
 mdl_I35x33 =               (-6.8834717339899152,0.0000000000000000)
 mdl_I35x36 =               (2.0270522654273186,-0.0000000000000000)
 mdl_I35x63 =               (-23.374919295753628,0.0000000000000000)
 mdl_I35x66 =               (6.8834717339899152,-0.0000000000000000)
 mdl_I36x33 =          (8.12270497201630589E-004,0.0000000000000000)
 mdl_I36x36 =          (2.75831122028946836E-003,0.0000000000000000)
 mdl_I36x63 =          (2.75831122028946836E-003,0.0000000000000000)
 mdl_I36x66 =          (9.36668365302718332E-003,0.0000000000000000)
 mdl_I37x33 =          (2.73395713017387937E-002,0.0000000000000000)
 mdl_I37x36 =         (-8.05098678176434900E-003,0.0000000000000000)
 mdl_I37x63 =          (9.28398194188883724E-002,0.0000000000000000)
 mdl_I37x66 =         (-2.73395713017387937E-002,0.0000000000000000)
 mdl_I38x33 =          (9.36668365302718332E-003,0.0000000000000000)
 mdl_I38x36 =         (-2.75831122028946836E-003,0.0000000000000000)
 mdl_I38x63 =         (-2.75831122028946836E-003,0.0000000000000000)
 mdl_I38x66 =          (8.12270497201630589E-004,0.0000000000000000)
 mdl_I39x33 =               (0.28248719999999999,0.0000000000000000)
 mdl_I39x36 =               (0.95927110000000004,0.0000000000000000)
 mdl_I4x33 =               (0.13033455778358000,0.0000000000000000)
 mdl_I4x36 =        (-4.78487619223799954E-002,-0.0000000000000000)
 mdl_I40x33 =               (-24.367375704067001,0.0000000000000000)
 mdl_I40x36 =                (7.1757313797839997,0.0000000000000000)
 mdl_I41x33 =          (2.87542408010568479E-003,0.0000000000000000)
 mdl_I41x36 =          (9.76437594443028967E-003,0.0000000000000000)
 mdl_I42x33 =          (9.67816286958800009E-002,0.0000000000000000)
 mdl_I42x36 =         (-2.85003595977600006E-002,0.0000000000000000)
 mdl_I44x33 =               (0.10089080000000000,0.0000000000000000)
 mdl_I45x33 =               (0.28248719999999999,0.0000000000000000)
 mdl_I45x36 =               (0.95927110000000004,0.0000000000000000)
 mdl_I46x33 =          (9.67816286958800009E-002,0.0000000000000000)
 mdl_I46x36 =         (-2.85003595977600006E-002,0.0000000000000000)
 mdl_I47x33 =              (-24.367375704067001,-0.0000000000000000)
 mdl_I47x36 =                (7.1757313797839997,0.0000000000000000)
 mdl_I48x33 =          (2.87542408010568479E-003,0.0000000000000000)
 mdl_I48x36 =          (9.76437594443028967E-003,0.0000000000000000)
 mdl_I49x33 =              (0.74351875733960004,-0.0000000000000000)
 mdl_I49x36 =              (-0.49431889320250005,0.0000000000000000)
 mdl_I5x33 =               (0.88122884489641007,0.0000000000000000)
 mdl_I5x36 =              (-0.32351902607901001,0.0000000000000000)
 mdl_I5x63 =             (-0.32351902607901001,-0.0000000000000000)
 mdl_I5x66 =               (0.11877114649760999,0.0000000000000000)
 mdl_conjg__Ru3x3 =              (0.55364500000000005,-0.0000000000000000)
 mdl_I50x33 =               (0.49431889320250005,0.0000000000000000)
 mdl_conjg__Ru6x3 =              (0.83275279999999996,-0.0000000000000000)
 mdl_I50x36 =               (0.74351875733960004,0.0000000000000000)
 mdl_I51x33 =               (0.30652278602500005,0.0000000000000000)
 mdl_I51x36 =               (0.46104942395600002,0.0000000000000000)
 mdl_I51x63 =               (0.46104942395600002,0.0000000000000000)
 mdl_I51x66 =               (0.69347722590783989,0.0000000000000000)
 mdl_I52x33 =               (0.69347722590783989,0.0000000000000000)
 mdl_I52x36 =              (-0.46104942395600002,0.0000000000000000)
 mdl_I52x63 =             (-0.46104942395600002,-0.0000000000000000)
 mdl_I52x66 =               (0.30652278602500005,0.0000000000000000)
 mdl_I53x33 =               (0.51972754464550008,0.0000000000000000)
 mdl_I53x36 =               (0.78173661469111999,0.0000000000000000)
 mdl_I53x63 =              (-0.19080372827550002,0.0000000000000000)
 mdl_I53x66 =              (-0.28699317969431998,0.0000000000000000)
 mdl_conjg__tu3x3 =              (-444.75250000000000,-0.0000000000000000)
 mdl_I54x33 =              (-347.67931372541233,-0.0000000000000000)
 mdl_I54x36 =                (231.15012479994778,0.0000000000000000)
 mdl_I54x63 =                (127.64093415199804,0.0000000000000000)
 mdl_I54x66 =              (-84.860435159849317,-0.0000000000000000)
 mdl_I55x33 =               (0.69796923687558576,0.0000000000000000)
 mdl_I55x36 =              (-0.46403587973523924,0.0000000000000000)
 mdl_I55x63 =              (-0.25624028202758531,0.0000000000000000)
 mdl_I55x66 =               (0.17035805937027468,0.0000000000000000)
 mdl_I56x33 =               (-21.120770656609718,0.0000000000000000)
 mdl_I56x36 =               (-31.768336935129152,0.0000000000000000)
 mdl_I56x63 =               (-57.530564908725594,0.0000000000000000)
 mdl_I56x66 =               (-86.533318305634438,0.0000000000000000)
 mdl_I57x33 =          (2.64912277945160736E-002,0.0000000000000000)
 mdl_I57x36 =          (3.98461904673953204E-002,0.0000000000000000)
 mdl_I57x63 =          (7.21590762440901534E-002,0.0000000000000000)
 mdl_I57x66 =               (0.10853646793103804,0.0000000000000000)
 mdl_I58x33 =          (1.00185805775447247E-002,0.0000000000000000)
 mdl_I58x36 =          (1.50692249148389069E-002,0.0000000000000000)
 mdl_I58x63 =         (-3.67804736523617056E-003,0.0000000000000000)
 mdl_I58x66 =         (-5.53225305373125989E-003,0.0000000000000000)
 mdl_I59x33 =          (3.55764520047663416E-002,0.0000000000000000)
 mdl_I59x36 =         (-2.36525470345808064E-002,0.0000000000000000)
 mdl_I59x63 =          (9.69061884416536901E-002,0.0000000000000000)
 mdl_I59x66 =         (-6.44268343496165602E-002,0.0000000000000000)
 mdl_I6x33 =               (0.11877114649760999,0.0000000000000000)
 mdl_I6x36 =               (0.32351902607901001,0.0000000000000000)
 mdl_I6x63 =               (0.32351902607901001,0.0000000000000000)
 mdl_I6x66 =               (0.88122884489641007,0.0000000000000000)
 mdl_I60x33 =               (0.41431188302426980,0.0000000000000000)
 mdl_I60x36 =               (0.62317799431356391,0.0000000000000000)
 mdl_I60x63 =              (-0.15210325633942320,0.0000000000000000)
 mdl_I60x66 =              (-0.22878272648677841,0.0000000000000000)
 mdl_I61x33 =               (0.49431889320250005,0.0000000000000000)
 mdl_I61x36 =               (0.74351875733960004,0.0000000000000000)
 mdl_I62x33 =               (0.74351875733960004,0.0000000000000000)
 mdl_I62x36 =              (-0.49431889320250005,0.0000000000000000)
 mdl_I63x33 =               (0.55364500000000005,0.0000000000000000)
 mdl_I63x36 =               (0.83275279999999996,0.0000000000000000)
 mdl_I64x33 =          (7.68681825290000037E-002,0.0000000000000000)
 mdl_I64x36 =               (0.11561956530256000,0.0000000000000000)
 mdl_I65x33 =               (0.74351875733960004,0.0000000000000000)
 mdl_I65x36 =              (-0.49431889320250005,0.0000000000000000)
 mdl_I66x33 =               (0.51972754464550008,0.0000000000000000)
 mdl_I66x36 =               (0.78173661469111999,0.0000000000000000)
 mdl_I66x63 =             (-0.19080372827550002,-0.0000000000000000)
 mdl_I66x66 =             (-0.28699317969431998,-0.0000000000000000)
 mdl_I67x33 =          (2.64912277945160771E-002,0.0000000000000000)
 mdl_I67x36 =          (3.98461904673953204E-002,0.0000000000000000)
 mdl_I67x63 =          (7.21590762440901534E-002,0.0000000000000000)
 mdl_I67x66 =               (0.10853646793103804,0.0000000000000000)
 mdl_I68x33 =              (-21.120770656609718,-0.0000000000000000)
 mdl_I68x36 =              (-31.768336935129149,-0.0000000000000000)
 mdl_I68x63 =              (-57.530564908725594,-0.0000000000000000)
 mdl_I68x66 =              (-86.533318305634438,-0.0000000000000000)
 mdl_I69x33 =               (-347.67931372541233,0.0000000000000000)
 mdl_I69x36 =               (231.15012479994778,-0.0000000000000000)
 mdl_I69x63 =                (127.64093415199804,0.0000000000000000)
 mdl_I69x66 =               (-84.860435159849317,0.0000000000000000)
 mdl_I7x33 =               (0.93873790000000001,0.0000000000000000)
 mdl_I7x36 =              (-0.34463189999999999,0.0000000000000000)
 mdl_I70x33 =          (1.00185805775447247E-002,0.0000000000000000)
 mdl_I70x36 =          (1.50692249148389069E-002,0.0000000000000000)
 mdl_I70x63 =         (-3.67804736523617100E-003,0.0000000000000000)
 mdl_I70x66 =         (-5.53225305373126076E-003,0.0000000000000000)
 mdl_I71x33 =               (0.41431188302426980,0.0000000000000000)
 mdl_I71x36 =               (0.62317799431356391,0.0000000000000000)
 mdl_I71x63 =              (-0.15210325633942320,0.0000000000000000)
 mdl_I71x66 =              (-0.22878272648677841,0.0000000000000000)
 mdl_I72x33 =               (0.69796923687558576,0.0000000000000000)
 mdl_I72x36 =              (-0.46403587973523919,0.0000000000000000)
 mdl_I72x63 =             (-0.25624028202758531,-0.0000000000000000)
 mdl_I72x66 =               (0.17035805937027468,0.0000000000000000)
 mdl_I73x33 =          (3.55764520047663485E-002,0.0000000000000000)
 mdl_I73x36 =         (-2.36525470345808099E-002,0.0000000000000000)
 mdl_I73x63 =          (9.69061884416537039E-002,0.0000000000000000)
 mdl_I73x66 =         (-6.44268343496165602E-002,0.0000000000000000)
 mdl_I74x33 =               (0.30652278602500005,0.0000000000000000)
 mdl_I74x36 =               (0.46104942395600002,0.0000000000000000)
 mdl_I74x63 =               (0.46104942395600002,0.0000000000000000)
 mdl_I74x66 =               (0.69347722590783989,0.0000000000000000)
 mdl_I75x33 =               (0.69347722590783989,0.0000000000000000)
 mdl_I75x36 =              (-0.46104942395600002,0.0000000000000000)
 mdl_I75x63 =             (-0.46104942395600002,-0.0000000000000000)
 mdl_I75x66 =               (0.30652278602500005,0.0000000000000000)
 mdl_I76x33 =               (0.41164544240728285,0.0000000000000000)
 mdl_I76x36 =               (0.61916732702707233,0.0000000000000000)
 mdl_I76x63 =              (-0.27367718362709814,0.0000000000000000)
 mdl_I76x66 =              (-0.41164544240728285,0.0000000000000000)
 mdl_I77x33 =              (-205.05288392799091,-0.0000000000000000)
 mdl_I77x36 =              (-308.42572991557654,-0.0000000000000000)
 mdl_I77x63 =                (136.32677539158382,0.0000000000000000)
 mdl_I77x66 =                (205.05288392799091,0.0000000000000000)
 mdl_I78x33 =               (-205.05288392799091,0.0000000000000000)
 mdl_I78x36 =               (136.32677539158385,-0.0000000000000000)
 mdl_I78x63 =               (-308.42572991557660,0.0000000000000000)
 mdl_I78x66 =               (205.05288392799091,-0.0000000000000000)
 mdl_I79x33 =               (0.41164544240728290,0.0000000000000000)
 mdl_I79x36 =              (-0.27367718362709814,0.0000000000000000)
 mdl_I79x63 =               (0.61916732702707244,0.0000000000000000)
 mdl_I79x66 =              (-0.41164544240728285,0.0000000000000000)
 mdl_I8x33 =               (0.83814697095655000,0.0000000000000000)
 mdl_I8x36 =              (-0.30770269643955001,0.0000000000000000)
 mdl_I80x33 =               (0.24435116817694463,0.0000000000000000)
 mdl_I80x36 =               (0.36753536920340929,0.0000000000000000)
 mdl_I80x63 =               (0.36753536920340929,0.0000000000000000)
 mdl_I80x66 =               (0.55282014251582301,0.0000000000000000)
 mdl_I81x33 =               (0.55282014251582301,0.0000000000000000)
 mdl_I81x36 =              (-0.36753536920340929,0.0000000000000000)
 mdl_I81x63 =              (-0.36753536920340929,0.0000000000000000)
 mdl_I81x66 =               (0.24435116817694463,0.0000000000000000)
 mdl_I82x33 =               (0.93873790000000001,0.0000000000000000)
 mdl_I82x36 =             (-0.34463189999999999,-0.0000000000000000)
 mdl_I83x33 =          (4.78487619223799954E-002,0.0000000000000000)
 mdl_I83x36 =               (0.13033455778358000,0.0000000000000000)
 mdl_I84x33 =               (0.83814697095655000,0.0000000000000000)
 mdl_I84x36 =             (-0.30770269643955001,-0.0000000000000000)
 mdl_I85x33 =              (0.28248719999999999,-0.0000000000000000)
 mdl_I85x36 =              (0.95927110000000004,-0.0000000000000000)
 mdl_I86x33 =         (9.67816286958800009E-002,-0.0000000000000000)
 mdl_I86x36 =         (-2.85003595977600006E-002,0.0000000000000000)
 mdl_I88x33 =               (0.10089080000000000,0.0000000000000000)
 mdl_I89x33 =               (0.55364500000000005,0.0000000000000000)
 mdl_I89x36 =               (0.83275279999999996,0.0000000000000000)
 mdl_I9x33 =          (4.78487619223799954E-002,0.0000000000000000)
 mdl_I9x36 =               (0.13033455778358000,0.0000000000000000)
 mdl_I90x33 =               (0.74351875733960004,0.0000000000000000)
 mdl_I90x36 =              (-0.49431889320250005,0.0000000000000000)
 mdl_I91x33 =          (7.68681825290000037E-002,0.0000000000000000)
 mdl_I91x36 =               (0.11561956530256000,0.0000000000000000)
 mdl_I92x33 =               (0.51972754464550008,0.0000000000000000)
 mdl_I92x36 =               (0.78173661469111999,0.0000000000000000)
 mdl_I92x63 =             (-0.19080372827550002,-0.0000000000000000)
 mdl_I92x66 =             (-0.28699317969431998,-0.0000000000000000)
 mdl_I93x33 =               (0.28248719999999999,0.0000000000000000)
 mdl_I93x36 =               (0.95927110000000004,0.0000000000000000)
 mdl_I94x33 =               (0.51972754464550008,0.0000000000000000)
 mdl_I94x36 =               (0.78173661469111999,0.0000000000000000)
 mdl_I94x63 =              (-0.19080372827550002,0.0000000000000000)
 mdl_I94x66 =              (-0.28699317969431998,0.0000000000000000)
 mdl_I95x33 =               (0.28248719999999999,0.0000000000000000)
 mdl_I95x36 =               (0.95927110000000004,0.0000000000000000)
 mdl_I96x33 =               (0.88122884489641007,0.0000000000000000)
 mdl_I96x36 =              (-0.32351902607901001,0.0000000000000000)
 mdl_I96x63 =             (-0.32351902607901001,-0.0000000000000000)
 mdl_I96x66 =               (0.11877114649760999,0.0000000000000000)
 mdl_I97x33 =          (7.97990181638399965E-002,0.0000000000000000)
 mdl_I97x36 =               (0.27098180707992003,0.0000000000000000)
 mdl_I97x63 =               (0.27098180707992003,0.0000000000000000)
 mdl_I97x66 =               (0.92020104329521013,0.0000000000000000)
 mdl_I98x33 =               (0.30652278602500005,0.0000000000000000)
 mdl_I98x36 =               (0.46104942395600002,0.0000000000000000)
 mdl_I98x63 =               (0.46104942395600002,0.0000000000000000)
 mdl_I98x66 =               (0.69347722590783989,0.0000000000000000)
 mdl_I99x33 =               (0.10089080000000000,0.0000000000000000)
 mdl_complexi =                (0.0000000000000000,1.0000000000000000)
 mdl_sqrt__2 =    1.4142135623730951     
 mdl_sw__exp__2 =   0.23360984746131572     
 mdl_conjg__NN1x1 =              (0.98636440000000003,-0.0000000000000000)
 mdl_conjg__NN1x2 =        (-5.31103600000000023E-002,-0.0000000000000000)
 mdl_conjg__NN1x3 =              (0.14643400000000001,-0.0000000000000000)
 mdl_conjg__NN1x4 =        (-5.31186099999999967E-002,-0.0000000000000000)
 mdl_conjg__NN2x1 =         (9.93505400000000011E-002,-0.0000000000000000)
 mdl_conjg__NN2x2 =              (0.94494929999999999,-0.0000000000000000)
 mdl_conjg__NN2x3 =             (-0.26984669999999999,-0.0000000000000000)
 mdl_conjg__NN2x4 =              (0.15615070000000000,-0.0000000000000000)
 mdl_conjg__NN3x1 =        (-6.03387999999999980E-002,-0.0000000000000000)
 mdl_conjg__NN3x2 =         (8.77004900000000059E-002,-0.0000000000000000)
 mdl_conjg__NN3x3 =              (0.69587750000000004,-0.0000000000000000)
 mdl_conjg__NN3x4 =              (0.71022700000000005,-0.0000000000000000)
 mdl_conjg__NN4x1 =             (-0.11650710000000000,-0.0000000000000000)
 mdl_conjg__NN4x2 =              (0.31073899999999999,-0.0000000000000000)
 mdl_conjg__NN4x3 =              (0.64922599999999997,-0.0000000000000000)
 mdl_conjg__NN4x4 =             (-0.68437780000000004,-0.0000000000000000)
 mdl_conjg__UU1x1 =              (0.91683490000000001,-0.0000000000000000)
 mdl_conjg__UU1x2 =             (-0.39926660000000003,-0.0000000000000000)
 mdl_conjg__UU2x1 =              (0.39926660000000003,-0.0000000000000000)
 mdl_conjg__UU2x2 =              (0.91683490000000001,-0.0000000000000000)
 mdl_conjg__VV1x1 =              (0.97255780000000003,-0.0000000000000000)
 mdl_conjg__VV1x2 =             (-0.23266120000000001,-0.0000000000000000)
 mdl_conjg__VV2x1 =              (0.23266120000000001,-0.0000000000000000)
 mdl_conjg__VV2x2 =              (0.97255780000000003,-0.0000000000000000)
 mdl_cos__alp =   0.99352890317340192     
 mdl_sin__alp =  -0.11357956928539981     
 mdl_conjg__MUH =               (357.68099999999998,-0.0000000000000000)
 mdl_ee =   0.31340934559420641     
 mdl_gp =   0.35800326275255401     
 mdl_gw =   0.64843488257574999     
 mdl_vev =    246.22059098023431     
 mdl_vd =    25.125116508081707     
 mdl_vu =    244.93531379348130     
 mdl_ee__exp__2 =    9.8225417905788703E-002
  Internal Params evaluated point by point
  ----------------------------------------
  
 mdl_sqrt__aS =   0.34351128074635334     
 mdl_G__exp__2 =                (1.4828317324943823,0.0000000000000000)
  Couplings of MSSM_SLHA2
  ---------------------------------
  
         GC_8 =   0.12177E+01   0.00000E+00
        GC_18 =   0.00000E+00   0.14828E+01
        GC_21 =   0.00000E+00   0.00000E+00
        GC_33 =   0.00000E+00   0.14828E+01
        GC_53 =  -0.00000E+00  -0.12177E+01
        GC_71 =  -0.00000E+00  -0.12177E+01
        GC_73 =   0.00000E+00   0.00000E+00
        GC_81 =  -0.00000E+00  -0.12177E+01
        GC_96 =   0.00000E+00   0.14828E+01
       GC_108 =  -0.00000E+00  -0.16166E+01
       GC_513 =   0.00000E+00   0.59349E+00
       GC_518 =   0.00000E+00   0.17221E+01
       GC_528 =  -0.00000E+00   0.59349E+00
       GC_533 =   0.00000E+00   0.16166E+01

 Collider parameters:
 --------------------

 Running at P P   machine @    13000.000000000000       GeV
 PDF set = lhapdf 
 alpha_s(Mz)= 0.1180 running at 3 loops.
 alpha_s(Mz)= 0.1180 running at 3 loops.
 Renormalization scale set on event-by-event basis
 Factorization   scale set on event-by-event basis


 getting user params
Enter number of events and max and min iterations: 
 Number of events and iterations         2000           8           3
Enter desired fractional accuracy: 
 Desired fractional accuracy:    1.0000000000000000E-002
Enter 0 for fixed, 2 for adjustable grid: 
Suppress amplitude (0 no, 1 yes)? 
 Using suppressed amplitude.
Exact helicity sum (0 yes, n = number/event)? 
 Explicitly summing over helicities
Enter Configuration Number: 
Running Configuration Number:  139
 Not subdividing B.W.
 Attempting mappinvarients           1           6
 Completed mapping           6
 about to integrate           10        2000           8           3          10           1
 Using non-zero grid deformation.
 10 dimensions   2000 events 10 invarients  8 iterations  1 config(s),  (0.99)
 Using h-tuple random number sequence.
 Error opening grid
 Using Uniform Grid!          24
 Using uniform alpha   1.0000000000000000     
 Grid defined OK
 Set CM energy to      13000.00
 Mapping Graph         139  to config         139
Setting grid   1    0.53254E-01   1
Setting grid   2    0.53428E-01   1
Setting grid   3    0.53254E-05   1
 Transforming s_hat 1/s            9   5.5405917159763327E-002   3600.0000000000000        168999999.99999997     
 139   1   2   3   4   5   6   7   8   9  10
 Masses: 0.489E+01 0.489E+01 0.150E+04 0.150E+04 0.489E+01 0.489E+01
Using random seed offsets   139 :      7
  with seed                   24
 Ranmar initialization seeds       31197        9404
 
 ********************************************
 * You are using the DiscreteSampler module *
 *      part of the MG5_aMC framework       *
 *         Author: Valentin Hirschi         *
 ********************************************
 
  Particle       3       4       5       6
      Et >     0.0     0.0    30.0    30.0
       E >     0.0     0.0     0.0     0.0
     Eta <    -1.0    -1.0     5.0     5.0
   xqcut:      0.0     0.0    29.6    29.6
d R # 3  >    -0.0     0.0     0.0     0.0
d R # 4  >    -0.0    -0.0     0.0     0.0
d R # 5  >    -0.0    -0.0    -0.0     0.0
s min # 3>     0.0     0.0     0.0     0.0
s min # 4>     0.0     0.0     0.0     0.0
s min # 5>     0.0     0.0     0.0   900.0
xqcutij # 3>     0.0     0.0     0.0     0.0
xqcutij # 4>     0.0     0.0     0.0     0.0
xqcutij # 5>     0.0     0.0     0.0    30.0
 alpha_s for scale    2097.2636402115677       is    8.0293513749435663E-002
 Added good helicity            1   7.4278875703542068E-008  in event            1 local:           1
 Added good helicity            2   8.4372947865683854E-004  in event            1 local:           1
 Added good helicity            3   1.9956670279402328E-005  in event            1 local:           1
 Added good helicity            4  0.19718155519273592       in event            1 local:           1
 Added good helicity            5   4.3240612238731986E-008  in event            1 local:           1
 Added good helicity            6   2.7390307084563837E-004  in event            1 local:           1
 Added good helicity            7   9.2134641604035718E-006  in event            1 local:           1
 Added good helicity            8   5.3663824449874081E-002  in event            1 local:           1
 Added good helicity            9   7.0926355749272759E-008  in event            1 local:           1
 Added good helicity           10   6.9196498078323058E-005  in event            1 local:           1
 Added good helicity           11   1.1470020722654882E-005  in event            1 local:           1
 Added good helicity           12   5.8644723897734279E-002  in event            1 local:           1
 Added good helicity           13   6.0774225301531823E-006  in event            1 local:           1
 Added good helicity           14   4.6495776464769052E-002  in event            1 local:           1
 Added good helicity           15   1.5052071471160712E-003  in event            1 local:           1
 Added good helicity           16   12.750736304261080       in event            1 local:           1
 Added good helicity           17   1.3737788400554766E-004  in event            1 local:           1
 Added good helicity           18  0.98711275034249124       in event            1 local:           1
 Added good helicity           19   4.6217533622806707E-002  in event            1 local:           1
 Added good helicity           20   4.4197863380254420E-003  in event            1 local:           1
 Added good helicity           21   1.1416540417886868E-004  in event            1 local:           1
 Added good helicity           22  0.51856023978586330       in event            1 local:           1
 Added good helicity           23   3.2835656203451906E-002  in event            1 local:           1
 Added good helicity           24   2.4289726043573937E-003  in event            1 local:           1
 Added good helicity           25   2.1282453754255639E-003  in event            1 local:           1
 Added good helicity           26   15.082533044324691       in event            1 local:           1
 Added good helicity           27  0.63994972249720972       in event            1 local:           1
 Added good helicity           28   6.2708974118459063E-002  in event            1 local:           1
 Added good helicity           29   2.2800248670990319E-004  in event            1 local:           1
 Added good helicity           30   1.4056325182520111       in event            1 local:           1
 Added good helicity           31   7.6753344479155536E-002  in event            1 local:           1
 Added good helicity           32   4.9721416072502390E-003  in event            1 local:           1
 Added good helicity           33   4.9688467759379674E-003  in event            1 local:           1
 Added good helicity           34   7.6756271944435878E-002  in event            1 local:           1
 Added good helicity           35   1.4104920698688350       in event            1 local:           1
 Added good helicity           36   2.2835659444369542E-004  in event            1 local:           1
 Added good helicity           37   6.2676187686410284E-002  in event            1 local:           1
 Added good helicity           38  0.63990690173150921       in event            1 local:           1
 Added good helicity           39   15.128399235040122       in event            1 local:           1
 Added good helicity           40   2.1266540141851756E-003  in event            1 local:           1
 Added good helicity           41   2.4271022727142596E-003  in event            1 local:           1
 Added good helicity           42   3.2851817458093860E-002  in event            1 local:           1
 Added good helicity           43  0.52277790892430254       in event            1 local:           1
 Added good helicity           44   1.1432551929309023E-004  in event            1 local:           1
 Added good helicity           45   4.4171550887349186E-003  in event            1 local:           1
 Added good helicity           46   4.6230215283644953E-002  in event            1 local:           1
 Added good helicity           47  0.99279057917823121       in event            1 local:           1
 Added good helicity           48   1.3758776414263306E-004  in event            1 local:           1
 Added good helicity           49   12.728013761587059       in event            1 local:           1
 Added good helicity           50   1.5062512863438400E-003  in event            1 local:           1
 Added good helicity           51   4.6496508330797125E-002  in event            1 local:           1
 Added good helicity           52   6.0781699828429099E-006  in event            1 local:           1
 Added good helicity           53   6.3404732604550512E-002  in event            1 local:           1
 Added good helicity           54   1.2537387341099715E-005  in event            1 local:           1
 Added good helicity           55   6.8945051753245486E-005  in event            1 local:           1
 Added good helicity           56   7.0752956776589225E-008  in event            1 local:           1
 Added good helicity           57   5.5361873659967219E-002  in event            1 local:           1
 Added good helicity           58   9.4090189776540710E-006  in event            1 local:           1
 Added good helicity           59   2.7452980845234611E-004  in event            1 local:           1
 Added good helicity           60   4.3138233151421966E-008  in event            1 local:           1
 Added good helicity           61  0.20048699604966946       in event            1 local:           1
 Added good helicity           62   1.9802631491951732E-005  in event            1 local:           1
 Added good helicity           63   8.4356937383703561E-004  in event            1 local:           1
 Added good helicity           64   7.4193007321157605E-008  in event            1 local:           1
 Added good helicity            1  0.57449992820081075       in event            1 local:           1
 Added good helicity            2   1.9585223684855345E-003  in event            1 local:           1
 Added good helicity            3   3.7147911955337119E-003  in event            1 local:           1
 Added good helicity            4  0.90763997137991281       in event            1 local:           1
 Added good helicity            5  0.38555122045070228       in event            1 local:           1
 Added good helicity            6   1.4660512387149427E-003  in event            1 local:           1
 Added good helicity            7   2.1833493706508770E-003  in event            1 local:           1
 Added good helicity            8  0.45382694617479535       in event            1 local:           1
 Added good helicity            9   8.1700335170893617       in event            1 local:           1
 Added good helicity           10   2.6697380821660854E-002  in event            1 local:           1
 Added good helicity           11   5.4817741938575117E-002  in event            1 local:           1
 Added good helicity           12   16.032284165693891       in event            1 local:           1
 Added good helicity           13  0.70219328011480009       in event            1 local:           1
 Added good helicity           14   1.9186181527858499E-003  in event            1 local:           1
 Added good helicity           15   4.3133164815875114E-003  in event            1 local:           1
 Added good helicity           16   1.2790774947199268       in event            1 local:           1
 Added good helicity           17   5.5242997517941190E-006  in event            1 local:           1
 Added good helicity           18   2.2595003906877485E-008  in event            1 local:           1
 Added good helicity           19   5.2749620749243858E-002  in event            1 local:           1
 Added good helicity           20   2.6167015202520160E-004  in event            1 local:           1
 Added good helicity           21   1.1010566385612084E-005  in event            1 local:           1
 Added good helicity           22   4.1098337541099701E-008  in event            1 local:           1
 Added good helicity           23   1.7929963896910654E-002  in event            1 local:           1
 Added good helicity           24   8.1628491867932287E-005  in event            1 local:           1
 Added good helicity           25   1.2834716701952998E-005  in event            1 local:           1
 Added good helicity           26   4.9371226402628289E-008  in event            1 local:           1
 Added good helicity           27   1.6706018457423109E-002  in event            1 local:           1
 Added good helicity           28   3.0648222309725115E-005  in event            1 local:           1
 Added good helicity           29   4.2792434880631070E-004  in event            1 local:           1
 Added good helicity           30   1.9249122640644719E-006  in event            1 local:           1
 Added good helicity           31   3.2810405439234138       in event            1 local:           1
 Added good helicity           32   1.4604025412141865E-002  in event            1 local:           1
 Added good helicity           33   1.4604190765138051E-002  in event            1 local:           1
 Added good helicity           34   3.2737961674380078       in event            1 local:           1
 Added good helicity           35   1.9251257618825348E-006  in event            1 local:           1
 Added good helicity           36   4.2825512173038646E-004  in event            1 local:           1
 Added good helicity           37   3.0555359248766235E-005  in event            1 local:           1
 Added good helicity           38   1.8228459946556547E-002  in event            1 local:           1
 Added good helicity           39   4.9308676824647029E-008  in event            1 local:           1
 Added good helicity           40   1.3168595628617015E-005  in event            1 local:           1
 Added good helicity           41   8.1822509343655825E-005  in event            1 local:           1
 Added good helicity           42   1.8474093254303717E-002  in event            1 local:           1
 Added good helicity           43   4.1035171607195768E-008  in event            1 local:           1
 Added good helicity           44   1.1072950667260289E-005  in event            1 local:           1
 Added good helicity           45   2.6163296513637770E-004  in event            1 local:           1
 Added good helicity           46   5.3801462943282988E-002  in event            1 local:           1
 Added good helicity           47   2.2578789593687780E-008  in event            1 local:           1
 Added good helicity           48   5.4749002372145922E-006  in event            1 local:           1
 Added good helicity           49   1.2829603735853827       in event            1 local:           1
 Added good helicity           50   4.3107321082191570E-003  in event            1 local:           1
 Added good helicity           51   1.9198671325321168E-003  in event            1 local:           1
 Added good helicity           52  0.70031293014335638       in event            1 local:           1
 Added good helicity           53   16.078211512985501       in event            1 local:           1
 Added good helicity           54   5.4787841770040049E-002  in event            1 local:           1
 Added good helicity           55   2.6712857092445422E-002  in event            1 local:           1
 Added good helicity           56   8.1505572720529464       in event            1 local:           1
 Added good helicity           57  0.45625731674207959       in event            1 local:           1
 Added good helicity           58   2.1819422020062092E-003  in event            1 local:           1
 Added good helicity           59   1.4669637753133963E-003  in event            1 local:           1
 Added good helicity           60  0.38455676562700419       in event            1 local:           1
 Added good helicity           61  0.91124602554221601       in event            1 local:           1
 Added good helicity           62   3.7127442648145644E-003  in event            1 local:           1
 Added good helicity           63   1.9597307912513685E-003  in event            1 local:           1
 Added good helicity           64  0.57306698278119728       in event            1 local:           1
 RESET CUMULATIVE VARIABLE
 RESET CUMULATIVE VARIABLE
 RESET CUMULATIVE VARIABLE
 Iteration  1   Mean: 0.7263E-11 Abs mean: 0.7263E-11   Fluctuation:  0.699E-12   0.524E-09    44.3%
  1    0.7263E-11 0.7263E-11 +- 0.6986E-12      4.30
 Writing out events   1.0238795180733438E-015   4.3012138971776235     
 Relative summed weights:
  0.9414E-01  0.0000E+00  0.0000E+00  0.0000E+00  0.8707E-01  0.0000E+00
  0.1020E+00  0.0000E+00  0.2991E+00  0.3342E+00  0.8358E-01  0.0000E+00
 Relative number of events:
  0.1176E+00  0.0000E+00  0.0000E+00  0.0000E+00  0.1118E+00  0.0000E+00
  0.1152E+00  0.0000E+00  0.2635E+00  0.2826E+00  0.1093E+00  0.0000E+00
 Events:
         241           0           0           0         229           0
         236           0         540         579         224           0
 Iteration  2   Mean: 0.7972E-11 Abs mean: 0.7972E-11   Fluctuation:  0.423E-12   0.108E-08    61.4%
  2    0.7972E-11 0.7972E-11 +- 0.4229E-12      3.36
 Relative summed weights:
  0.8883E-01  0.0000E+00  0.0000E+00  0.0000E+00  0.1295E+00  0.0000E+00
  0.1018E+00  0.0000E+00  0.2927E+00  0.2749E+00  0.1123E+00  0.0000E+00
 Relative number of events:
  0.1100E+00  0.0000E+00  0.0000E+00  0.0000E+00  0.1220E+00  0.0000E+00
  0.1175E+00  0.0000E+00  0.2757E+00  0.2490E+00  0.1258E+00  0.0000E+00
 Events:
         440           0           0           0         488           0
         470           0        1103         996         503           0
 Iteration  3   Mean: 0.8531E-11 Abs mean: 0.8531E-11   Fluctuation:  0.290E-12   0.135E-08    64.0%
  3    0.8531E-11 0.8531E-11 +- 0.2905E-12      3.05
 Relative summed weights:
  0.8978E-01  0.0000E+00  0.0000E+00  0.0000E+00  0.9484E-01  0.0000E+00
  0.9286E-01  0.0000E+00  0.2928E+00  0.3345E+00  0.9516E-01  0.0000E+00
 Relative number of events:
  0.1153E+00  0.0000E+00  0.0000E+00  0.0000E+00  0.1194E+00  0.0000E+00
  0.1103E+00  0.0000E+00  0.2717E+00  0.2699E+00  0.1135E+00  0.0000E+00
 Events:
         922           0           0           0         955           0
         882           0        2174        2159         908           0
 Accuracy:    0.033   0.010   0.027   1.458
 Found         1170  events.
 Wrote           65  events.
 Actual xsec    8.2778521551266751E-012
Thanks for using LHAPDF 6.2.1. Please make sure to cite the paper:
  Eur.Phys.J. C75 (2015) 3, 132  (http://arxiv.org/abs/1412.7420)
 Correct abs xsec    8.2778521551266751E-012
 Event xsec    8.2778521551266768E-012
 Events wgts > 1:            1
 % Cross section > 1:    4.2715930812869925E-014  0.51602674235266333     
 Iteration  4   Mean: 0.8328E-11 Abs mean: 0.8328E-11   Fluctuation:  0.107E-12   0.305E-09    65.6%
  4    0.8328E-11 0.8328E-11 +- 0.1072E-12      1.63
 Relative summed weights:
  0.9883E-01  0.0000E+00  0.0000E+00  0.0000E+00  0.1032E+00  0.0000E+00
  0.9606E-01  0.0000E+00  0.3047E+00  0.2951E+00  0.1021E+00  0.0000E+00
 Relative number of events:
  0.1128E+00  0.0000E+00  0.0000E+00  0.0000E+00  0.1148E+00  0.0000E+00
  0.1130E+00  0.0000E+00  0.2708E+00  0.2687E+00  0.1199E+00  0.0000E+00
 Events:
        1805           0           0           0        1836           0
        1808           0        4333        4300        1918           0
 Accuracy:    0.012   0.010   0.012   0.975
 Found         2239  events.
 Wrote         1117  events.
 Actual xsec    8.3347680955246909E-012
 Correct abs xsec    8.3347680955246909E-012
 Event xsec    8.3347680955248573E-012
 Events wgts > 1:           20
 % Cross section > 1:    8.5583199072991556E-014   1.0268215994988905     
 Iteration  5   Mean: 0.8268E-11 Abs mean: 0.8268E-11   Fluctuation:  0.653E-13   0.217E-09    65.4%
  5    0.8268E-11 0.8268E-11 +- 0.6528E-13      1.41
 Relative summed weights:
  0.1003E+00  0.0000E+00  0.0000E+00  0.0000E+00  0.1002E+00  0.0000E+00
  0.9603E-01  0.0000E+00  0.3037E+00  0.3005E+00  0.9929E-01  0.0000E+00
 Relative number of events:
  0.1150E+00  0.0000E+00  0.0000E+00  0.0000E+00  0.1181E+00  0.0000E+00
  0.1111E+00  0.0000E+00  0.2725E+00  0.2678E+00  0.1155E+00  0.0000E+00
 Events:
        3680           0           0           0        3780           0
        3554           0        8721        8569        3696           0
 Accuracy:    0.006   0.010   0.007   0.785
 Finished due to accuracy    5.7922130367426732E-003   1.0000000000000000E-002

 -------------------------------------------------------------------------------
 Accumulated results:   Integral =  0.8284E-11
                        Std dev  =  0.5415E-13
                       Cross sec =  0.8284E-11
             Chi**2 per DoF.     =      0.7853
 -------------------------------------------------------------------------------
 Found         4769  events.
 Wrote         3638  events.
 Actual xsec    8.2938395916749485E-012
 Correct abs xsec    8.2938395916749485E-012
 Event xsec    8.2938395916750923E-012
 Events wgts > 1:           90
 % Cross section > 1:    8.1846216698979898E-014  0.98683144030338754     
-------------------------------------------------
---------------------------
 Results Last   3 iters: Integral =   0.8294E-11
                     Abs integral =   0.8294E-11
                          Std dev =   0.5476E-13
                  Chi**2 per DoF. =      0.4615
-------------------------------------------------
---------------------------
 Status   1.0000000000000000E-002           6           8

ls status:
events.lhe
ftn26
input_app.txt
results.dat
run1_app.log
