==== LHAPDF6 USING DEFAULT-TYPE LHAGLUE INTERFACE ====
LHAPDF 6.2.1 loading /cvmfs/cms.cern.ch/slc7_amd64_gcc700/external/lhapdf/6.2.1-pafccj3/share/LHAPDF/NNPDF31_nnlo_as_0118_mc_hessian_pdfas/NNPDF31_nnlo_as_0118_mc_hessian_pdfas_0000.dat
NNPDF31_nnlo_as_0118_mc_hessian_pdfas PDF set, member #0, version 1; LHAPDF ID = 325300
 Process in group number            3
 A PDF is used, so alpha_s(MZ) is going to be modified
 Old value of alpha_s from param_card:   0.11799999999999999     
 New value of alpha_s from PDF lhapdf :  0.11800208008122040     
 using LHAPDF
 Warning! ptj set to xqcut=   30.000000000000000       to improve integration efficiency
 Note that this might affect non-radiated jets,
 e.g. from decays. Use cut_decays=F in run_card.
 Warning! mmjj set to xqcut=   30.000000000000000       to improve integration efficiency
 Note that this might affect non-radiated jets,
 e.g. from decays. Use cut_decays=F in run_card.
 Define smin to   3600.0000000000000     
 Define smin to   3600.0000000000000     
 Define smin to   3600.0000000000000     
 Define smin to   3600.0000000000000     
 Define smin to   3600.0000000000000     
 Define smin to   3600.0000000000000     
 Define smin to   3600.0000000000000     
 Define smin to   3600.0000000000000     
 Define smin to   3600.0000000000000     
 Define smin to   3600.0000000000000     
 Define smin to   3600.0000000000000     
 Define smin to   3600.0000000000000     
 Define smin to   3600.0000000000000     
 Define smin to   3600.0000000000000     
 Define smin to   3600.0000000000000     
 Define smin to   3600.0000000000000     
 *****************************************************
 *               MadGraph/MadEvent                   *
 *        --------------------------------           *
 *          http://madgraph.hep.uiuc.edu             *
 *          http://madgraph.phys.ucl.ac.be           *
 *          http://madgraph.roma2.infn.it            *
 *        --------------------------------           *
 *                                                   *
 *          PARAMETER AND COUPLING VALUES            *
 *                                                   *
 *****************************************************

  External Params
  ---------------------------------
  
 mdl_RRd1x1 =    1.0000000000000000     
 mdl_RRd2x2 =    1.0000000000000000     
 mdl_RRd3x3 =   0.93873790000000001     
 mdl_RRd3x6 =   0.34463189999999999     
 mdl_RRd4x4 =    1.0000000000000000     
 mdl_RRd5x5 =    1.0000000000000000     
 mdl_RRd6x3 =  -0.34463189999999999     
 mdl_RRd6x6 =   0.93873790000000001     
 mdl_alp =  -0.11382520000000000     
 mdl_RMUH =    357.68099999999998     
 mdl_tb =    9.7486239999999995     
 mdl_MA2 =    166439.10000000001     
 mdl_RmD21x1 =    273684.70000000001     
 mdl_RmD23x3 =    270262.00000000000     
 mdl_RmE21x1 =    18630.630000000001     
 mdl_RmE23x3 =    17967.639999999999     
 mdl_RmL21x1 =    38155.669999999998     
 mdl_RmL23x3 =    37828.680000000000     
 mdl_RMx1 =    101.39650000000000     
 mdl_RMx2 =    191.50420000000000     
 mdl_RMx3 =    588.26300000000003     
 mdl_mHd2 =    32337.490000000002     
 mdl_mHu2 =   -128800.10000000001     
 mdl_RmQ21x1 =    299836.70000000001     
 mdl_RmQ23x3 =    248765.39999999999     
 mdl_RmU21x1 =    280382.09999999998     
 mdl_RmU23x3 =    179137.10000000001     
 mdl_RNN1x1 =   0.98636440000000003     
 mdl_RNN1x2 =   -5.3110360000000002E-002
 mdl_RNN1x3 =   0.14643400000000001     
 mdl_RNN1x4 =   -5.3118609999999997E-002
 mdl_RNN2x1 =    9.9350540000000001E-002
 mdl_RNN2x2 =   0.94494929999999999     
 mdl_RNN2x3 =  -0.26984669999999999     
 mdl_RNN2x4 =   0.15615070000000000     
 mdl_RNN3x1 =   -6.0338799999999998E-002
 mdl_RNN3x2 =    8.7700490000000006E-002
 mdl_RNN3x3 =   0.69587750000000004     
 mdl_RNN3x4 =   0.71022700000000005     
 mdl_RNN4x1 =  -0.11650710000000000     
 mdl_RNN4x2 =   0.31073899999999999     
 mdl_RNN4x3 =   0.64922599999999997     
 mdl_RNN4x4 =  -0.68437780000000004     
 mdl_RRl1x1 =    1.0000000000000000     
 mdl_RRl2x2 =    1.0000000000000000     
 mdl_RRl3x3 =   0.28248719999999999     
 mdl_RRl3x6 =   0.95927110000000004     
 mdl_RRl4x4 =    1.0000000000000000     
 mdl_RRl5x5 =    1.0000000000000000     
 mdl_RRl6x3 =   0.95927110000000004     
 mdl_RRl6x6 =  -0.28248719999999999     
 aEWM1 =    127.93400000000000     
 aS =   0.11799999999999999     
 mdl_RRn1x1 =    1.0000000000000000     
 mdl_RRn2x2 =    1.0000000000000000     
 mdl_RRn3x3 =    1.0000000000000000     
 mdl_Rtd3x3 =   -110.69370000000001     
 mdl_Rte3x3 =   -25.401969999999999     
 mdl_Rtu3x3 =   -444.75250000000000     
 mdl_RUU1x1 =   0.91683490000000001     
 mdl_RUU1x2 =  -0.39926660000000003     
 mdl_RUU2x1 =   0.39926660000000003     
 mdl_RUU2x2 =   0.91683490000000001     
 mdl_RMNS1x1 =    1.0000000000000000     
 mdl_RMNS2x2 =    1.0000000000000000     
 mdl_RMNS3x3 =    1.0000000000000000     
 mdl_RRu1x1 =    1.0000000000000000     
 mdl_RRu2x2 =    1.0000000000000000     
 mdl_RRu3x3 =   0.55364500000000005     
 mdl_RRu3x6 =   0.83275279999999996     
 mdl_RRu4x4 =    1.0000000000000000     
 mdl_RRu5x5 =    1.0000000000000000     
 mdl_RRu6x3 =   0.83275279999999996     
 mdl_RRu6x6 =  -0.55364500000000005     
 mdl_RCKM1x1 =    1.0000000000000000     
 mdl_RCKM2x2 =    1.0000000000000000     
 mdl_RCKM3x3 =    1.0000000000000000     
 mdl_RVV1x1 =   0.97255780000000003     
 mdl_RVV1x2 =  -0.23266120000000001     
 mdl_RVV2x1 =   0.23266120000000001     
 mdl_RVV2x2 =   0.97255780000000003     
 mdl_Ryd3x3 =   0.13884020000000000     
 mdl_Rye3x3 =   0.10089080000000000     
 mdl_Ryu3x3 =   0.89284450000000004     
 mdl_MZ =    91.187600000000003     
 mdl_MW =    79.829009999999997     
 mdl_Mneu1 =    100000.00000000000     
 mdl_Mneu2 =    100000.00000000000     
 mdl_Mneu3 =    100000.00000000000     
 mdl_Mneu4 =    100000.00000000000     
 mdl_Mch1 =    100000.00000000000     
 mdl_Mch2 =    100000.00000000000     
 mdl_Mgo =    1500.0000000000000     
 mdl_MH01 =    110.89910000000000     
 mdl_MH02 =    399.96010000000001     
 mdl_MA0 =    399.58390000000003     
 mdl_MH =    407.87900000000002     
 mdl_Mta =    1.7769999999999999     
 mdl_MT =    175.00000000000000     
 mdl_MB =    4.8899169999999996     
 mdl_Msn1 =    100000.00000000000     
 mdl_Msn3 =    100000.00000000000     
 mdl_Msl1 =    100000.00000000000     
 mdl_Msl3 =    100000.00000000000     
 mdl_Msl4 =    100000.00000000000     
 mdl_Msl6 =    100000.00000000000     
 mdl_Msu1 =    100000.00000000000     
 mdl_Msu3 =    100000.00000000000     
 mdl_Msu4 =    100000.00000000000     
 mdl_Msu6 =    100000.00000000000     
 mdl_Msd1 =    100000.00000000000     
 mdl_Msd3 =    100000.00000000000     
 mdl_Msd4 =    100000.00000000000     
 mdl_Msd6 =    100000.00000000000     
 mdl_WZ =    2.4114330000000002     
 mdl_WW =    2.0028220000000001     
 mdl_Wneu2 =    2.0777000000000000E-002
 mdl_Wneu3 =    1.9159850000000000     
 mdl_Wneu4 =    2.5858509999999999     
 mdl_Wch1 =    1.7041450000000000E-002
 mdl_Wch2 =    2.4868950000000001     
 mdl_Wgo =    5.5067539999999999     
 mdl_WH01 =    1.9861079999999999E-003
 mdl_WH02 =   0.57480140000000002     
 mdl_WA0 =   0.63217849999999998     
 mdl_WH =   0.54696279999999997     
 mdl_WT =    1.5619499999999999     
 mdl_Wsn1 =   0.14988160000000000     
 mdl_Wsn2 =   0.14988160000000000     
 mdl_Wsn3 =   0.14751900000000001     
 mdl_Wsl1 =   0.21368219999999999     
 mdl_Wsl2 =   0.21368219999999999     
 mdl_Wsl3 =   0.14832730000000000     
 mdl_Wsl4 =   0.21612160000000000     
 mdl_Wsl5 =   0.21612160000000000     
 mdl_Wsl6 =   0.26990609999999998     
 mdl_Wsu1 =    5.4771950000000000     
 mdl_Wsu2 =    5.4771950000000000     
 mdl_Wsu3 =    2.0215960000000002     
 mdl_Wsu4 =    1.1529730000000000     
 mdl_Wsu5 =    1.1529730000000000     
 mdl_Wsu6 =    7.3731330000000002     
 mdl_Wsd1 =    5.3127880000000003     
 mdl_Wsd2 =    5.3127880000000003     
 mdl_Wsd3 =    3.7362760000000002     
 mdl_Wsd4 =   0.28581230000000002     
 mdl_Wsd5 =   0.28581230000000002     
 mdl_Wsd6 =   0.80156629999999995     
  Internal Params
  ---------------------------------
  
 mdl_Msu5 =    100000.00000000000     
 mdl_Msu2 =    100000.00000000000     
 mdl_RmD22x2 =    273684.70000000001     
 mdl_Msl2 =    100000.00000000000     
 mdl_Msl5 =    100000.00000000000     
 mdl_RmL22x2 =    38155.669999999998     
 mdl_Msd2 =    100000.00000000000     
 mdl_RmQ22x2 =    299836.70000000001     
 mdl_Msd5 =    100000.00000000000     
 mdl_RmU22x2 =    280382.09999999998     
 mdl_Msn2 =    100000.00000000000     
 mdl_RmE22x2 =    18630.630000000001     
 mdl_conjg__CKM3x3 =    1.0000000000000000     
 mdl_I5x11 =    1.0000000000000000     
 mdl_I97x11 =    1.0000000000000000     
 mdl_I43x22 =    1.0000000000000000     
 mdl_I51x11 =    1.0000000000000000     
 mdl_I75x55 =    1.0000000000000000     
 mdl_I92x22 =    1.0000000000000000     
 mdl_I96x11 =    1.0000000000000000     
 mdl_I93x22 =    1.0000000000000000     
 mdl_conjg__Rn3x3 =    1.0000000000000000     
 mdl_I45x11 =    1.0000000000000000     
 mdl_I75x44 =    1.0000000000000000     
 mdl_I25x22 =    1.0000000000000000     
 mdl_I52x44 =    1.0000000000000000     
 mdl_conjg__Ru1x1 =    1.0000000000000000     
 mdl_I32x44 =    1.0000000000000000     
 mdl_conjg__Ru4x4 =    1.0000000000000000     
 mdl_I6x44 =    1.0000000000000000     
 mdl_I53x11 =    1.0000000000000000     
 mdl_conjg__Rd5x5 =    1.0000000000000000     
 mdl_conjg__Rl1x1 =    1.0000000000000000     
 mdl_I5x22 =    1.0000000000000000     
 mdl_I101x55 =    1.0000000000000000     
 mdl_I52x55 =    1.0000000000000000     
 mdl_I26x44 =    1.0000000000000000     
 mdl_conjg__Ru2x2 =    1.0000000000000000     
 mdl_I26x55 =    1.0000000000000000     
 mdl_I96x22 =    1.0000000000000000     
 mdl_I13x44 =    1.0000000000000000     
 mdl_I51x22 =    1.0000000000000000     
 mdl_I89x11 =    1.0000000000000000     
 mdl_I98x11 =    1.0000000000000000     
 mdl_I100x55 =    1.0000000000000000     
 mdl_Ru5x5 =    1.0000000000000000     
 mdl_Rl1x1 =    1.0000000000000000     
 mdl_conjg__Rl4x4 =    1.0000000000000000     
 mdl_Ru2x2 =    1.0000000000000000     
 mdl_Ru4x4 =    1.0000000000000000     
 mdl_conjg__Rd4x4 =    1.0000000000000000     
 mdl_Rd1x1 =    1.0000000000000000     
 mdl_I7x22 =    1.0000000000000000     
 mdl_I25x11 =    1.0000000000000000     
 mdl_I6x55 =    1.0000000000000000     
 mdl_CKM3x3 =    1.0000000000000000     
 mdl_Rn3x3 =    1.0000000000000000     
 mdl_conjg__Rd1x1 =    1.0000000000000000     
 mdl_I85x22 =    1.0000000000000000     
 mdl_conjg__Rn2x2 =    1.0000000000000000     
 mdl_I39x11 =    1.0000000000000000     
 mdl_I102x55 =    1.0000000000000000     
 mdl_atan__tb =    1.4685752826790794     
 mdl_beta =    1.4685752826790794     
 mdl_cw =   0.87543712083660485     
 mdl_mD21x1 =                (273684.70000000001,0.0000000000000000)
 mdl_mD22x2 =                (273684.70000000001,0.0000000000000000)
 mdl_mD23x3 =                (270262.00000000000,0.0000000000000000)
 mdl_mE21x1 =                (18630.630000000001,0.0000000000000000)
 mdl_mE22x2 =                (18630.630000000001,0.0000000000000000)
 mdl_mE23x3 =                (17967.639999999999,0.0000000000000000)
 mdl_mL21x1 =                (38155.669999999998,0.0000000000000000)
 mdl_mL22x2 =                (38155.669999999998,0.0000000000000000)
 mdl_mL23x3 =                (37828.680000000000,0.0000000000000000)
 mdl_mQ21x1 =                (299836.70000000001,0.0000000000000000)
 mdl_mQ22x2 =                (299836.70000000001,0.0000000000000000)
 mdl_mQ23x3 =                (248765.39999999999,0.0000000000000000)
 mdl_mU21x1 =                (280382.09999999998,0.0000000000000000)
 mdl_mU22x2 =                (280382.09999999998,0.0000000000000000)
 mdl_mU23x3 =                (179137.10000000001,0.0000000000000000)
 mdl_MUH =                (357.68099999999998,0.0000000000000000)
 mdl_Mx1 =                (101.39650000000000,0.0000000000000000)
 mdl_Mx2 =                (191.50420000000000,0.0000000000000000)
 mdl_Mx3 =                (588.26300000000003,0.0000000000000000)
 mdl_NN1x1 =               (0.98636440000000003,0.0000000000000000)
 mdl_NN1x2 =         (-5.31103600000000023E-002,0.0000000000000000)
 mdl_NN1x3 =               (0.14643400000000001,0.0000000000000000)
 mdl_NN1x4 =         (-5.31186099999999967E-002,0.0000000000000000)
 mdl_NN2x1 =          (9.93505400000000011E-002,0.0000000000000000)
 mdl_NN2x2 =               (0.94494929999999999,0.0000000000000000)
 mdl_NN2x3 =              (-0.26984669999999999,0.0000000000000000)
 mdl_NN2x4 =               (0.15615070000000000,0.0000000000000000)
 mdl_NN3x1 =         (-6.03387999999999980E-002,0.0000000000000000)
 mdl_NN3x2 =          (8.77004900000000059E-002,0.0000000000000000)
 mdl_NN3x3 =               (0.69587750000000004,0.0000000000000000)
 mdl_NN3x4 =               (0.71022700000000005,0.0000000000000000)
 mdl_NN4x1 =              (-0.11650710000000000,0.0000000000000000)
 mdl_NN4x2 =               (0.31073899999999999,0.0000000000000000)
 mdl_NN4x3 =               (0.64922599999999997,0.0000000000000000)
 mdl_NN4x4 =              (-0.68437780000000004,0.0000000000000000)
 mdl_Rd3x3 =               (0.93873790000000001,0.0000000000000000)
 mdl_Rd3x6 =               (0.34463189999999999,0.0000000000000000)
 mdl_Rd6x3 =              (-0.34463189999999999,0.0000000000000000)
 mdl_Rd6x6 =               (0.93873790000000001,0.0000000000000000)
 mdl_Rl3x3 =               (0.28248719999999999,0.0000000000000000)
 mdl_Rl3x6 =               (0.95927110000000004,0.0000000000000000)
 mdl_Rl6x3 =               (0.95927110000000004,0.0000000000000000)
 mdl_Rl6x6 =              (-0.28248719999999999,0.0000000000000000)
 mdl_Ru3x3 =               (0.55364500000000005,0.0000000000000000)
 mdl_Ru3x6 =               (0.83275279999999996,0.0000000000000000)
 mdl_Ru6x3 =               (0.83275279999999996,0.0000000000000000)
 mdl_Ru6x6 =              (-0.55364500000000005,0.0000000000000000)
 mdl_UU1x1 =               (0.91683490000000001,0.0000000000000000)
 mdl_UU1x2 =              (-0.39926660000000003,0.0000000000000000)
 mdl_UU2x1 =               (0.39926660000000003,0.0000000000000000)
 mdl_UU2x2 =               (0.91683490000000001,0.0000000000000000)
 mdl_VV1x1 =               (0.97255780000000003,0.0000000000000000)
 mdl_VV1x2 =              (-0.23266120000000001,0.0000000000000000)
 mdl_VV2x1 =               (0.23266120000000001,0.0000000000000000)
 mdl_VV2x2 =               (0.97255780000000003,0.0000000000000000)
 mdl_td3x3 =               (-110.69370000000001,0.0000000000000000)
 mdl_te3x3 =               (-25.401969999999999,0.0000000000000000)
 mdl_tu3x3 =               (-444.75250000000000,0.0000000000000000)
 mdl_yd3x3 =               (0.13884020000000000,0.0000000000000000)
 mdl_ye3x3 =               (0.10089080000000000,0.0000000000000000)
 mdl_yu3x3 =               (0.89284450000000004,0.0000000000000000)
 mdl_MZ__exp__2 =    8315.1783937600012     
 mdl_bb =                (15860.964102273132,0.0000000000000000)
 mdl_cw__exp__2 =   0.76639015253868426     
 mdl_sw =   0.48333202610763931     
 mdl_cos__beta =   0.10204311673550755     
 mdl_sin__beta =   0.99477997684256969     
 mdl_conjg__yu3x3 =              (0.89284450000000004,-0.0000000000000000)
 mdl_I1x33 =               (0.89284450000000004,0.0000000000000000)
 mdl_conjg__yd3x3 =              (0.13884020000000000,-0.0000000000000000)
 mdl_I10x33 =               (0.13033455778358000,0.0000000000000000)
 mdl_I10x36 =         (-4.78487619223799954E-002,0.0000000000000000)
 mdl_conjg__Rd3x6 =              (0.34463189999999999,-0.0000000000000000)
 mdl_I100x33 =               (0.11877114649760999,0.0000000000000000)
 mdl_I100x36 =               (0.32351902607901001,0.0000000000000000)
 mdl_conjg__Rd6x6 =              (0.93873790000000001,-0.0000000000000000)
 mdl_I100x63 =               (0.32351902607901001,0.0000000000000000)
 mdl_I100x66 =               (0.88122884489641007,0.0000000000000000)
 mdl_conjg__Rl3x6 =              (0.95927110000000004,-0.0000000000000000)
 mdl_I101x33 =               (0.92020104329521013,0.0000000000000000)
 mdl_I101x36 =              (-0.27098180707992003,0.0000000000000000)
 mdl_conjg__Rl6x6 =             (-0.28248719999999999,-0.0000000000000000)
 mdl_I101x63 =             (-0.27098180707992003,-0.0000000000000000)
 mdl_I101x66 =          (7.97990181638399965E-002,0.0000000000000000)
 mdl_conjg__Ru3x6 =              (0.83275279999999996,-0.0000000000000000)
 mdl_I102x33 =               (0.69347722590783989,0.0000000000000000)
 mdl_I102x36 =              (-0.46104942395600002,0.0000000000000000)
 mdl_conjg__Ru6x6 =             (-0.55364500000000005,-0.0000000000000000)
 mdl_I102x63 =             (-0.46104942395600002,-0.0000000000000000)
 mdl_I102x66 =               (0.30652278602500005,0.0000000000000000)
 mdl_I11x33 =          (4.78487619223799954E-002,0.0000000000000000)
 mdl_I11x36 =               (0.13033455778358000,0.0000000000000000)
 mdl_conjg__Rd3x3 =              (0.93873790000000001,-0.0000000000000000)
 mdl_I12x33 =               (0.88122884489641007,0.0000000000000000)
 mdl_I12x36 =              (-0.32351902607901001,0.0000000000000000)
 mdl_conjg__Rd6x3 =             (-0.34463189999999999,-0.0000000000000000)
 mdl_I12x63 =             (-0.32351902607901001,-0.0000000000000000)
 mdl_I12x66 =               (0.11877114649760999,0.0000000000000000)
 mdl_I13x33 =               (0.11877114649760999,0.0000000000000000)
 mdl_I13x36 =               (0.32351902607901001,0.0000000000000000)
 mdl_I13x63 =               (0.32351902607901001,0.0000000000000000)
 mdl_I13x66 =               (0.88122884489641007,0.0000000000000000)
 mdl_conjg__td3x3 =              (-110.69370000000001,-0.0000000000000000)
 mdl_I14x33 =              (-35.811518017082115,-0.0000000000000000)
 mdl_I14x36 =                (13.147217659062491,0.0000000000000000)
 mdl_I14x63 =              (-97.546481388309758,-0.0000000000000000)
 mdl_I14x66 =                (35.811518017082115,0.0000000000000000)
 mdl_I15x33 =          (4.49174462846149633E-002,0.0000000000000000)
 mdl_I15x36 =         (-1.64902097339574699E-002,0.0000000000000000)
 mdl_I15x63 =               (0.12234998907118655,0.0000000000000000)
 mdl_I15x66 =         (-4.49174462846149633E-002,0.0000000000000000)
 mdl_I16x33 =               (-35.811518017082115,0.0000000000000000)
 mdl_I16x36 =               (-97.546481388309758,0.0000000000000000)
 mdl_I16x63 =                (13.147217659062493,0.0000000000000000)
 mdl_I16x66 =                (35.811518017082115,0.0000000000000000)
 mdl_I17x33 =          (1.69870969526413514E-002,0.0000000000000000)
 mdl_I17x36 =         (-6.23634722564519843E-003,0.0000000000000000)
 mdl_I17x63 =         (-6.23634722564519843E-003,0.0000000000000000)
 mdl_I17x66 =          (2.28950401750460187E-003,0.0000000000000000)
 mdl_I18x33 =          (4.49174462846149633E-002,0.0000000000000000)
 mdl_I18x36 =               (0.12234998907118654,0.0000000000000000)
 mdl_I18x63 =        (-1.64902097339574699E-002,-0.0000000000000000)
 mdl_I18x66 =        (-4.49174462846149633E-002,-0.0000000000000000)
 mdl_I19x33 =          (2.28950401750460187E-003,0.0000000000000000)
 mdl_I19x36 =          (6.23634722564519843E-003,0.0000000000000000)
 mdl_I19x63 =          (6.23634722564519843E-003,0.0000000000000000)
 mdl_I19x66 =          (1.69870969526413514E-002,0.0000000000000000)
 mdl_I2x33 =               (0.13884020000000000,0.0000000000000000)
 mdl_I20x33 =               (0.13884020000000000,0.0000000000000000)
 mdl_I21x33 =               (0.89284450000000004,0.0000000000000000)
 mdl_conjg__ye3x3 =              (0.10089080000000000,-0.0000000000000000)
 mdl_I22x33 =              (0.10089080000000000,-0.0000000000000000)
 mdl_I23x33 =         (9.67816286958800009E-002,-0.0000000000000000)
 mdl_I23x36 =         (-2.85003595977600006E-002,0.0000000000000000)
 mdl_conjg__Rl3x3 =              (0.28248719999999999,-0.0000000000000000)
 mdl_I24x33 =          (2.85003595977600006E-002,0.0000000000000000)
 mdl_conjg__Rl6x3 =              (0.95927110000000004,-0.0000000000000000)
 mdl_I24x36 =          (9.67816286958800009E-002,0.0000000000000000)
 mdl_I25x33 =          (7.97990181638399965E-002,0.0000000000000000)
 mdl_I25x36 =               (0.27098180707992003,0.0000000000000000)
 mdl_I25x63 =               (0.27098180707992003,0.0000000000000000)
 mdl_I25x66 =               (0.92020104329521013,0.0000000000000000)
 mdl_I26x33 =               (0.92020104329521013,0.0000000000000000)
 mdl_I26x36 =              (-0.27098180707992003,0.0000000000000000)
 mdl_I26x63 =             (-0.27098180707992003,-0.0000000000000000)
 mdl_I26x66 =          (7.97990181638399965E-002,0.0000000000000000)
 mdl_I27x33 =          (2.85003595977600006E-002,0.0000000000000000)
 mdl_I27x36 =          (9.67816286958800009E-002,0.0000000000000000)
 mdl_I28x33 =          (9.67816286958800009E-002,0.0000000000000000)
 mdl_I28x36 =         (-2.85003595977600006E-002,0.0000000000000000)
 mdl_I29x33 =               (0.28248719999999999,0.0000000000000000)
 mdl_I29x36 =               (0.95927110000000004,0.0000000000000000)
 mdl_I3x33 =         (4.78487619223799954E-002,-0.0000000000000000)
 mdl_I3x36 =              (0.13033455778358000,-0.0000000000000000)
 mdl_I30x33 =          (9.67816286958800009E-002,0.0000000000000000)
 mdl_I30x36 =         (-2.85003595977600006E-002,0.0000000000000000)
 mdl_I31x33 =          (7.97990181638399965E-002,0.0000000000000000)
 mdl_I31x36 =               (0.27098180707992003,0.0000000000000000)
 mdl_I31x63 =               (0.27098180707992003,0.0000000000000000)
 mdl_I31x66 =               (0.92020104329521013,0.0000000000000000)
 mdl_I32x33 =               (0.92020104329521013,0.0000000000000000)
 mdl_I32x36 =              (-0.27098180707992003,0.0000000000000000)
 mdl_I32x63 =             (-0.27098180707992003,-0.0000000000000000)
 mdl_I32x66 =          (7.97990181638399965E-002,0.0000000000000000)
 mdl_conjg__te3x3 =              (-25.401969999999999,-0.0000000000000000)
 mdl_I33x33 =              (-6.8834717339899161,-0.0000000000000000)
 mdl_I33x36 =              (-23.374919295753628,-0.0000000000000000)
 mdl_I33x63 =                (2.0270522654273186,0.0000000000000000)
 mdl_I33x66 =                (6.8834717339899161,0.0000000000000000)
 mdl_I34x33 =          (2.73395713017387972E-002,0.0000000000000000)
 mdl_I34x36 =          (9.28398194188883863E-002,0.0000000000000000)
 mdl_I34x63 =         (-8.05098678176434900E-003,0.0000000000000000)
 mdl_I34x66 =         (-2.73395713017387972E-002,0.0000000000000000)
 mdl_I35x33 =               (-6.8834717339899152,0.0000000000000000)
 mdl_I35x36 =               (2.0270522654273186,-0.0000000000000000)
 mdl_I35x63 =               (-23.374919295753628,0.0000000000000000)
 mdl_I35x66 =               (6.8834717339899152,-0.0000000000000000)
 mdl_I36x33 =          (8.12270497201630589E-004,0.0000000000000000)
 mdl_I36x36 =          (2.75831122028946836E-003,0.0000000000000000)
 mdl_I36x63 =          (2.75831122028946836E-003,0.0000000000000000)
 mdl_I36x66 =          (9.36668365302718332E-003,0.0000000000000000)
 mdl_I37x33 =          (2.73395713017387937E-002,0.0000000000000000)
 mdl_I37x36 =         (-8.05098678176434900E-003,0.0000000000000000)
 mdl_I37x63 =          (9.28398194188883724E-002,0.0000000000000000)
 mdl_I37x66 =         (-2.73395713017387937E-002,0.0000000000000000)
 mdl_I38x33 =          (9.36668365302718332E-003,0.0000000000000000)
 mdl_I38x36 =         (-2.75831122028946836E-003,0.0000000000000000)
 mdl_I38x63 =         (-2.75831122028946836E-003,0.0000000000000000)
 mdl_I38x66 =          (8.12270497201630589E-004,0.0000000000000000)
 mdl_I39x33 =               (0.28248719999999999,0.0000000000000000)
 mdl_I39x36 =               (0.95927110000000004,0.0000000000000000)
 mdl_I4x33 =               (0.13033455778358000,0.0000000000000000)
 mdl_I4x36 =        (-4.78487619223799954E-002,-0.0000000000000000)
 mdl_I40x33 =               (-24.367375704067001,0.0000000000000000)
 mdl_I40x36 =                (7.1757313797839997,0.0000000000000000)
 mdl_I41x33 =          (2.87542408010568479E-003,0.0000000000000000)
 mdl_I41x36 =          (9.76437594443028967E-003,0.0000000000000000)
 mdl_I42x33 =          (9.67816286958800009E-002,0.0000000000000000)
 mdl_I42x36 =         (-2.85003595977600006E-002,0.0000000000000000)
 mdl_I44x33 =               (0.10089080000000000,0.0000000000000000)
 mdl_I45x33 =               (0.28248719999999999,0.0000000000000000)
 mdl_I45x36 =               (0.95927110000000004,0.0000000000000000)
 mdl_I46x33 =          (9.67816286958800009E-002,0.0000000000000000)
 mdl_I46x36 =         (-2.85003595977600006E-002,0.0000000000000000)
 mdl_I47x33 =              (-24.367375704067001,-0.0000000000000000)
 mdl_I47x36 =                (7.1757313797839997,0.0000000000000000)
 mdl_I48x33 =          (2.87542408010568479E-003,0.0000000000000000)
 mdl_I48x36 =          (9.76437594443028967E-003,0.0000000000000000)
 mdl_I49x33 =              (0.74351875733960004,-0.0000000000000000)
 mdl_I49x36 =              (-0.49431889320250005,0.0000000000000000)
 mdl_I5x33 =               (0.88122884489641007,0.0000000000000000)
 mdl_I5x36 =              (-0.32351902607901001,0.0000000000000000)
 mdl_I5x63 =             (-0.32351902607901001,-0.0000000000000000)
 mdl_I5x66 =               (0.11877114649760999,0.0000000000000000)
 mdl_conjg__Ru3x3 =              (0.55364500000000005,-0.0000000000000000)
 mdl_I50x33 =               (0.49431889320250005,0.0000000000000000)
 mdl_conjg__Ru6x3 =              (0.83275279999999996,-0.0000000000000000)
 mdl_I50x36 =               (0.74351875733960004,0.0000000000000000)
 mdl_I51x33 =               (0.30652278602500005,0.0000000000000000)
 mdl_I51x36 =               (0.46104942395600002,0.0000000000000000)
 mdl_I51x63 =               (0.46104942395600002,0.0000000000000000)
 mdl_I51x66 =               (0.69347722590783989,0.0000000000000000)
 mdl_I52x33 =               (0.69347722590783989,0.0000000000000000)
 mdl_I52x36 =              (-0.46104942395600002,0.0000000000000000)
 mdl_I52x63 =             (-0.46104942395600002,-0.0000000000000000)
 mdl_I52x66 =               (0.30652278602500005,0.0000000000000000)
 mdl_I53x33 =               (0.51972754464550008,0.0000000000000000)
 mdl_I53x36 =               (0.78173661469111999,0.0000000000000000)
 mdl_I53x63 =              (-0.19080372827550002,0.0000000000000000)
 mdl_I53x66 =              (-0.28699317969431998,0.0000000000000000)
 mdl_conjg__tu3x3 =              (-444.75250000000000,-0.0000000000000000)
 mdl_I54x33 =              (-347.67931372541233,-0.0000000000000000)
 mdl_I54x36 =                (231.15012479994778,0.0000000000000000)
 mdl_I54x63 =                (127.64093415199804,0.0000000000000000)
 mdl_I54x66 =              (-84.860435159849317,-0.0000000000000000)
 mdl_I55x33 =               (0.69796923687558576,0.0000000000000000)
 mdl_I55x36 =              (-0.46403587973523924,0.0000000000000000)
 mdl_I55x63 =              (-0.25624028202758531,0.0000000000000000)
 mdl_I55x66 =               (0.17035805937027468,0.0000000000000000)
 mdl_I56x33 =               (-21.120770656609718,0.0000000000000000)
 mdl_I56x36 =               (-31.768336935129152,0.0000000000000000)
 mdl_I56x63 =               (-57.530564908725594,0.0000000000000000)
 mdl_I56x66 =               (-86.533318305634438,0.0000000000000000)
 mdl_I57x33 =          (2.64912277945160736E-002,0.0000000000000000)
 mdl_I57x36 =          (3.98461904673953204E-002,0.0000000000000000)
 mdl_I57x63 =          (7.21590762440901534E-002,0.0000000000000000)
 mdl_I57x66 =               (0.10853646793103804,0.0000000000000000)
 mdl_I58x33 =          (1.00185805775447247E-002,0.0000000000000000)
 mdl_I58x36 =          (1.50692249148389069E-002,0.0000000000000000)
 mdl_I58x63 =         (-3.67804736523617056E-003,0.0000000000000000)
 mdl_I58x66 =         (-5.53225305373125989E-003,0.0000000000000000)
 mdl_I59x33 =          (3.55764520047663416E-002,0.0000000000000000)
 mdl_I59x36 =         (-2.36525470345808064E-002,0.0000000000000000)
 mdl_I59x63 =          (9.69061884416536901E-002,0.0000000000000000)
 mdl_I59x66 =         (-6.44268343496165602E-002,0.0000000000000000)
 mdl_I6x33 =               (0.11877114649760999,0.0000000000000000)
 mdl_I6x36 =               (0.32351902607901001,0.0000000000000000)
 mdl_I6x63 =               (0.32351902607901001,0.0000000000000000)
 mdl_I6x66 =               (0.88122884489641007,0.0000000000000000)
 mdl_I60x33 =               (0.41431188302426980,0.0000000000000000)
 mdl_I60x36 =               (0.62317799431356391,0.0000000000000000)
 mdl_I60x63 =              (-0.15210325633942320,0.0000000000000000)
 mdl_I60x66 =              (-0.22878272648677841,0.0000000000000000)
 mdl_I61x33 =               (0.49431889320250005,0.0000000000000000)
 mdl_I61x36 =               (0.74351875733960004,0.0000000000000000)
 mdl_I62x33 =               (0.74351875733960004,0.0000000000000000)
 mdl_I62x36 =              (-0.49431889320250005,0.0000000000000000)
 mdl_I63x33 =               (0.55364500000000005,0.0000000000000000)
 mdl_I63x36 =               (0.83275279999999996,0.0000000000000000)
 mdl_I64x33 =          (7.68681825290000037E-002,0.0000000000000000)
 mdl_I64x36 =               (0.11561956530256000,0.0000000000000000)
 mdl_I65x33 =               (0.74351875733960004,0.0000000000000000)
 mdl_I65x36 =              (-0.49431889320250005,0.0000000000000000)
 mdl_I66x33 =               (0.51972754464550008,0.0000000000000000)
 mdl_I66x36 =               (0.78173661469111999,0.0000000000000000)
 mdl_I66x63 =             (-0.19080372827550002,-0.0000000000000000)
 mdl_I66x66 =             (-0.28699317969431998,-0.0000000000000000)
 mdl_I67x33 =          (2.64912277945160771E-002,0.0000000000000000)
 mdl_I67x36 =          (3.98461904673953204E-002,0.0000000000000000)
 mdl_I67x63 =          (7.21590762440901534E-002,0.0000000000000000)
 mdl_I67x66 =               (0.10853646793103804,0.0000000000000000)
 mdl_I68x33 =              (-21.120770656609718,-0.0000000000000000)
 mdl_I68x36 =              (-31.768336935129149,-0.0000000000000000)
 mdl_I68x63 =              (-57.530564908725594,-0.0000000000000000)
 mdl_I68x66 =              (-86.533318305634438,-0.0000000000000000)
 mdl_I69x33 =               (-347.67931372541233,0.0000000000000000)
 mdl_I69x36 =               (231.15012479994778,-0.0000000000000000)
 mdl_I69x63 =                (127.64093415199804,0.0000000000000000)
 mdl_I69x66 =               (-84.860435159849317,0.0000000000000000)
 mdl_I7x33 =               (0.93873790000000001,0.0000000000000000)
 mdl_I7x36 =              (-0.34463189999999999,0.0000000000000000)
 mdl_I70x33 =          (1.00185805775447247E-002,0.0000000000000000)
 mdl_I70x36 =          (1.50692249148389069E-002,0.0000000000000000)
 mdl_I70x63 =         (-3.67804736523617100E-003,0.0000000000000000)
 mdl_I70x66 =         (-5.53225305373126076E-003,0.0000000000000000)
 mdl_I71x33 =               (0.41431188302426980,0.0000000000000000)
 mdl_I71x36 =               (0.62317799431356391,0.0000000000000000)
 mdl_I71x63 =              (-0.15210325633942320,0.0000000000000000)
 mdl_I71x66 =              (-0.22878272648677841,0.0000000000000000)
 mdl_I72x33 =               (0.69796923687558576,0.0000000000000000)
 mdl_I72x36 =              (-0.46403587973523919,0.0000000000000000)
 mdl_I72x63 =             (-0.25624028202758531,-0.0000000000000000)
 mdl_I72x66 =               (0.17035805937027468,0.0000000000000000)
 mdl_I73x33 =          (3.55764520047663485E-002,0.0000000000000000)
 mdl_I73x36 =         (-2.36525470345808099E-002,0.0000000000000000)
 mdl_I73x63 =          (9.69061884416537039E-002,0.0000000000000000)
 mdl_I73x66 =         (-6.44268343496165602E-002,0.0000000000000000)
 mdl_I74x33 =               (0.30652278602500005,0.0000000000000000)
 mdl_I74x36 =               (0.46104942395600002,0.0000000000000000)
 mdl_I74x63 =               (0.46104942395600002,0.0000000000000000)
 mdl_I74x66 =               (0.69347722590783989,0.0000000000000000)
 mdl_I75x33 =               (0.69347722590783989,0.0000000000000000)
 mdl_I75x36 =              (-0.46104942395600002,0.0000000000000000)
 mdl_I75x63 =             (-0.46104942395600002,-0.0000000000000000)
 mdl_I75x66 =               (0.30652278602500005,0.0000000000000000)
 mdl_I76x33 =               (0.41164544240728285,0.0000000000000000)
 mdl_I76x36 =               (0.61916732702707233,0.0000000000000000)
 mdl_I76x63 =              (-0.27367718362709814,0.0000000000000000)
 mdl_I76x66 =              (-0.41164544240728285,0.0000000000000000)
 mdl_I77x33 =              (-205.05288392799091,-0.0000000000000000)
 mdl_I77x36 =              (-308.42572991557654,-0.0000000000000000)
 mdl_I77x63 =                (136.32677539158382,0.0000000000000000)
 mdl_I77x66 =                (205.05288392799091,0.0000000000000000)
 mdl_I78x33 =               (-205.05288392799091,0.0000000000000000)
 mdl_I78x36 =               (136.32677539158385,-0.0000000000000000)
 mdl_I78x63 =               (-308.42572991557660,0.0000000000000000)
 mdl_I78x66 =               (205.05288392799091,-0.0000000000000000)
 mdl_I79x33 =               (0.41164544240728290,0.0000000000000000)
 mdl_I79x36 =              (-0.27367718362709814,0.0000000000000000)
 mdl_I79x63 =               (0.61916732702707244,0.0000000000000000)
 mdl_I79x66 =              (-0.41164544240728285,0.0000000000000000)
 mdl_I8x33 =               (0.83814697095655000,0.0000000000000000)
 mdl_I8x36 =              (-0.30770269643955001,0.0000000000000000)
 mdl_I80x33 =               (0.24435116817694463,0.0000000000000000)
 mdl_I80x36 =               (0.36753536920340929,0.0000000000000000)
 mdl_I80x63 =               (0.36753536920340929,0.0000000000000000)
 mdl_I80x66 =               (0.55282014251582301,0.0000000000000000)
 mdl_I81x33 =               (0.55282014251582301,0.0000000000000000)
 mdl_I81x36 =              (-0.36753536920340929,0.0000000000000000)
 mdl_I81x63 =              (-0.36753536920340929,0.0000000000000000)
 mdl_I81x66 =               (0.24435116817694463,0.0000000000000000)
 mdl_I82x33 =               (0.93873790000000001,0.0000000000000000)
 mdl_I82x36 =             (-0.34463189999999999,-0.0000000000000000)
 mdl_I83x33 =          (4.78487619223799954E-002,0.0000000000000000)
 mdl_I83x36 =               (0.13033455778358000,0.0000000000000000)
 mdl_I84x33 =               (0.83814697095655000,0.0000000000000000)
 mdl_I84x36 =             (-0.30770269643955001,-0.0000000000000000)
 mdl_I85x33 =              (0.28248719999999999,-0.0000000000000000)
 mdl_I85x36 =              (0.95927110000000004,-0.0000000000000000)
 mdl_I86x33 =         (9.67816286958800009E-002,-0.0000000000000000)
 mdl_I86x36 =         (-2.85003595977600006E-002,0.0000000000000000)
 mdl_I88x33 =               (0.10089080000000000,0.0000000000000000)
 mdl_I89x33 =               (0.55364500000000005,0.0000000000000000)
 mdl_I89x36 =               (0.83275279999999996,0.0000000000000000)
 mdl_I9x33 =          (4.78487619223799954E-002,0.0000000000000000)
 mdl_I9x36 =               (0.13033455778358000,0.0000000000000000)
 mdl_I90x33 =               (0.74351875733960004,0.0000000000000000)
 mdl_I90x36 =              (-0.49431889320250005,0.0000000000000000)
 mdl_I91x33 =          (7.68681825290000037E-002,0.0000000000000000)
 mdl_I91x36 =               (0.11561956530256000,0.0000000000000000)
 mdl_I92x33 =               (0.51972754464550008,0.0000000000000000)
 mdl_I92x36 =               (0.78173661469111999,0.0000000000000000)
 mdl_I92x63 =             (-0.19080372827550002,-0.0000000000000000)
 mdl_I92x66 =             (-0.28699317969431998,-0.0000000000000000)
 mdl_I93x33 =               (0.28248719999999999,0.0000000000000000)
 mdl_I93x36 =               (0.95927110000000004,0.0000000000000000)
 mdl_I94x33 =               (0.51972754464550008,0.0000000000000000)
 mdl_I94x36 =               (0.78173661469111999,0.0000000000000000)
 mdl_I94x63 =              (-0.19080372827550002,0.0000000000000000)
 mdl_I94x66 =              (-0.28699317969431998,0.0000000000000000)
 mdl_I95x33 =               (0.28248719999999999,0.0000000000000000)
 mdl_I95x36 =               (0.95927110000000004,0.0000000000000000)
 mdl_I96x33 =               (0.88122884489641007,0.0000000000000000)
 mdl_I96x36 =              (-0.32351902607901001,0.0000000000000000)
 mdl_I96x63 =             (-0.32351902607901001,-0.0000000000000000)
 mdl_I96x66 =               (0.11877114649760999,0.0000000000000000)
 mdl_I97x33 =          (7.97990181638399965E-002,0.0000000000000000)
 mdl_I97x36 =               (0.27098180707992003,0.0000000000000000)
 mdl_I97x63 =               (0.27098180707992003,0.0000000000000000)
 mdl_I97x66 =               (0.92020104329521013,0.0000000000000000)
 mdl_I98x33 =               (0.30652278602500005,0.0000000000000000)
 mdl_I98x36 =               (0.46104942395600002,0.0000000000000000)
 mdl_I98x63 =               (0.46104942395600002,0.0000000000000000)
 mdl_I98x66 =               (0.69347722590783989,0.0000000000000000)
 mdl_I99x33 =               (0.10089080000000000,0.0000000000000000)
 mdl_complexi =                (0.0000000000000000,1.0000000000000000)
 mdl_sqrt__2 =    1.4142135623730951     
 mdl_sw__exp__2 =   0.23360984746131572     
 mdl_conjg__NN1x1 =              (0.98636440000000003,-0.0000000000000000)
 mdl_conjg__NN1x2 =        (-5.31103600000000023E-002,-0.0000000000000000)
 mdl_conjg__NN1x3 =              (0.14643400000000001,-0.0000000000000000)
 mdl_conjg__NN1x4 =        (-5.31186099999999967E-002,-0.0000000000000000)
 mdl_conjg__NN2x1 =         (9.93505400000000011E-002,-0.0000000000000000)
 mdl_conjg__NN2x2 =              (0.94494929999999999,-0.0000000000000000)
 mdl_conjg__NN2x3 =             (-0.26984669999999999,-0.0000000000000000)
 mdl_conjg__NN2x4 =              (0.15615070000000000,-0.0000000000000000)
 mdl_conjg__NN3x1 =        (-6.03387999999999980E-002,-0.0000000000000000)
 mdl_conjg__NN3x2 =         (8.77004900000000059E-002,-0.0000000000000000)
 mdl_conjg__NN3x3 =              (0.69587750000000004,-0.0000000000000000)
 mdl_conjg__NN3x4 =              (0.71022700000000005,-0.0000000000000000)
 mdl_conjg__NN4x1 =             (-0.11650710000000000,-0.0000000000000000)
 mdl_conjg__NN4x2 =              (0.31073899999999999,-0.0000000000000000)
 mdl_conjg__NN4x3 =              (0.64922599999999997,-0.0000000000000000)
 mdl_conjg__NN4x4 =             (-0.68437780000000004,-0.0000000000000000)
 mdl_conjg__UU1x1 =              (0.91683490000000001,-0.0000000000000000)
 mdl_conjg__UU1x2 =             (-0.39926660000000003,-0.0000000000000000)
 mdl_conjg__UU2x1 =              (0.39926660000000003,-0.0000000000000000)
 mdl_conjg__UU2x2 =              (0.91683490000000001,-0.0000000000000000)
 mdl_conjg__VV1x1 =              (0.97255780000000003,-0.0000000000000000)
 mdl_conjg__VV1x2 =             (-0.23266120000000001,-0.0000000000000000)
 mdl_conjg__VV2x1 =              (0.23266120000000001,-0.0000000000000000)
 mdl_conjg__VV2x2 =              (0.97255780000000003,-0.0000000000000000)
 mdl_cos__alp =   0.99352890317340192     
 mdl_sin__alp =  -0.11357956928539981     
 mdl_conjg__MUH =               (357.68099999999998,-0.0000000000000000)
 mdl_ee =   0.31340934559420641     
 mdl_gp =   0.35800326275255401     
 mdl_gw =   0.64843488257574999     
 mdl_vev =    246.22059098023431     
 mdl_vd =    25.125116508081707     
 mdl_vu =    244.93531379348130     
 mdl_ee__exp__2 =    9.8225417905788703E-002
  Internal Params evaluated point by point
  ----------------------------------------
  
 mdl_sqrt__aS =   0.34351128074635334     
 mdl_G__exp__2 =                (1.4828317324943823,0.0000000000000000)
  Couplings of MSSM_SLHA2
  ---------------------------------
  
         GC_8 =   0.12177E+01   0.00000E+00
        GC_18 =   0.00000E+00   0.14828E+01
        GC_21 =   0.00000E+00   0.00000E+00
        GC_33 =   0.00000E+00   0.14828E+01
        GC_53 =  -0.00000E+00  -0.12177E+01
        GC_71 =  -0.00000E+00  -0.12177E+01
        GC_73 =   0.00000E+00   0.00000E+00
        GC_81 =  -0.00000E+00  -0.12177E+01
        GC_96 =   0.00000E+00   0.14828E+01
       GC_108 =  -0.00000E+00  -0.16166E+01
       GC_513 =   0.00000E+00   0.59349E+00
       GC_518 =   0.00000E+00   0.17221E+01
       GC_528 =  -0.00000E+00   0.59349E+00
       GC_533 =   0.00000E+00   0.16166E+01

 Collider parameters:
 --------------------

 Running at P P   machine @    13000.000000000000       GeV
 PDF set = lhapdf 
 alpha_s(Mz)= 0.1180 running at 3 loops.
 alpha_s(Mz)= 0.1180 running at 3 loops.
 Renormalization scale set on event-by-event basis
 Factorization   scale set on event-by-event basis


 getting user params
Enter number of events and max and min iterations: 
 Number of events and iterations         2000           8           3
Enter desired fractional accuracy: 
 Desired fractional accuracy:    1.0000000000000000E-002
Enter 0 for fixed, 2 for adjustable grid: 
Suppress amplitude (0 no, 1 yes)? 
 Using suppressed amplitude.
Exact helicity sum (0 yes, n = number/event)? 
 Explicitly summing over helicities
Enter Configuration Number: 
Running Configuration Number:  142
 Not subdividing B.W.
 Attempting mappinvarients           1           6
 Completed mapping           6
 about to integrate           10        2000           8           3          10           1
 Using non-zero grid deformation.
 10 dimensions   2000 events 10 invarients  8 iterations  1 config(s),  (0.99)
 Using h-tuple random number sequence.
 Error opening grid
 Using Uniform Grid!          24
 Using uniform alpha   1.0000000000000000     
 Grid defined OK
 Set CM energy to      13000.00
 Mapping Graph         142  to config         142
Setting grid   1    0.53254E-05   1
Setting grid   2    0.53254E-05   1
Setting grid   3    0.13314E-01   1
 Transforming s_hat 1/s            9   5.5405917159763327E-002   3600.0000000000000        168999999.99999997     
 142   1   2   3   4   5   6   7   8   9  10
 Masses: 0.000E+00 0.489E+01 0.150E+04 0.150E+04 0.000E+00 0.489E+01
Using random seed offsets   142 :     11
  with seed                   24
 Ranmar initialization seeds       31200        9408
 
 ********************************************
 * You are using the DiscreteSampler module *
 *      part of the MG5_aMC framework       *
 *         Author: Valentin Hirschi         *
 ********************************************
 
  Particle       3       4       5       6
      Et >     0.0     0.0    30.0    30.0
       E >     0.0     0.0     0.0     0.0
     Eta <    -1.0    -1.0     5.0     5.0
   xqcut:      0.0     0.0    30.0    29.6
d R # 3  >    -0.0     0.0     0.0     0.0
d R # 4  >    -0.0    -0.0     0.0     0.0
d R # 5  >    -0.0    -0.0    -0.0     0.0
s min # 3>     0.0     0.0     0.0     0.0
s min # 4>     0.0     0.0     0.0     0.0
s min # 5>     0.0     0.0     0.0   900.0
xqcutij # 3>     0.0     0.0     0.0     0.0
xqcutij # 4>     0.0     0.0     0.0     0.0
xqcutij # 5>     0.0     0.0     0.0     0.0
 No cut BW           -2           1
 No cut BW           -3           2
 alpha_s for scale    1544.3639889701171       is    8.2861611911990110E-002
 Added good helicity            3   3.1147221110778211E-005  in event            1 local:           1
 Added good helicity            4   3.7024460559324397       in event            1 local:           1
 Added good helicity            7   4.8169480382304220E-005  in event            1 local:           1
 Added good helicity            8   6.5234334377171788       in event            1 local:           1
 Added good helicity           11   4.1225704311526119E-005  in event            1 local:           1
 Added good helicity           12   5.0342920380506042       in event            1 local:           1
 Added good helicity           15   6.9399225042755024E-005  in event            1 local:           1
 Added good helicity           16   8.8857432505589546       in event            1 local:           1
 Added good helicity           19  0.78534298456012608       in event            1 local:           1
 Added good helicity           20   3.5973037020519614E-005  in event            1 local:           1
 Added good helicity           23  0.37643043906090984       in event            1 local:           1
 Added good helicity           24   1.0880961332867837E-005  in event            1 local:           1
 Added good helicity           27   4.8851166344731629       in event            1 local:           1
 Added good helicity           28   2.4350668316460325E-004  in event            1 local:           1
 Added good helicity           31   1.8314728268208913       in event            1 local:           1
 Added good helicity           32   7.2553538440507683E-005  in event            1 local:           1
 Added good helicity           33   7.3412980501199988E-005  in event            1 local:           1
 Added good helicity           34   1.8333433553211540       in event            1 local:           1
 Added good helicity           37   2.4473539990107823E-004  in event            1 local:           1
 Added good helicity           38   4.8209350750292579       in event            1 local:           1
 Added good helicity           41   1.0920343954710312E-005  in event            1 local:           1
 Added good helicity           42  0.37484706293789422       in event            1 local:           1
 Added good helicity           45   3.5947664467336994E-005  in event            1 local:           1
 Added good helicity           46  0.77071635983755471       in event            1 local:           1
 Added good helicity           49   8.8874299059904658       in event            1 local:           1
 Added good helicity           50   6.9516786535347354E-005  in event            1 local:           1
 Added good helicity           53   5.0265759563447725       in event            1 local:           1
 Added good helicity           54   4.1209124385707061E-005  in event            1 local:           1
 Added good helicity           57   6.5594584199587596       in event            1 local:           1
 Added good helicity           58   4.8437373896198274E-005  in event            1 local:           1
 Added good helicity           61   3.7013080764342399       in event            1 local:           1
 Added good helicity           62   3.1085447190807386E-005  in event            1 local:           1
 Added good helicity            3   3.1147221110778313E-005  in event            1 local:           1
 Added good helicity            4   3.7024460559324410       in event            1 local:           1
 Added good helicity            7   4.8169480382304267E-005  in event            1 local:           1
 Added good helicity            8   6.5234334377171770       in event            1 local:           1
 Added good helicity           11   4.1225704311526241E-005  in event            1 local:           1
 Added good helicity           12   5.0342920380506042       in event            1 local:           1
 Added good helicity           15   6.9399225042755038E-005  in event            1 local:           1
 Added good helicity           16   8.8857432505589600       in event            1 local:           1
 Added good helicity           19  0.78534298456012563       in event            1 local:           1
 Added good helicity           20   3.5973037020519587E-005  in event            1 local:           1
 Added good helicity           23  0.37643043906090962       in event            1 local:           1
 Added good helicity           24   1.0880961332867825E-005  in event            1 local:           1
 Added good helicity           27   4.8851166344731594       in event            1 local:           1
 Added good helicity           28   2.4350668316460306E-004  in event            1 local:           1
 Added good helicity           31   1.8314728268208929       in event            1 local:           1
 Added good helicity           32   7.2553538440507697E-005  in event            1 local:           1
 Added good helicity           33   7.3412980501199948E-005  in event            1 local:           1
 Added good helicity           34   1.8333433553211558       in event            1 local:           1
 Added good helicity           37   2.4473539990107801E-004  in event            1 local:           1
 Added good helicity           38   4.8209350750292499       in event            1 local:           1
 Added good helicity           41   1.0920343954710303E-005  in event            1 local:           1
 Added good helicity           42  0.37484706293789444       in event            1 local:           1
 Added good helicity           45   3.5947664467336994E-005  in event            1 local:           1
 Added good helicity           46  0.77071635983755449       in event            1 local:           1
 Added good helicity           49   8.8874299059904729       in event            1 local:           1
 Added good helicity           50   6.9516786535347367E-005  in event            1 local:           1
 Added good helicity           53   5.0265759563447689       in event            1 local:           1
 Added good helicity           54   4.1209124385707177E-005  in event            1 local:           1
 Added good helicity           57   6.5594584199587542       in event            1 local:           1
 Added good helicity           58   4.8437373896198227E-005  in event            1 local:           1
 Added good helicity           61   3.7013080764342430       in event            1 local:           1
 Added good helicity           62   3.1085447190807338E-005  in event            1 local:           1
 RESET CUMULATIVE VARIABLE
 RESET CUMULATIVE VARIABLE
 RESET CUMULATIVE VARIABLE
 Iteration  1   Mean: 0.2143E-23 Abs mean: 0.2143E-23   Fluctuation:  0.310E-24   0.339E-21    66.8%
  1    0.2143E-23 0.2143E-23 +- 0.3100E-24      6.47
 Writing out events   2.0057878839408816E-028   6.4685071769997284     
 Relative summed weights:
  0.0000E+00  0.0000E+00  0.0000E+00  0.0000E+00  0.0000E+00  0.0000E+00  0.0000E+00  0.0000E+00  0.5220E-01  0.1636E-01  0.1889E+00  0.8227E-01  0.0000E+00  0.0000E+00  0.0000E+00  0.0000E+00  0.0000E+00  0.0000E+00  0.0000E+00  0.0000E+00  0.0000E+00  0.0000E+00  0.0000E+00  0.0000E+00  0.6137E-01  0.3068E-01  0.1334E-01  0.2141E-01  0.0000E+00  0.0000E+00  0.0000E+00  0.0000E+00
  0.0000E+00  0.0000E+00  0.0000E+00  0.0000E+00  0.0000E+00  0.0000E+00  0.0000E+00  0.0000E+00  0.4711E-01  0.2200E-01  0.1820E+00  0.8626E-01  0.0000E+00  0.0000E+00  0.0000E+00  0.0000E+00  0.0000E+00  0.0000E+00  0.0000E+00  0.0000E+00  0.0000E+00  0.0000E+00  0.0000E+00  0.0000E+00  0.4187E-01  0.1150E+00  0.9125E-02  0.3007E-01  0.0000E+00  0.0000E+00  0.0000E+00  0.0000E+00
 Relative number of events:
  0.0000E+00  0.0000E+00  0.0000E+00  0.0000E+00  0.0000E+00  0.0000E+00  0.0000E+00  0.0000E+00  0.4480E-01  0.4032E-01  0.1349E+00  0.1429E+00  0.0000E+00  0.0000E+00  0.0000E+00  0.0000E+00  0.0000E+00  0.0000E+00  0.0000E+00  0.0000E+00  0.0000E+00  0.0000E+00  0.0000E+00  0.0000E+00  0.4380E-01  0.4480E-01  0.1394E-01  0.1792E-01  0.0000E+00  0.0000E+00  0.0000E+00  0.0000E+00
  0.0000E+00  0.0000E+00  0.0000E+00  0.0000E+00  0.0000E+00  0.0000E+00  0.0000E+00  0.0000E+00  0.5824E-01  0.4480E-01  0.1409E+00  0.1364E+00  0.0000E+00  0.0000E+00  0.0000E+00  0.0000E+00  0.0000E+00  0.0000E+00  0.0000E+00  0.0000E+00  0.0000E+00  0.0000E+00  0.0000E+00  0.0000E+00  0.4629E-01  0.5376E-01  0.1294E-01  0.2339E-01  0.0000E+00  0.0000E+00  0.0000E+00  0.0000E+00
 Events:
           0           0           0           0           0           0           0           0          90          81         271         287           0           0           0           0           0           0           0           0           0           0           0           0          88          90          28          36           0           0           0           0
           0           0           0           0           0           0           0           0         117          90         283         274           0           0           0           0           0           0           0           0           0           0           0           0          93         108          26          47           0           0           0           0
 Iteration  2   Mean: 0.1743E-23 Abs mean: 0.1743E-23   Fluctuation:  0.831E-25   0.107E-21    85.1%
  2    0.1743E-23 0.1743E-23 +- 0.8306E-25      3.01
 Relative summed weights:
  0.0000E+00  0.0000E+00  0.0000E+00  0.0000E+00  0.0000E+00  0.0000E+00  0.0000E+00  0.0000E+00  0.4224E-01  0.4354E-01  0.1174E+00  0.1418E+00  0.0000E+00  0.0000E+00  0.0000E+00  0.0000E+00  0.0000E+00  0.0000E+00  0.0000E+00  0.0000E+00  0.0000E+00  0.0000E+00  0.0000E+00  0.0000E+00  0.5387E-01  0.8040E-01  0.1499E-01  0.2044E-01  0.0000E+00  0.0000E+00  0.0000E+00  0.0000E+00
  0.0000E+00  0.0000E+00  0.0000E+00  0.0000E+00  0.0000E+00  0.0000E+00  0.0000E+00  0.0000E+00  0.3975E-01  0.5195E-01  0.1258E+00  0.1131E+00  0.0000E+00  0.0000E+00  0.0000E+00  0.0000E+00  0.0000E+00  0.0000E+00  0.0000E+00  0.0000E+00  0.0000E+00  0.0000E+00  0.0000E+00  0.0000E+00  0.7089E-01  0.3995E-01  0.2661E-01  0.1728E-01  0.0000E+00  0.0000E+00  0.0000E+00  0.0000E+00
 Relative number of events:
  0.0000E+00  0.0000E+00  0.0000E+00  0.0000E+00  0.0000E+00  0.0000E+00  0.0000E+00  0.0000E+00  0.4375E-01  0.4925E-01  0.1373E+00  0.1328E+00  0.0000E+00  0.0000E+00  0.0000E+00  0.0000E+00  0.0000E+00  0.0000E+00  0.0000E+00  0.0000E+00  0.0000E+00  0.0000E+00  0.0000E+00  0.0000E+00  0.5450E-01  0.5525E-01  0.1850E-01  0.2000E-01  0.0000E+00  0.0000E+00  0.0000E+00  0.0000E+00
  0.0000E+00  0.0000E+00  0.0000E+00  0.0000E+00  0.0000E+00  0.0000E+00  0.0000E+00  0.0000E+00  0.4400E-01  0.4400E-01  0.1275E+00  0.1378E+00  0.0000E+00  0.0000E+00  0.0000E+00  0.0000E+00  0.0000E+00  0.0000E+00  0.0000E+00  0.0000E+00  0.0000E+00  0.0000E+00  0.0000E+00  0.0000E+00  0.5575E-01  0.4400E-01  0.1950E-01  0.1625E-01  0.0000E+00  0.0000E+00  0.0000E+00  0.0000E+00
 Events:
           0           0           0           0           0           0           0           0         175         197         549         531           0           0           0           0           0           0           0           0           0           0           0           0         218         221          74          80           0           0           0           0
           0           0           0           0           0           0           0           0         176         176         510         551           0           0           0           0           0           0           0           0           0           0           0           0         223         176          78          65           0           0           0           0
 Iteration  3   Mean: 0.1825E-23 Abs mean: 0.1825E-23   Fluctuation:  0.436E-25   0.653E-22    90.7%
  3    0.1825E-23 0.1825E-23 +- 0.4357E-25      2.14
 Relative summed weights:
  0.0000E+00  0.0000E+00  0.0000E+00  0.0000E+00  0.0000E+00  0.0000E+00  0.0000E+00  0.0000E+00  0.3557E-01  0.3611E-01  0.1435E+00  0.1304E+00  0.0000E+00  0.0000E+00  0.0000E+00  0.0000E+00  0.0000E+00  0.0000E+00  0.0000E+00  0.0000E+00  0.0000E+00  0.0000E+00  0.0000E+00  0.0000E+00  0.5879E-01  0.5532E-01  0.1382E-01  0.2161E-01  0.0000E+00  0.0000E+00  0.0000E+00  0.0000E+00
  0.0000E+00  0.0000E+00  0.0000E+00  0.0000E+00  0.0000E+00  0.0000E+00  0.0000E+00  0.0000E+00  0.4404E-01  0.3874E-01  0.1440E+00  0.1260E+00  0.0000E+00  0.0000E+00  0.0000E+00  0.0000E+00  0.0000E+00  0.0000E+00  0.0000E+00  0.0000E+00  0.0000E+00  0.0000E+00  0.0000E+00  0.0000E+00  0.6000E-01  0.5899E-01  0.1586E-01  0.1728E-01  0.0000E+00  0.0000E+00  0.0000E+00  0.0000E+00
 Relative number of events:
  0.0000E+00  0.0000E+00  0.0000E+00  0.0000E+00  0.0000E+00  0.0000E+00  0.0000E+00  0.0000E+00  0.4425E-01  0.4350E-01  0.1364E+00  0.1324E+00  0.0000E+00  0.0000E+00  0.0000E+00  0.0000E+00  0.0000E+00  0.0000E+00  0.0000E+00  0.0000E+00  0.0000E+00  0.0000E+00  0.0000E+00  0.0000E+00  0.5900E-01  0.5100E-01  0.1837E-01  0.2125E-01  0.0000E+00  0.0000E+00  0.0000E+00  0.0000E+00
  0.0000E+00  0.0000E+00  0.0000E+00  0.0000E+00  0.0000E+00  0.0000E+00  0.0000E+00  0.0000E+00  0.4412E-01  0.4662E-01  0.1298E+00  0.1281E+00  0.0000E+00  0.0000E+00  0.0000E+00  0.0000E+00  0.0000E+00  0.0000E+00  0.0000E+00  0.0000E+00  0.0000E+00  0.0000E+00  0.0000E+00  0.0000E+00  0.5162E-01  0.5600E-01  0.1912E-01  0.1850E-01  0.0000E+00  0.0000E+00  0.0000E+00  0.0000E+00
 Events:
           0           0           0           0           0           0           0           0         354         348        1091        1059           0           0           0           0           0           0           0           0           0           0           0           0         472         408         147         170           0           0           0           0
           0           0           0           0           0           0           0           0         353         373        1038        1025           0           0           0           0           0           0           0           0           0           0           0           0         413         448         153         148           0           0           0           0
 Accuracy:    0.023   0.010   0.021   1.154
 Found          878  events.
 Wrote          335  events.
 Actual xsec    1.8155436312668562E-024
 Correct abs xsec    1.8155436312668562E-024
 Event xsec    1.8155436312668448E-024
 Events wgts > 1:           11
 % Cross section > 1:    1.5119707410457959E-026  0.83279229152470291     
 Iteration  4   Mean: 0.1703E-23 Abs mean: 0.1703E-23   Fluctuation:  0.223E-25   0.761E-22    93.1%
  4    0.1703E-23 0.1703E-23 +- 0.2227E-25      1.65
 Relative summed weights:
  0.0000E+00  0.0000E+00  0.0000E+00  0.0000E+00  0.0000E+00  0.0000E+00  0.0000E+00  0.0000E+00  0.4605E-01  0.4246E-01  0.1342E+00  0.1183E+00  0.0000E+00  0.0000E+00  0.0000E+00  0.0000E+00  0.0000E+00  0.0000E+00  0.0000E+00  0.0000E+00  0.0000E+00  0.0000E+00  0.0000E+00  0.0000E+00  0.5614E-01  0.6326E-01  0.2120E-01  0.1974E-01  0.0000E+00  0.0000E+00  0.0000E+00  0.0000E+00
  0.0000E+00  0.0000E+00  0.0000E+00  0.0000E+00  0.0000E+00  0.0000E+00  0.0000E+00  0.0000E+00  0.4426E-01  0.4041E-01  0.1276E+00  0.1305E+00  0.0000E+00  0.0000E+00  0.0000E+00  0.0000E+00  0.0000E+00  0.0000E+00  0.0000E+00  0.0000E+00  0.0000E+00  0.0000E+00  0.0000E+00  0.0000E+00  0.6246E-01  0.5795E-01  0.1775E-01  0.1767E-01  0.0000E+00  0.0000E+00  0.0000E+00  0.0000E+00
 Relative number of events:
  0.0000E+00  0.0000E+00  0.0000E+00  0.0000E+00  0.0000E+00  0.0000E+00  0.0000E+00  0.0000E+00  0.4556E-01  0.4225E-01  0.1331E+00  0.1267E+00  0.0000E+00  0.0000E+00  0.0000E+00  0.0000E+00  0.0000E+00  0.0000E+00  0.0000E+00  0.0000E+00  0.0000E+00  0.0000E+00  0.0000E+00  0.0000E+00  0.5887E-01  0.5550E-01  0.1975E-01  0.1950E-01  0.0000E+00  0.0000E+00  0.0000E+00  0.0000E+00
  0.0000E+00  0.0000E+00  0.0000E+00  0.0000E+00  0.0000E+00  0.0000E+00  0.0000E+00  0.0000E+00  0.4519E-01  0.4431E-01  0.1295E+00  0.1304E+00  0.0000E+00  0.0000E+00  0.0000E+00  0.0000E+00  0.0000E+00  0.0000E+00  0.0000E+00  0.0000E+00  0.0000E+00  0.0000E+00  0.0000E+00  0.0000E+00  0.5450E-01  0.5588E-01  0.1975E-01  0.1931E-01  0.0000E+00  0.0000E+00  0.0000E+00  0.0000E+00
 Events:
           0           0           0           0           0           0           0           0         729         676        2129        2027           0           0           0           0           0           0           0           0           0           0           0           0         942         888         316         312           0           0           0           0
           0           0           0           0           0           0           0           0         723         709        2072        2086           0           0           0           0           0           0           0           0           0           0           0           0         872         894         316         309           0           0           0           0
 Accuracy:    0.020   0.010   0.011   3.105
 Found         1577  events.
 Wrote         1218  events.
 Actual xsec    1.7319922639624366E-024
 Correct abs xsec    1.7319922639624366E-024
 Event xsec    1.7319922639624230E-024
 Events wgts > 1:           26
 % Cross section > 1:    1.7195335594262771E-026  0.99280672044825236     
 Iteration  5   Mean: 0.1741E-23 Abs mean: 0.1741E-23   Fluctuation:  0.144E-25   0.612E-22    94.0%
  5    0.1741E-23 0.1741E-23 +- 0.1444E-25      1.48
 Relative summed weights:
  0.0000E+00  0.0000E+00  0.0000E+00  0.0000E+00  0.0000E+00  0.0000E+00  0.0000E+00  0.0000E+00  0.4578E-01  0.4737E-01  0.1299E+00  0.1280E+00  0.0000E+00  0.0000E+00  0.0000E+00  0.0000E+00  0.0000E+00  0.0000E+00  0.0000E+00  0.0000E+00  0.0000E+00  0.0000E+00  0.0000E+00  0.0000E+00  0.5585E-01  0.6400E-01  0.1864E-01  0.1748E-01  0.0000E+00  0.0000E+00  0.0000E+00  0.0000E+00
  0.0000E+00  0.0000E+00  0.0000E+00  0.0000E+00  0.0000E+00  0.0000E+00  0.0000E+00  0.0000E+00  0.4483E-01  0.4296E-01  0.1297E+00  0.1195E+00  0.0000E+00  0.0000E+00  0.0000E+00  0.0000E+00  0.0000E+00  0.0000E+00  0.0000E+00  0.0000E+00  0.0000E+00  0.0000E+00  0.0000E+00  0.0000E+00  0.6070E-01  0.5651E-01  0.1992E-01  0.1884E-01  0.0000E+00  0.0000E+00  0.0000E+00  0.0000E+00
 Relative number of events:
  0.0000E+00  0.0000E+00  0.0000E+00  0.0000E+00  0.0000E+00  0.0000E+00  0.0000E+00  0.0000E+00  0.4606E-01  0.4688E-01  0.1258E+00  0.1289E+00  0.0000E+00  0.0000E+00  0.0000E+00  0.0000E+00  0.0000E+00  0.0000E+00  0.0000E+00  0.0000E+00  0.0000E+00  0.0000E+00  0.0000E+00  0.0000E+00  0.5738E-01  0.5925E-01  0.1978E-01  0.1978E-01  0.0000E+00  0.0000E+00  0.0000E+00  0.0000E+00
  0.0000E+00  0.0000E+00  0.0000E+00  0.0000E+00  0.0000E+00  0.0000E+00  0.0000E+00  0.0000E+00  0.4444E-01  0.4206E-01  0.1306E+00  0.1266E+00  0.0000E+00  0.0000E+00  0.0000E+00  0.0000E+00  0.0000E+00  0.0000E+00  0.0000E+00  0.0000E+00  0.0000E+00  0.0000E+00  0.0000E+00  0.0000E+00  0.5700E-01  0.5462E-01  0.2078E-01  0.2006E-01  0.0000E+00  0.0000E+00  0.0000E+00  0.0000E+00
 Events:
           0           0           0           0           0           0           0           0        1474        1500        4027        4125           0           0           0           0           0           0           0           0           0           0           0           0        1836        1896         633         633           0           0           0           0
           0           0           0           0           0           0           0           0        1422        1346        4179        4050           0           0           0           0           0           0           0           0           0           0           0           0        1824        1748         665         642           0           0           0           0
 Accuracy:    0.010   0.010   0.007   2.336
 Found         3421  events.
 Wrote         3288  events.
 Actual xsec    1.7376414849102627E-024
 Correct abs xsec    1.7376414849102627E-024
 Event xsec    1.7376414849103700E-024
 Events wgts > 1:           96
 % Cross section > 1:    1.7043405573144069E-026  0.98083555906949316     
 Iteration  6   Mean: 0.1739E-23 Abs mean: 0.1739E-23   Fluctuation:  0.967E-26   0.912E-22    94.2%
  6    0.1739E-23 0.1739E-23 +- 0.9666E-26      1.41
 Relative summed weights:
  0.0000E+00  0.0000E+00  0.0000E+00  0.0000E+00  0.0000E+00  0.0000E+00  0.0000E+00  0.0000E+00  0.4267E-01  0.4039E-01  0.1301E+00  0.1254E+00  0.0000E+00  0.0000E+00  0.0000E+00  0.0000E+00  0.0000E+00  0.0000E+00  0.0000E+00  0.0000E+00  0.0000E+00  0.0000E+00  0.0000E+00  0.0000E+00  0.5974E-01  0.5543E-01  0.1811E-01  0.1901E-01  0.0000E+00  0.0000E+00  0.0000E+00  0.0000E+00
  0.0000E+00  0.0000E+00  0.0000E+00  0.0000E+00  0.0000E+00  0.0000E+00  0.0000E+00  0.0000E+00  0.4642E-01  0.4322E-01  0.1309E+00  0.1327E+00  0.0000E+00  0.0000E+00  0.0000E+00  0.0000E+00  0.0000E+00  0.0000E+00  0.0000E+00  0.0000E+00  0.0000E+00  0.0000E+00  0.0000E+00  0.0000E+00  0.5968E-01  0.5956E-01  0.1876E-01  0.1794E-01  0.0000E+00  0.0000E+00  0.0000E+00  0.0000E+00
 Relative number of events:
  0.0000E+00  0.0000E+00  0.0000E+00  0.0000E+00  0.0000E+00  0.0000E+00  0.0000E+00  0.0000E+00  0.4467E-01  0.4261E-01  0.1295E+00  0.1270E+00  0.0000E+00  0.0000E+00  0.0000E+00  0.0000E+00  0.0000E+00  0.0000E+00  0.0000E+00  0.0000E+00  0.0000E+00  0.0000E+00  0.0000E+00  0.0000E+00  0.5616E-01  0.5500E-01  0.1997E-01  0.2030E-01  0.0000E+00  0.0000E+00  0.0000E+00  0.0000E+00
  0.0000E+00  0.0000E+00  0.0000E+00  0.0000E+00  0.0000E+00  0.0000E+00  0.0000E+00  0.0000E+00  0.4553E-01  0.4323E-01  0.1303E+00  0.1308E+00  0.0000E+00  0.0000E+00  0.0000E+00  0.0000E+00  0.0000E+00  0.0000E+00  0.0000E+00  0.0000E+00  0.0000E+00  0.0000E+00  0.0000E+00  0.0000E+00  0.5719E-01  0.5775E-01  0.2005E-01  0.1998E-01  0.0000E+00  0.0000E+00  0.0000E+00  0.0000E+00
 Events:
           0           0           0           0           0           0           0           0        2859        2727        8289        8129           0           0           0           0           0           0           0           0           0           0           0           0        3594        3520        1278        1299           0           0           0           0
           0           0           0           0           0           0           0           0        2914        2767        8337        8369           0           0           0           0           0           0           0           0           0           0           0           0        3660        3696        1283        1279           0           0           0           0
 Accuracy:    0.006   0.010   0.004   1.868
 Finished due to accuracy    5.8274519648800127E-003   1.0000000000000000E-002

 -------------------------------------------------------------------------------
 Accumulated results:   Integral =  0.1739E-23
                        Std dev  =  0.7414E-26
                       Cross sec =  0.1739E-23
             Chi**2 per DoF.     =      1.8681
 -------------------------------------------------------------------------------
 Found         6688  events.
 Wrote         6684  events.
 Actual xsec    1.7356652543180051E-024
 Correct abs xsec    1.7356652543180051E-024
 Event xsec    1.7356652543182255E-024
 Events wgts > 1:          149
 % Cross section > 1:    1.4715660262607174E-026  0.84783976783515957     
-------------------------------------------------
---------------------------
 Results Last   3 iters: Integral =   0.1736E-23
Thanks for using LHAPDF 6.2.1. Please make sure to cite the paper:
  Eur.Phys.J. C75 (2015) 3, 132  (http://arxiv.org/abs/1412.7420)
                     Abs integral =   0.1736E-23
                          Std dev =   0.7556E-26
                  Chi**2 per DoF. =      1.1853
-------------------------------------------------
---------------------------
 Status   1.0000000000000000E-002           7           8

ls status:
events.lhe
ftn26
input_app.txt
results.dat
run1_app.log
