==== LHAPDF6 USING DEFAULT-TYPE LHAGLUE INTERFACE ====
LHAPDF 6.2.1 loading /cvmfs/cms.cern.ch/slc7_amd64_gcc700/external/lhapdf/6.2.1-pafccj3/share/LHAPDF/NNPDF31_nnlo_as_0118_mc_hessian_pdfas/NNPDF31_nnlo_as_0118_mc_hessian_pdfas_0000.dat
NNPDF31_nnlo_as_0118_mc_hessian_pdfas PDF set, member #0, version 1; LHAPDF ID = 325300
 Process in group number            3
 A PDF is used, so alpha_s(MZ) is going to be modified
 Old value of alpha_s from param_card:   0.11799999999999999     
 New value of alpha_s from PDF lhapdf :  0.11800208008122040     
 using LHAPDF
 Warning! ptj set to xqcut=   30.000000000000000       to improve integration efficiency
 Note that this might affect non-radiated jets,
 e.g. from decays. Use cut_decays=F in run_card.
 Warning! mmjj set to xqcut=   30.000000000000000       to improve integration efficiency
 Note that this might affect non-radiated jets,
 e.g. from decays. Use cut_decays=F in run_card.
 Define smin to   3600.0000000000000     
 Define smin to   3600.0000000000000     
 Define smin to   3600.0000000000000     
 Define smin to   3600.0000000000000     
 Define smin to   3600.0000000000000     
 Define smin to   3600.0000000000000     
 Define smin to   3600.0000000000000     
 Define smin to   3600.0000000000000     
 Define smin to   3600.0000000000000     
 Define smin to   3600.0000000000000     
 Define smin to   3600.0000000000000     
 Define smin to   3600.0000000000000     
 Define smin to   3600.0000000000000     
 Define smin to   3600.0000000000000     
 Define smin to   3600.0000000000000     
 Define smin to   3600.0000000000000     
 *****************************************************
 *               MadGraph/MadEvent                   *
 *        --------------------------------           *
 *          http://madgraph.hep.uiuc.edu             *
 *          http://madgraph.phys.ucl.ac.be           *
 *          http://madgraph.roma2.infn.it            *
 *        --------------------------------           *
 *                                                   *
 *          PARAMETER AND COUPLING VALUES            *
 *                                                   *
 *****************************************************

  External Params
  ---------------------------------
  
 mdl_RRd1x1 =    1.0000000000000000     
 mdl_RRd2x2 =    1.0000000000000000     
 mdl_RRd3x3 =   0.93873790000000001     
 mdl_RRd3x6 =   0.34463189999999999     
 mdl_RRd4x4 =    1.0000000000000000     
 mdl_RRd5x5 =    1.0000000000000000     
 mdl_RRd6x3 =  -0.34463189999999999     
 mdl_RRd6x6 =   0.93873790000000001     
 mdl_alp =  -0.11382520000000000     
 mdl_RMUH =    357.68099999999998     
 mdl_tb =    9.7486239999999995     
 mdl_MA2 =    166439.10000000001     
 mdl_RmD21x1 =    273684.70000000001     
 mdl_RmD23x3 =    270262.00000000000     
 mdl_RmE21x1 =    18630.630000000001     
 mdl_RmE23x3 =    17967.639999999999     
 mdl_RmL21x1 =    38155.669999999998     
 mdl_RmL23x3 =    37828.680000000000     
 mdl_RMx1 =    101.39650000000000     
 mdl_RMx2 =    191.50420000000000     
 mdl_RMx3 =    588.26300000000003     
 mdl_mHd2 =    32337.490000000002     
 mdl_mHu2 =   -128800.10000000001     
 mdl_RmQ21x1 =    299836.70000000001     
 mdl_RmQ23x3 =    248765.39999999999     
 mdl_RmU21x1 =    280382.09999999998     
 mdl_RmU23x3 =    179137.10000000001     
 mdl_RNN1x1 =   0.98636440000000003     
 mdl_RNN1x2 =   -5.3110360000000002E-002
 mdl_RNN1x3 =   0.14643400000000001     
 mdl_RNN1x4 =   -5.3118609999999997E-002
 mdl_RNN2x1 =    9.9350540000000001E-002
 mdl_RNN2x2 =   0.94494929999999999     
 mdl_RNN2x3 =  -0.26984669999999999     
 mdl_RNN2x4 =   0.15615070000000000     
 mdl_RNN3x1 =   -6.0338799999999998E-002
 mdl_RNN3x2 =    8.7700490000000006E-002
 mdl_RNN3x3 =   0.69587750000000004     
 mdl_RNN3x4 =   0.71022700000000005     
 mdl_RNN4x1 =  -0.11650710000000000     
 mdl_RNN4x2 =   0.31073899999999999     
 mdl_RNN4x3 =   0.64922599999999997     
 mdl_RNN4x4 =  -0.68437780000000004     
 mdl_RRl1x1 =    1.0000000000000000     
 mdl_RRl2x2 =    1.0000000000000000     
 mdl_RRl3x3 =   0.28248719999999999     
 mdl_RRl3x6 =   0.95927110000000004     
 mdl_RRl4x4 =    1.0000000000000000     
 mdl_RRl5x5 =    1.0000000000000000     
 mdl_RRl6x3 =   0.95927110000000004     
 mdl_RRl6x6 =  -0.28248719999999999     
 aEWM1 =    127.93400000000000     
 aS =   0.11799999999999999     
 mdl_RRn1x1 =    1.0000000000000000     
 mdl_RRn2x2 =    1.0000000000000000     
 mdl_RRn3x3 =    1.0000000000000000     
 mdl_Rtd3x3 =   -110.69370000000001     
 mdl_Rte3x3 =   -25.401969999999999     
 mdl_Rtu3x3 =   -444.75250000000000     
 mdl_RUU1x1 =   0.91683490000000001     
 mdl_RUU1x2 =  -0.39926660000000003     
 mdl_RUU2x1 =   0.39926660000000003     
 mdl_RUU2x2 =   0.91683490000000001     
 mdl_RMNS1x1 =    1.0000000000000000     
 mdl_RMNS2x2 =    1.0000000000000000     
 mdl_RMNS3x3 =    1.0000000000000000     
 mdl_RRu1x1 =    1.0000000000000000     
 mdl_RRu2x2 =    1.0000000000000000     
 mdl_RRu3x3 =   0.55364500000000005     
 mdl_RRu3x6 =   0.83275279999999996     
 mdl_RRu4x4 =    1.0000000000000000     
 mdl_RRu5x5 =    1.0000000000000000     
 mdl_RRu6x3 =   0.83275279999999996     
 mdl_RRu6x6 =  -0.55364500000000005     
 mdl_RCKM1x1 =    1.0000000000000000     
 mdl_RCKM2x2 =    1.0000000000000000     
 mdl_RCKM3x3 =    1.0000000000000000     
 mdl_RVV1x1 =   0.97255780000000003     
 mdl_RVV1x2 =  -0.23266120000000001     
 mdl_RVV2x1 =   0.23266120000000001     
 mdl_RVV2x2 =   0.97255780000000003     
 mdl_Ryd3x3 =   0.13884020000000000     
 mdl_Rye3x3 =   0.10089080000000000     
 mdl_Ryu3x3 =   0.89284450000000004     
 mdl_MZ =    91.187600000000003     
 mdl_MW =    79.829009999999997     
 mdl_Mneu1 =    100000.00000000000     
 mdl_Mneu2 =    100000.00000000000     
 mdl_Mneu3 =    100000.00000000000     
 mdl_Mneu4 =    100000.00000000000     
 mdl_Mch1 =    100000.00000000000     
 mdl_Mch2 =    100000.00000000000     
 mdl_Mgo =    1500.0000000000000     
 mdl_MH01 =    110.89910000000000     
 mdl_MH02 =    399.96010000000001     
 mdl_MA0 =    399.58390000000003     
 mdl_MH =    407.87900000000002     
 mdl_Mta =    1.7769999999999999     
 mdl_MT =    175.00000000000000     
 mdl_MB =    4.8899169999999996     
 mdl_Msn1 =    100000.00000000000     
 mdl_Msn3 =    100000.00000000000     
 mdl_Msl1 =    100000.00000000000     
 mdl_Msl3 =    100000.00000000000     
 mdl_Msl4 =    100000.00000000000     
 mdl_Msl6 =    100000.00000000000     
 mdl_Msu1 =    100000.00000000000     
 mdl_Msu3 =    100000.00000000000     
 mdl_Msu4 =    100000.00000000000     
 mdl_Msu6 =    100000.00000000000     
 mdl_Msd1 =    100000.00000000000     
 mdl_Msd3 =    100000.00000000000     
 mdl_Msd4 =    100000.00000000000     
 mdl_Msd6 =    100000.00000000000     
 mdl_WZ =    2.4114330000000002     
 mdl_WW =    2.0028220000000001     
 mdl_Wneu2 =    2.0777000000000000E-002
 mdl_Wneu3 =    1.9159850000000000     
 mdl_Wneu4 =    2.5858509999999999     
 mdl_Wch1 =    1.7041450000000000E-002
 mdl_Wch2 =    2.4868950000000001     
 mdl_Wgo =    5.5067539999999999     
 mdl_WH01 =    1.9861079999999999E-003
 mdl_WH02 =   0.57480140000000002     
 mdl_WA0 =   0.63217849999999998     
 mdl_WH =   0.54696279999999997     
 mdl_WT =    1.5619499999999999     
 mdl_Wsn1 =   0.14988160000000000     
 mdl_Wsn2 =   0.14988160000000000     
 mdl_Wsn3 =   0.14751900000000001     
 mdl_Wsl1 =   0.21368219999999999     
 mdl_Wsl2 =   0.21368219999999999     
 mdl_Wsl3 =   0.14832730000000000     
 mdl_Wsl4 =   0.21612160000000000     
 mdl_Wsl5 =   0.21612160000000000     
 mdl_Wsl6 =   0.26990609999999998     
 mdl_Wsu1 =    5.4771950000000000     
 mdl_Wsu2 =    5.4771950000000000     
 mdl_Wsu3 =    2.0215960000000002     
 mdl_Wsu4 =    1.1529730000000000     
 mdl_Wsu5 =    1.1529730000000000     
 mdl_Wsu6 =    7.3731330000000002     
 mdl_Wsd1 =    5.3127880000000003     
 mdl_Wsd2 =    5.3127880000000003     
 mdl_Wsd3 =    3.7362760000000002     
 mdl_Wsd4 =   0.28581230000000002     
 mdl_Wsd5 =   0.28581230000000002     
 mdl_Wsd6 =   0.80156629999999995     
  Internal Params
  ---------------------------------
  
 mdl_Msu5 =    100000.00000000000     
 mdl_Msu2 =    100000.00000000000     
 mdl_RmD22x2 =    273684.70000000001     
 mdl_Msl2 =    100000.00000000000     
 mdl_Msl5 =    100000.00000000000     
 mdl_RmL22x2 =    38155.669999999998     
 mdl_Msd2 =    100000.00000000000     
 mdl_RmQ22x2 =    299836.70000000001     
 mdl_Msd5 =    100000.00000000000     
 mdl_RmU22x2 =    280382.09999999998     
 mdl_Msn2 =    100000.00000000000     
 mdl_RmE22x2 =    18630.630000000001     
 mdl_conjg__CKM3x3 =    1.0000000000000000     
 mdl_I5x11 =    1.0000000000000000     
 mdl_I97x11 =    1.0000000000000000     
 mdl_I43x22 =    1.0000000000000000     
 mdl_I51x11 =    1.0000000000000000     
 mdl_I75x55 =    1.0000000000000000     
 mdl_I92x22 =    1.0000000000000000     
 mdl_I96x11 =    1.0000000000000000     
 mdl_I93x22 =    1.0000000000000000     
 mdl_conjg__Rn3x3 =    1.0000000000000000     
 mdl_I45x11 =    1.0000000000000000     
 mdl_I75x44 =    1.0000000000000000     
 mdl_I25x22 =    1.0000000000000000     
 mdl_I52x44 =    1.0000000000000000     
 mdl_conjg__Ru1x1 =    1.0000000000000000     
 mdl_I32x44 =    1.0000000000000000     
 mdl_conjg__Ru4x4 =    1.0000000000000000     
 mdl_I6x44 =    1.0000000000000000     
 mdl_I53x11 =    1.0000000000000000     
 mdl_conjg__Rd5x5 =    1.0000000000000000     
 mdl_conjg__Rl1x1 =    1.0000000000000000     
 mdl_I5x22 =    1.0000000000000000     
 mdl_I101x55 =    1.0000000000000000     
 mdl_I52x55 =    1.0000000000000000     
 mdl_I26x44 =    1.0000000000000000     
 mdl_conjg__Ru2x2 =    1.0000000000000000     
 mdl_I26x55 =    1.0000000000000000     
 mdl_I96x22 =    1.0000000000000000     
 mdl_I13x44 =    1.0000000000000000     
 mdl_I51x22 =    1.0000000000000000     
 mdl_I89x11 =    1.0000000000000000     
 mdl_I98x11 =    1.0000000000000000     
 mdl_I100x55 =    1.0000000000000000     
 mdl_Ru5x5 =    1.0000000000000000     
 mdl_Rl1x1 =    1.0000000000000000     
 mdl_conjg__Rl4x4 =    1.0000000000000000     
 mdl_Ru2x2 =    1.0000000000000000     
 mdl_Ru4x4 =    1.0000000000000000     
 mdl_conjg__Rd4x4 =    1.0000000000000000     
 mdl_Rd1x1 =    1.0000000000000000     
 mdl_I7x22 =    1.0000000000000000     
 mdl_I25x11 =    1.0000000000000000     
 mdl_I6x55 =    1.0000000000000000     
 mdl_CKM3x3 =    1.0000000000000000     
 mdl_Rn3x3 =    1.0000000000000000     
 mdl_conjg__Rd1x1 =    1.0000000000000000     
 mdl_I85x22 =    1.0000000000000000     
 mdl_conjg__Rn2x2 =    1.0000000000000000     
 mdl_I39x11 =    1.0000000000000000     
 mdl_I102x55 =    1.0000000000000000     
 mdl_atan__tb =    1.4685752826790794     
 mdl_beta =    1.4685752826790794     
 mdl_cw =   0.87543712083660485     
 mdl_mD21x1 =                (273684.70000000001,0.0000000000000000)
 mdl_mD22x2 =                (273684.70000000001,0.0000000000000000)
 mdl_mD23x3 =                (270262.00000000000,0.0000000000000000)
 mdl_mE21x1 =                (18630.630000000001,0.0000000000000000)
 mdl_mE22x2 =                (18630.630000000001,0.0000000000000000)
 mdl_mE23x3 =                (17967.639999999999,0.0000000000000000)
 mdl_mL21x1 =                (38155.669999999998,0.0000000000000000)
 mdl_mL22x2 =                (38155.669999999998,0.0000000000000000)
 mdl_mL23x3 =                (37828.680000000000,0.0000000000000000)
 mdl_mQ21x1 =                (299836.70000000001,0.0000000000000000)
 mdl_mQ22x2 =                (299836.70000000001,0.0000000000000000)
 mdl_mQ23x3 =                (248765.39999999999,0.0000000000000000)
 mdl_mU21x1 =                (280382.09999999998,0.0000000000000000)
 mdl_mU22x2 =                (280382.09999999998,0.0000000000000000)
 mdl_mU23x3 =                (179137.10000000001,0.0000000000000000)
 mdl_MUH =                (357.68099999999998,0.0000000000000000)
 mdl_Mx1 =                (101.39650000000000,0.0000000000000000)
 mdl_Mx2 =                (191.50420000000000,0.0000000000000000)
 mdl_Mx3 =                (588.26300000000003,0.0000000000000000)
 mdl_NN1x1 =               (0.98636440000000003,0.0000000000000000)
 mdl_NN1x2 =         (-5.31103600000000023E-002,0.0000000000000000)
 mdl_NN1x3 =               (0.14643400000000001,0.0000000000000000)
 mdl_NN1x4 =         (-5.31186099999999967E-002,0.0000000000000000)
 mdl_NN2x1 =          (9.93505400000000011E-002,0.0000000000000000)
 mdl_NN2x2 =               (0.94494929999999999,0.0000000000000000)
 mdl_NN2x3 =              (-0.26984669999999999,0.0000000000000000)
 mdl_NN2x4 =               (0.15615070000000000,0.0000000000000000)
 mdl_NN3x1 =         (-6.03387999999999980E-002,0.0000000000000000)
 mdl_NN3x2 =          (8.77004900000000059E-002,0.0000000000000000)
 mdl_NN3x3 =               (0.69587750000000004,0.0000000000000000)
 mdl_NN3x4 =               (0.71022700000000005,0.0000000000000000)
 mdl_NN4x1 =              (-0.11650710000000000,0.0000000000000000)
 mdl_NN4x2 =               (0.31073899999999999,0.0000000000000000)
 mdl_NN4x3 =               (0.64922599999999997,0.0000000000000000)
 mdl_NN4x4 =              (-0.68437780000000004,0.0000000000000000)
 mdl_Rd3x3 =               (0.93873790000000001,0.0000000000000000)
 mdl_Rd3x6 =               (0.34463189999999999,0.0000000000000000)
 mdl_Rd6x3 =              (-0.34463189999999999,0.0000000000000000)
 mdl_Rd6x6 =               (0.93873790000000001,0.0000000000000000)
 mdl_Rl3x3 =               (0.28248719999999999,0.0000000000000000)
 mdl_Rl3x6 =               (0.95927110000000004,0.0000000000000000)
 mdl_Rl6x3 =               (0.95927110000000004,0.0000000000000000)
 mdl_Rl6x6 =              (-0.28248719999999999,0.0000000000000000)
 mdl_Ru3x3 =               (0.55364500000000005,0.0000000000000000)
 mdl_Ru3x6 =               (0.83275279999999996,0.0000000000000000)
 mdl_Ru6x3 =               (0.83275279999999996,0.0000000000000000)
 mdl_Ru6x6 =              (-0.55364500000000005,0.0000000000000000)
 mdl_UU1x1 =               (0.91683490000000001,0.0000000000000000)
 mdl_UU1x2 =              (-0.39926660000000003,0.0000000000000000)
 mdl_UU2x1 =               (0.39926660000000003,0.0000000000000000)
 mdl_UU2x2 =               (0.91683490000000001,0.0000000000000000)
 mdl_VV1x1 =               (0.97255780000000003,0.0000000000000000)
 mdl_VV1x2 =              (-0.23266120000000001,0.0000000000000000)
 mdl_VV2x1 =               (0.23266120000000001,0.0000000000000000)
 mdl_VV2x2 =               (0.97255780000000003,0.0000000000000000)
 mdl_td3x3 =               (-110.69370000000001,0.0000000000000000)
 mdl_te3x3 =               (-25.401969999999999,0.0000000000000000)
 mdl_tu3x3 =               (-444.75250000000000,0.0000000000000000)
 mdl_yd3x3 =               (0.13884020000000000,0.0000000000000000)
 mdl_ye3x3 =               (0.10089080000000000,0.0000000000000000)
 mdl_yu3x3 =               (0.89284450000000004,0.0000000000000000)
 mdl_MZ__exp__2 =    8315.1783937600012     
 mdl_bb =                (15860.964102273132,0.0000000000000000)
 mdl_cw__exp__2 =   0.76639015253868426     
 mdl_sw =   0.48333202610763931     
 mdl_cos__beta =   0.10204311673550755     
 mdl_sin__beta =   0.99477997684256969     
 mdl_conjg__yu3x3 =              (0.89284450000000004,-0.0000000000000000)
 mdl_I1x33 =               (0.89284450000000004,0.0000000000000000)
 mdl_conjg__yd3x3 =              (0.13884020000000000,-0.0000000000000000)
 mdl_I10x33 =               (0.13033455778358000,0.0000000000000000)
 mdl_I10x36 =         (-4.78487619223799954E-002,0.0000000000000000)
 mdl_conjg__Rd3x6 =              (0.34463189999999999,-0.0000000000000000)
 mdl_I100x33 =               (0.11877114649760999,0.0000000000000000)
 mdl_I100x36 =               (0.32351902607901001,0.0000000000000000)
 mdl_conjg__Rd6x6 =              (0.93873790000000001,-0.0000000000000000)
 mdl_I100x63 =               (0.32351902607901001,0.0000000000000000)
 mdl_I100x66 =               (0.88122884489641007,0.0000000000000000)
 mdl_conjg__Rl3x6 =              (0.95927110000000004,-0.0000000000000000)
 mdl_I101x33 =               (0.92020104329521013,0.0000000000000000)
 mdl_I101x36 =              (-0.27098180707992003,0.0000000000000000)
 mdl_conjg__Rl6x6 =             (-0.28248719999999999,-0.0000000000000000)
 mdl_I101x63 =             (-0.27098180707992003,-0.0000000000000000)
 mdl_I101x66 =          (7.97990181638399965E-002,0.0000000000000000)
 mdl_conjg__Ru3x6 =              (0.83275279999999996,-0.0000000000000000)
 mdl_I102x33 =               (0.69347722590783989,0.0000000000000000)
 mdl_I102x36 =              (-0.46104942395600002,0.0000000000000000)
 mdl_conjg__Ru6x6 =             (-0.55364500000000005,-0.0000000000000000)
 mdl_I102x63 =             (-0.46104942395600002,-0.0000000000000000)
 mdl_I102x66 =               (0.30652278602500005,0.0000000000000000)
 mdl_I11x33 =          (4.78487619223799954E-002,0.0000000000000000)
 mdl_I11x36 =               (0.13033455778358000,0.0000000000000000)
 mdl_conjg__Rd3x3 =              (0.93873790000000001,-0.0000000000000000)
 mdl_I12x33 =               (0.88122884489641007,0.0000000000000000)
 mdl_I12x36 =              (-0.32351902607901001,0.0000000000000000)
 mdl_conjg__Rd6x3 =             (-0.34463189999999999,-0.0000000000000000)
 mdl_I12x63 =             (-0.32351902607901001,-0.0000000000000000)
 mdl_I12x66 =               (0.11877114649760999,0.0000000000000000)
 mdl_I13x33 =               (0.11877114649760999,0.0000000000000000)
 mdl_I13x36 =               (0.32351902607901001,0.0000000000000000)
 mdl_I13x63 =               (0.32351902607901001,0.0000000000000000)
 mdl_I13x66 =               (0.88122884489641007,0.0000000000000000)
 mdl_conjg__td3x3 =              (-110.69370000000001,-0.0000000000000000)
 mdl_I14x33 =              (-35.811518017082115,-0.0000000000000000)
 mdl_I14x36 =                (13.147217659062491,0.0000000000000000)
 mdl_I14x63 =              (-97.546481388309758,-0.0000000000000000)
 mdl_I14x66 =                (35.811518017082115,0.0000000000000000)
 mdl_I15x33 =          (4.49174462846149633E-002,0.0000000000000000)
 mdl_I15x36 =         (-1.64902097339574699E-002,0.0000000000000000)
 mdl_I15x63 =               (0.12234998907118655,0.0000000000000000)
 mdl_I15x66 =         (-4.49174462846149633E-002,0.0000000000000000)
 mdl_I16x33 =               (-35.811518017082115,0.0000000000000000)
 mdl_I16x36 =               (-97.546481388309758,0.0000000000000000)
 mdl_I16x63 =                (13.147217659062493,0.0000000000000000)
 mdl_I16x66 =                (35.811518017082115,0.0000000000000000)
 mdl_I17x33 =          (1.69870969526413514E-002,0.0000000000000000)
 mdl_I17x36 =         (-6.23634722564519843E-003,0.0000000000000000)
 mdl_I17x63 =         (-6.23634722564519843E-003,0.0000000000000000)
 mdl_I17x66 =          (2.28950401750460187E-003,0.0000000000000000)
 mdl_I18x33 =          (4.49174462846149633E-002,0.0000000000000000)
 mdl_I18x36 =               (0.12234998907118654,0.0000000000000000)
 mdl_I18x63 =        (-1.64902097339574699E-002,-0.0000000000000000)
 mdl_I18x66 =        (-4.49174462846149633E-002,-0.0000000000000000)
 mdl_I19x33 =          (2.28950401750460187E-003,0.0000000000000000)
 mdl_I19x36 =          (6.23634722564519843E-003,0.0000000000000000)
 mdl_I19x63 =          (6.23634722564519843E-003,0.0000000000000000)
 mdl_I19x66 =          (1.69870969526413514E-002,0.0000000000000000)
 mdl_I2x33 =               (0.13884020000000000,0.0000000000000000)
 mdl_I20x33 =               (0.13884020000000000,0.0000000000000000)
 mdl_I21x33 =               (0.89284450000000004,0.0000000000000000)
 mdl_conjg__ye3x3 =              (0.10089080000000000,-0.0000000000000000)
 mdl_I22x33 =              (0.10089080000000000,-0.0000000000000000)
 mdl_I23x33 =         (9.67816286958800009E-002,-0.0000000000000000)
 mdl_I23x36 =         (-2.85003595977600006E-002,0.0000000000000000)
 mdl_conjg__Rl3x3 =              (0.28248719999999999,-0.0000000000000000)
 mdl_I24x33 =          (2.85003595977600006E-002,0.0000000000000000)
 mdl_conjg__Rl6x3 =              (0.95927110000000004,-0.0000000000000000)
 mdl_I24x36 =          (9.67816286958800009E-002,0.0000000000000000)
 mdl_I25x33 =          (7.97990181638399965E-002,0.0000000000000000)
 mdl_I25x36 =               (0.27098180707992003,0.0000000000000000)
 mdl_I25x63 =               (0.27098180707992003,0.0000000000000000)
 mdl_I25x66 =               (0.92020104329521013,0.0000000000000000)
 mdl_I26x33 =               (0.92020104329521013,0.0000000000000000)
 mdl_I26x36 =              (-0.27098180707992003,0.0000000000000000)
 mdl_I26x63 =             (-0.27098180707992003,-0.0000000000000000)
 mdl_I26x66 =          (7.97990181638399965E-002,0.0000000000000000)
 mdl_I27x33 =          (2.85003595977600006E-002,0.0000000000000000)
 mdl_I27x36 =          (9.67816286958800009E-002,0.0000000000000000)
 mdl_I28x33 =          (9.67816286958800009E-002,0.0000000000000000)
 mdl_I28x36 =         (-2.85003595977600006E-002,0.0000000000000000)
 mdl_I29x33 =               (0.28248719999999999,0.0000000000000000)
 mdl_I29x36 =               (0.95927110000000004,0.0000000000000000)
 mdl_I3x33 =         (4.78487619223799954E-002,-0.0000000000000000)
 mdl_I3x36 =              (0.13033455778358000,-0.0000000000000000)
 mdl_I30x33 =          (9.67816286958800009E-002,0.0000000000000000)
 mdl_I30x36 =         (-2.85003595977600006E-002,0.0000000000000000)
 mdl_I31x33 =          (7.97990181638399965E-002,0.0000000000000000)
 mdl_I31x36 =               (0.27098180707992003,0.0000000000000000)
 mdl_I31x63 =               (0.27098180707992003,0.0000000000000000)
 mdl_I31x66 =               (0.92020104329521013,0.0000000000000000)
 mdl_I32x33 =               (0.92020104329521013,0.0000000000000000)
 mdl_I32x36 =              (-0.27098180707992003,0.0000000000000000)
 mdl_I32x63 =             (-0.27098180707992003,-0.0000000000000000)
 mdl_I32x66 =          (7.97990181638399965E-002,0.0000000000000000)
 mdl_conjg__te3x3 =              (-25.401969999999999,-0.0000000000000000)
 mdl_I33x33 =              (-6.8834717339899161,-0.0000000000000000)
 mdl_I33x36 =              (-23.374919295753628,-0.0000000000000000)
 mdl_I33x63 =                (2.0270522654273186,0.0000000000000000)
 mdl_I33x66 =                (6.8834717339899161,0.0000000000000000)
 mdl_I34x33 =          (2.73395713017387972E-002,0.0000000000000000)
 mdl_I34x36 =          (9.28398194188883863E-002,0.0000000000000000)
 mdl_I34x63 =         (-8.05098678176434900E-003,0.0000000000000000)
 mdl_I34x66 =         (-2.73395713017387972E-002,0.0000000000000000)
 mdl_I35x33 =               (-6.8834717339899152,0.0000000000000000)
 mdl_I35x36 =               (2.0270522654273186,-0.0000000000000000)
 mdl_I35x63 =               (-23.374919295753628,0.0000000000000000)
 mdl_I35x66 =               (6.8834717339899152,-0.0000000000000000)
 mdl_I36x33 =          (8.12270497201630589E-004,0.0000000000000000)
 mdl_I36x36 =          (2.75831122028946836E-003,0.0000000000000000)
 mdl_I36x63 =          (2.75831122028946836E-003,0.0000000000000000)
 mdl_I36x66 =          (9.36668365302718332E-003,0.0000000000000000)
 mdl_I37x33 =          (2.73395713017387937E-002,0.0000000000000000)
 mdl_I37x36 =         (-8.05098678176434900E-003,0.0000000000000000)
 mdl_I37x63 =          (9.28398194188883724E-002,0.0000000000000000)
 mdl_I37x66 =         (-2.73395713017387937E-002,0.0000000000000000)
 mdl_I38x33 =          (9.36668365302718332E-003,0.0000000000000000)
 mdl_I38x36 =         (-2.75831122028946836E-003,0.0000000000000000)
 mdl_I38x63 =         (-2.75831122028946836E-003,0.0000000000000000)
 mdl_I38x66 =          (8.12270497201630589E-004,0.0000000000000000)
 mdl_I39x33 =               (0.28248719999999999,0.0000000000000000)
 mdl_I39x36 =               (0.95927110000000004,0.0000000000000000)
 mdl_I4x33 =               (0.13033455778358000,0.0000000000000000)
 mdl_I4x36 =        (-4.78487619223799954E-002,-0.0000000000000000)
 mdl_I40x33 =               (-24.367375704067001,0.0000000000000000)
 mdl_I40x36 =                (7.1757313797839997,0.0000000000000000)
 mdl_I41x33 =          (2.87542408010568479E-003,0.0000000000000000)
 mdl_I41x36 =          (9.76437594443028967E-003,0.0000000000000000)
 mdl_I42x33 =          (9.67816286958800009E-002,0.0000000000000000)
 mdl_I42x36 =         (-2.85003595977600006E-002,0.0000000000000000)
 mdl_I44x33 =               (0.10089080000000000,0.0000000000000000)
 mdl_I45x33 =               (0.28248719999999999,0.0000000000000000)
 mdl_I45x36 =               (0.95927110000000004,0.0000000000000000)
 mdl_I46x33 =          (9.67816286958800009E-002,0.0000000000000000)
 mdl_I46x36 =         (-2.85003595977600006E-002,0.0000000000000000)
 mdl_I47x33 =              (-24.367375704067001,-0.0000000000000000)
 mdl_I47x36 =                (7.1757313797839997,0.0000000000000000)
 mdl_I48x33 =          (2.87542408010568479E-003,0.0000000000000000)
 mdl_I48x36 =          (9.76437594443028967E-003,0.0000000000000000)
 mdl_I49x33 =              (0.74351875733960004,-0.0000000000000000)
 mdl_I49x36 =              (-0.49431889320250005,0.0000000000000000)
 mdl_I5x33 =               (0.88122884489641007,0.0000000000000000)
 mdl_I5x36 =              (-0.32351902607901001,0.0000000000000000)
 mdl_I5x63 =             (-0.32351902607901001,-0.0000000000000000)
 mdl_I5x66 =               (0.11877114649760999,0.0000000000000000)
 mdl_conjg__Ru3x3 =              (0.55364500000000005,-0.0000000000000000)
 mdl_I50x33 =               (0.49431889320250005,0.0000000000000000)
 mdl_conjg__Ru6x3 =              (0.83275279999999996,-0.0000000000000000)
 mdl_I50x36 =               (0.74351875733960004,0.0000000000000000)
 mdl_I51x33 =               (0.30652278602500005,0.0000000000000000)
 mdl_I51x36 =               (0.46104942395600002,0.0000000000000000)
 mdl_I51x63 =               (0.46104942395600002,0.0000000000000000)
 mdl_I51x66 =               (0.69347722590783989,0.0000000000000000)
 mdl_I52x33 =               (0.69347722590783989,0.0000000000000000)
 mdl_I52x36 =              (-0.46104942395600002,0.0000000000000000)
 mdl_I52x63 =             (-0.46104942395600002,-0.0000000000000000)
 mdl_I52x66 =               (0.30652278602500005,0.0000000000000000)
 mdl_I53x33 =               (0.51972754464550008,0.0000000000000000)
 mdl_I53x36 =               (0.78173661469111999,0.0000000000000000)
 mdl_I53x63 =              (-0.19080372827550002,0.0000000000000000)
 mdl_I53x66 =              (-0.28699317969431998,0.0000000000000000)
 mdl_conjg__tu3x3 =              (-444.75250000000000,-0.0000000000000000)
 mdl_I54x33 =              (-347.67931372541233,-0.0000000000000000)
 mdl_I54x36 =                (231.15012479994778,0.0000000000000000)
 mdl_I54x63 =                (127.64093415199804,0.0000000000000000)
 mdl_I54x66 =              (-84.860435159849317,-0.0000000000000000)
 mdl_I55x33 =               (0.69796923687558576,0.0000000000000000)
 mdl_I55x36 =              (-0.46403587973523924,0.0000000000000000)
 mdl_I55x63 =              (-0.25624028202758531,0.0000000000000000)
 mdl_I55x66 =               (0.17035805937027468,0.0000000000000000)
 mdl_I56x33 =               (-21.120770656609718,0.0000000000000000)
 mdl_I56x36 =               (-31.768336935129152,0.0000000000000000)
 mdl_I56x63 =               (-57.530564908725594,0.0000000000000000)
 mdl_I56x66 =               (-86.533318305634438,0.0000000000000000)
 mdl_I57x33 =          (2.64912277945160736E-002,0.0000000000000000)
 mdl_I57x36 =          (3.98461904673953204E-002,0.0000000000000000)
 mdl_I57x63 =          (7.21590762440901534E-002,0.0000000000000000)
 mdl_I57x66 =               (0.10853646793103804,0.0000000000000000)
 mdl_I58x33 =          (1.00185805775447247E-002,0.0000000000000000)
 mdl_I58x36 =          (1.50692249148389069E-002,0.0000000000000000)
 mdl_I58x63 =         (-3.67804736523617056E-003,0.0000000000000000)
 mdl_I58x66 =         (-5.53225305373125989E-003,0.0000000000000000)
 mdl_I59x33 =          (3.55764520047663416E-002,0.0000000000000000)
 mdl_I59x36 =         (-2.36525470345808064E-002,0.0000000000000000)
 mdl_I59x63 =          (9.69061884416536901E-002,0.0000000000000000)
 mdl_I59x66 =         (-6.44268343496165602E-002,0.0000000000000000)
 mdl_I6x33 =               (0.11877114649760999,0.0000000000000000)
 mdl_I6x36 =               (0.32351902607901001,0.0000000000000000)
 mdl_I6x63 =               (0.32351902607901001,0.0000000000000000)
 mdl_I6x66 =               (0.88122884489641007,0.0000000000000000)
 mdl_I60x33 =               (0.41431188302426980,0.0000000000000000)
 mdl_I60x36 =               (0.62317799431356391,0.0000000000000000)
 mdl_I60x63 =              (-0.15210325633942320,0.0000000000000000)
 mdl_I60x66 =              (-0.22878272648677841,0.0000000000000000)
 mdl_I61x33 =               (0.49431889320250005,0.0000000000000000)
 mdl_I61x36 =               (0.74351875733960004,0.0000000000000000)
 mdl_I62x33 =               (0.74351875733960004,0.0000000000000000)
 mdl_I62x36 =              (-0.49431889320250005,0.0000000000000000)
 mdl_I63x33 =               (0.55364500000000005,0.0000000000000000)
 mdl_I63x36 =               (0.83275279999999996,0.0000000000000000)
 mdl_I64x33 =          (7.68681825290000037E-002,0.0000000000000000)
 mdl_I64x36 =               (0.11561956530256000,0.0000000000000000)
 mdl_I65x33 =               (0.74351875733960004,0.0000000000000000)
 mdl_I65x36 =              (-0.49431889320250005,0.0000000000000000)
 mdl_I66x33 =               (0.51972754464550008,0.0000000000000000)
 mdl_I66x36 =               (0.78173661469111999,0.0000000000000000)
 mdl_I66x63 =             (-0.19080372827550002,-0.0000000000000000)
 mdl_I66x66 =             (-0.28699317969431998,-0.0000000000000000)
 mdl_I67x33 =          (2.64912277945160771E-002,0.0000000000000000)
 mdl_I67x36 =          (3.98461904673953204E-002,0.0000000000000000)
 mdl_I67x63 =          (7.21590762440901534E-002,0.0000000000000000)
 mdl_I67x66 =               (0.10853646793103804,0.0000000000000000)
 mdl_I68x33 =              (-21.120770656609718,-0.0000000000000000)
 mdl_I68x36 =              (-31.768336935129149,-0.0000000000000000)
 mdl_I68x63 =              (-57.530564908725594,-0.0000000000000000)
 mdl_I68x66 =              (-86.533318305634438,-0.0000000000000000)
 mdl_I69x33 =               (-347.67931372541233,0.0000000000000000)
 mdl_I69x36 =               (231.15012479994778,-0.0000000000000000)
 mdl_I69x63 =                (127.64093415199804,0.0000000000000000)
 mdl_I69x66 =               (-84.860435159849317,0.0000000000000000)
 mdl_I7x33 =               (0.93873790000000001,0.0000000000000000)
 mdl_I7x36 =              (-0.34463189999999999,0.0000000000000000)
 mdl_I70x33 =          (1.00185805775447247E-002,0.0000000000000000)
 mdl_I70x36 =          (1.50692249148389069E-002,0.0000000000000000)
 mdl_I70x63 =         (-3.67804736523617100E-003,0.0000000000000000)
 mdl_I70x66 =         (-5.53225305373126076E-003,0.0000000000000000)
 mdl_I71x33 =               (0.41431188302426980,0.0000000000000000)
 mdl_I71x36 =               (0.62317799431356391,0.0000000000000000)
 mdl_I71x63 =              (-0.15210325633942320,0.0000000000000000)
 mdl_I71x66 =              (-0.22878272648677841,0.0000000000000000)
 mdl_I72x33 =               (0.69796923687558576,0.0000000000000000)
 mdl_I72x36 =              (-0.46403587973523919,0.0000000000000000)
 mdl_I72x63 =             (-0.25624028202758531,-0.0000000000000000)
 mdl_I72x66 =               (0.17035805937027468,0.0000000000000000)
 mdl_I73x33 =          (3.55764520047663485E-002,0.0000000000000000)
 mdl_I73x36 =         (-2.36525470345808099E-002,0.0000000000000000)
 mdl_I73x63 =          (9.69061884416537039E-002,0.0000000000000000)
 mdl_I73x66 =         (-6.44268343496165602E-002,0.0000000000000000)
 mdl_I74x33 =               (0.30652278602500005,0.0000000000000000)
 mdl_I74x36 =               (0.46104942395600002,0.0000000000000000)
 mdl_I74x63 =               (0.46104942395600002,0.0000000000000000)
 mdl_I74x66 =               (0.69347722590783989,0.0000000000000000)
 mdl_I75x33 =               (0.69347722590783989,0.0000000000000000)
 mdl_I75x36 =              (-0.46104942395600002,0.0000000000000000)
 mdl_I75x63 =             (-0.46104942395600002,-0.0000000000000000)
 mdl_I75x66 =               (0.30652278602500005,0.0000000000000000)
 mdl_I76x33 =               (0.41164544240728285,0.0000000000000000)
 mdl_I76x36 =               (0.61916732702707233,0.0000000000000000)
 mdl_I76x63 =              (-0.27367718362709814,0.0000000000000000)
 mdl_I76x66 =              (-0.41164544240728285,0.0000000000000000)
 mdl_I77x33 =              (-205.05288392799091,-0.0000000000000000)
 mdl_I77x36 =              (-308.42572991557654,-0.0000000000000000)
 mdl_I77x63 =                (136.32677539158382,0.0000000000000000)
 mdl_I77x66 =                (205.05288392799091,0.0000000000000000)
 mdl_I78x33 =               (-205.05288392799091,0.0000000000000000)
 mdl_I78x36 =               (136.32677539158385,-0.0000000000000000)
 mdl_I78x63 =               (-308.42572991557660,0.0000000000000000)
 mdl_I78x66 =               (205.05288392799091,-0.0000000000000000)
 mdl_I79x33 =               (0.41164544240728290,0.0000000000000000)
 mdl_I79x36 =              (-0.27367718362709814,0.0000000000000000)
 mdl_I79x63 =               (0.61916732702707244,0.0000000000000000)
 mdl_I79x66 =              (-0.41164544240728285,0.0000000000000000)
 mdl_I8x33 =               (0.83814697095655000,0.0000000000000000)
 mdl_I8x36 =              (-0.30770269643955001,0.0000000000000000)
 mdl_I80x33 =               (0.24435116817694463,0.0000000000000000)
 mdl_I80x36 =               (0.36753536920340929,0.0000000000000000)
 mdl_I80x63 =               (0.36753536920340929,0.0000000000000000)
 mdl_I80x66 =               (0.55282014251582301,0.0000000000000000)
 mdl_I81x33 =               (0.55282014251582301,0.0000000000000000)
 mdl_I81x36 =              (-0.36753536920340929,0.0000000000000000)
 mdl_I81x63 =              (-0.36753536920340929,0.0000000000000000)
 mdl_I81x66 =               (0.24435116817694463,0.0000000000000000)
 mdl_I82x33 =               (0.93873790000000001,0.0000000000000000)
 mdl_I82x36 =             (-0.34463189999999999,-0.0000000000000000)
 mdl_I83x33 =          (4.78487619223799954E-002,0.0000000000000000)
 mdl_I83x36 =               (0.13033455778358000,0.0000000000000000)
 mdl_I84x33 =               (0.83814697095655000,0.0000000000000000)
 mdl_I84x36 =             (-0.30770269643955001,-0.0000000000000000)
 mdl_I85x33 =              (0.28248719999999999,-0.0000000000000000)
 mdl_I85x36 =              (0.95927110000000004,-0.0000000000000000)
 mdl_I86x33 =         (9.67816286958800009E-002,-0.0000000000000000)
 mdl_I86x36 =         (-2.85003595977600006E-002,0.0000000000000000)
 mdl_I88x33 =               (0.10089080000000000,0.0000000000000000)
 mdl_I89x33 =               (0.55364500000000005,0.0000000000000000)
 mdl_I89x36 =               (0.83275279999999996,0.0000000000000000)
 mdl_I9x33 =          (4.78487619223799954E-002,0.0000000000000000)
 mdl_I9x36 =               (0.13033455778358000,0.0000000000000000)
 mdl_I90x33 =               (0.74351875733960004,0.0000000000000000)
 mdl_I90x36 =              (-0.49431889320250005,0.0000000000000000)
 mdl_I91x33 =          (7.68681825290000037E-002,0.0000000000000000)
 mdl_I91x36 =               (0.11561956530256000,0.0000000000000000)
 mdl_I92x33 =               (0.51972754464550008,0.0000000000000000)
 mdl_I92x36 =               (0.78173661469111999,0.0000000000000000)
 mdl_I92x63 =             (-0.19080372827550002,-0.0000000000000000)
 mdl_I92x66 =             (-0.28699317969431998,-0.0000000000000000)
 mdl_I93x33 =               (0.28248719999999999,0.0000000000000000)
 mdl_I93x36 =               (0.95927110000000004,0.0000000000000000)
 mdl_I94x33 =               (0.51972754464550008,0.0000000000000000)
 mdl_I94x36 =               (0.78173661469111999,0.0000000000000000)
 mdl_I94x63 =              (-0.19080372827550002,0.0000000000000000)
 mdl_I94x66 =              (-0.28699317969431998,0.0000000000000000)
 mdl_I95x33 =               (0.28248719999999999,0.0000000000000000)
 mdl_I95x36 =               (0.95927110000000004,0.0000000000000000)
 mdl_I96x33 =               (0.88122884489641007,0.0000000000000000)
 mdl_I96x36 =              (-0.32351902607901001,0.0000000000000000)
 mdl_I96x63 =             (-0.32351902607901001,-0.0000000000000000)
 mdl_I96x66 =               (0.11877114649760999,0.0000000000000000)
 mdl_I97x33 =          (7.97990181638399965E-002,0.0000000000000000)
 mdl_I97x36 =               (0.27098180707992003,0.0000000000000000)
 mdl_I97x63 =               (0.27098180707992003,0.0000000000000000)
 mdl_I97x66 =               (0.92020104329521013,0.0000000000000000)
 mdl_I98x33 =               (0.30652278602500005,0.0000000000000000)
 mdl_I98x36 =               (0.46104942395600002,0.0000000000000000)
 mdl_I98x63 =               (0.46104942395600002,0.0000000000000000)
 mdl_I98x66 =               (0.69347722590783989,0.0000000000000000)
 mdl_I99x33 =               (0.10089080000000000,0.0000000000000000)
 mdl_complexi =                (0.0000000000000000,1.0000000000000000)
 mdl_sqrt__2 =    1.4142135623730951     
 mdl_sw__exp__2 =   0.23360984746131572     
 mdl_conjg__NN1x1 =              (0.98636440000000003,-0.0000000000000000)
 mdl_conjg__NN1x2 =        (-5.31103600000000023E-002,-0.0000000000000000)
 mdl_conjg__NN1x3 =              (0.14643400000000001,-0.0000000000000000)
 mdl_conjg__NN1x4 =        (-5.31186099999999967E-002,-0.0000000000000000)
 mdl_conjg__NN2x1 =         (9.93505400000000011E-002,-0.0000000000000000)
 mdl_conjg__NN2x2 =              (0.94494929999999999,-0.0000000000000000)
 mdl_conjg__NN2x3 =             (-0.26984669999999999,-0.0000000000000000)
 mdl_conjg__NN2x4 =              (0.15615070000000000,-0.0000000000000000)
 mdl_conjg__NN3x1 =        (-6.03387999999999980E-002,-0.0000000000000000)
 mdl_conjg__NN3x2 =         (8.77004900000000059E-002,-0.0000000000000000)
 mdl_conjg__NN3x3 =              (0.69587750000000004,-0.0000000000000000)
 mdl_conjg__NN3x4 =              (0.71022700000000005,-0.0000000000000000)
 mdl_conjg__NN4x1 =             (-0.11650710000000000,-0.0000000000000000)
 mdl_conjg__NN4x2 =              (0.31073899999999999,-0.0000000000000000)
 mdl_conjg__NN4x3 =              (0.64922599999999997,-0.0000000000000000)
 mdl_conjg__NN4x4 =             (-0.68437780000000004,-0.0000000000000000)
 mdl_conjg__UU1x1 =              (0.91683490000000001,-0.0000000000000000)
 mdl_conjg__UU1x2 =             (-0.39926660000000003,-0.0000000000000000)
 mdl_conjg__UU2x1 =              (0.39926660000000003,-0.0000000000000000)
 mdl_conjg__UU2x2 =              (0.91683490000000001,-0.0000000000000000)
 mdl_conjg__VV1x1 =              (0.97255780000000003,-0.0000000000000000)
 mdl_conjg__VV1x2 =             (-0.23266120000000001,-0.0000000000000000)
 mdl_conjg__VV2x1 =              (0.23266120000000001,-0.0000000000000000)
 mdl_conjg__VV2x2 =              (0.97255780000000003,-0.0000000000000000)
 mdl_cos__alp =   0.99352890317340192     
 mdl_sin__alp =  -0.11357956928539981     
 mdl_conjg__MUH =               (357.68099999999998,-0.0000000000000000)
 mdl_ee =   0.31340934559420641     
 mdl_gp =   0.35800326275255401     
 mdl_gw =   0.64843488257574999     
 mdl_vev =    246.22059098023431     
 mdl_vd =    25.125116508081707     
 mdl_vu =    244.93531379348130     
 mdl_ee__exp__2 =    9.8225417905788703E-002
  Internal Params evaluated point by point
  ----------------------------------------
  
 mdl_sqrt__aS =   0.34351128074635334     
 mdl_G__exp__2 =                (1.4828317324943823,0.0000000000000000)
  Couplings of MSSM_SLHA2
  ---------------------------------
  
         GC_8 =   0.12177E+01   0.00000E+00
        GC_18 =   0.00000E+00   0.14828E+01
        GC_21 =   0.00000E+00   0.00000E+00
        GC_33 =   0.00000E+00   0.14828E+01
        GC_53 =  -0.00000E+00  -0.12177E+01
        GC_71 =  -0.00000E+00  -0.12177E+01
        GC_73 =   0.00000E+00   0.00000E+00
        GC_81 =  -0.00000E+00  -0.12177E+01
        GC_96 =   0.00000E+00   0.14828E+01
       GC_108 =  -0.00000E+00  -0.16166E+01
       GC_513 =   0.00000E+00   0.59349E+00
       GC_518 =   0.00000E+00   0.17221E+01
       GC_528 =  -0.00000E+00   0.59349E+00
       GC_533 =   0.00000E+00   0.16166E+01

 Collider parameters:
 --------------------

 Running at P P   machine @    13000.000000000000       GeV
 PDF set = lhapdf 
 alpha_s(Mz)= 0.1180 running at 3 loops.
 alpha_s(Mz)= 0.1180 running at 3 loops.
 Renormalization scale set on event-by-event basis
 Factorization   scale set on event-by-event basis


 getting user params
Enter number of events and max and min iterations: 
 Number of events and iterations         2000           8           3
Enter desired fractional accuracy: 
 Desired fractional accuracy:    1.0000000000000000E-002
Enter 0 for fixed, 2 for adjustable grid: 
Suppress amplitude (0 no, 1 yes)? 
 Using suppressed amplitude.
Exact helicity sum (0 yes, n = number/event)? 
 Explicitly summing over helicities
Enter Configuration Number: 
Running Configuration Number:    8
 Using dconfig=           2
 BW Setting            2           0           0           0
 Attempting mappinvarients           1           6
 Completed mapping           6
 about to integrate           10        2000           8           3          10           1
 Using non-zero grid deformation.
 10 dimensions   2000 events 10 invarients  8 iterations  1 config(s),  (0.99)
 Using h-tuple random number sequence.
 Error opening grid
 Using Uniform Grid!          24
 Using uniform alpha   1.0000000000000000     
 Grid defined OK
 Set CM energy to      13000.00
 Mapping Graph           8  to config           8
Setting grid   1    0.13401E-01   1
Setting grid   2    0.53254E-05   1
Setting grid   3    0.13314E-01   1
 Transforming s_hat 1/s            9   5.5405917159763327E-002   3600.0000000000000        168999999.99999997     
   8   1   2   3   4   5   6   7   8   9  10
 Masses: 0.000E+00 0.489E+01 0.150E+04 0.150E+04 0.000E+00 0.489E+01
Using random seed offsets     8 :     11
  with seed                   24
 Ranmar initialization seeds       31066        9408
 
 ********************************************
 * You are using the DiscreteSampler module *
 *      part of the MG5_aMC framework       *
 *         Author: Valentin Hirschi         *
 ********************************************
 
  Particle       3       4       5       6
      Et >     0.0     0.0    30.0    30.0
       E >     0.0     0.0     0.0     0.0
     Eta <    -1.0    -1.0     5.0     5.0
   xqcut:      0.0     0.0    30.0    29.6
d R # 3  >    -0.0     0.0     0.0     0.0
d R # 4  >    -0.0    -0.0     0.0     0.0
d R # 5  >    -0.0    -0.0    -0.0     0.0
s min # 3>     0.0     0.0     0.0     0.0
s min # 4>     0.0     0.0     0.0     0.0
s min # 5>     0.0     0.0     0.0   900.0
xqcutij # 3>     0.0     0.0     0.0     0.0
xqcutij # 4>     0.0     0.0     0.0     0.0
xqcutij # 5>     0.0     0.0     0.0     0.0
 Excluding BW           -1           1
 No cut BW           -3           2
 alpha_s for scale    2550.7455031298337       is    7.8733878811508271E-002
 Added good helicity            3   4.4664462397641873E-007  in event            1 local:           1
 Added good helicity            4   9.4797984269390817E-002  in event            1 local:           1
 Added good helicity            7   2.8833158124157306E-005  in event            1 local:           1
 Added good helicity            8  0.98962199566032083       in event            1 local:           1
 Added good helicity           11   3.6855936078940014E-005  in event            1 local:           1
 Added good helicity           12   3.9902739735638466       in event            1 local:           1
 Added good helicity           15   8.9506170328379839E-007  in event            1 local:           1
 Added good helicity           16   13.313117135469414       in event            1 local:           1
 Added good helicity           19   12.082314825265547       in event            1 local:           1
 Added good helicity           20   1.7445513506398412E-002  in event            1 local:           1
 Added good helicity           23  0.54797003056191562       in event            1 local:           1
 Added good helicity           24   9.6465015095750447E-004  in event            1 local:           1
 Added good helicity           27  0.93250819734130108       in event            1 local:           1
 Added good helicity           28   9.8234093033833193E-004  in event            1 local:           1
 Added good helicity           31   2.8936001189244043E-002  in event            1 local:           1
 Added good helicity           32   3.7229395859460865E-005  in event            1 local:           1
 Added good helicity           33   3.7228694679678680E-005  in event            1 local:           1
 Added good helicity           34   2.8924513834007182E-002  in event            1 local:           1
 Added good helicity           37   9.8233156292323962E-004  in event            1 local:           1
 Added good helicity           38  0.93230801177741363       in event            1 local:           1
 Added good helicity           41   9.6466067159532015E-004  in event            1 local:           1
 Added good helicity           42  0.54769487978995546       in event            1 local:           1
 Added good helicity           45   1.7445507426045420E-002  in event            1 local:           1
 Added good helicity           46   12.078158390631552       in event            1 local:           1
 Added good helicity           49   13.318371644812514       in event            1 local:           1
 Added good helicity           50   8.9500383781702527E-007  in event            1 local:           1
 Added good helicity           53   3.9921353992132897       in event            1 local:           1
 Added good helicity           54   3.6857937509767704E-005  in event            1 local:           1
 Added good helicity           57  0.98907852333272550       in event            1 local:           1
 Added good helicity           58   2.8828042056492416E-005  in event            1 local:           1
 Added good helicity           61   9.4794971717754292E-002  in event            1 local:           1
 Added good helicity           62   4.4744709091783784E-007  in event            1 local:           1
 Added good helicity            3   4.4664462397641651E-007  in event            1 local:           1
 Added good helicity            4   9.4797984269390817E-002  in event            1 local:           1
 Added good helicity            7   2.8833158124157326E-005  in event            1 local:           1
 Added good helicity            8  0.98962199566032027       in event            1 local:           1
 Added good helicity           11   3.6855936078940027E-005  in event            1 local:           1
 Added good helicity           12   3.9902739735638435       in event            1 local:           1
 Added good helicity           15   8.9506170328380157E-007  in event            1 local:           1
 Added good helicity           16   13.313117135469398       in event            1 local:           1
 Added good helicity           19   12.082314825265556       in event            1 local:           1
 Added good helicity           20   1.7445513506398384E-002  in event            1 local:           1
 Added good helicity           23  0.54797003056191640       in event            1 local:           1
 Added good helicity           24   9.6465015095750371E-004  in event            1 local:           1
 Added good helicity           27  0.93250819734130219       in event            1 local:           1
 Added good helicity           28   9.8234093033833301E-004  in event            1 local:           1
 Added good helicity           31   2.8936001189244123E-002  in event            1 local:           1
 Added good helicity           32   3.7229395859460885E-005  in event            1 local:           1
 Added good helicity           33   3.7228694679678714E-005  in event            1 local:           1
 Added good helicity           34   2.8924513834007251E-002  in event            1 local:           1
 Added good helicity           37   9.8233156292324071E-004  in event            1 local:           1
 Added good helicity           38  0.93230801177741573       in event            1 local:           1
 Added good helicity           41   9.6466067159531983E-004  in event            1 local:           1
 Added good helicity           42  0.54769487978995623       in event            1 local:           1
 Added good helicity           45   1.7445507426045389E-002  in event            1 local:           1
 Added good helicity           46   12.078158390631559       in event            1 local:           1
 Added good helicity           49   13.318371644812506       in event            1 local:           1
 Added good helicity           50   8.9500383781702887E-007  in event            1 local:           1
 Added good helicity           53   3.9921353992132849       in event            1 local:           1
 Added good helicity           54   3.6857937509767751E-005  in event            1 local:           1
 Added good helicity           57  0.98907852333272483       in event            1 local:           1
 Added good helicity           58   2.8828042056492440E-005  in event            1 local:           1
 Added good helicity           61   9.4794971717754348E-002  in event            1 local:           1
 Added good helicity           62   4.4744709091783562E-007  in event            1 local:           1
 RESET CUMULATIVE VARIABLE
 RESET CUMULATIVE VARIABLE
 RESET CUMULATIVE VARIABLE
 Iteration  1   Mean: 0.6980E-20 Abs mean: 0.6980E-20   Fluctuation:  0.726E-21   0.623E-18    47.3%
  1    0.6980E-20 0.6980E-20 +- 0.7257E-21      4.65
 Writing out events   9.2140300559066924E-025   4.6493244544564298     
 Relative summed weights:
  0.8774E-01  0.5863E-01  0.7380E-01  0.4980E-01  0.1882E-06  0.7216E-02  0.2429E-05  0.0000E+00  0.2096E-01  0.4313E-02  0.1531E-01  0.3289E-01  0.5497E-03  0.8909E-02  0.1186E-02  0.1531E-02  0.2299E-05  0.4638E-03  0.3772E-04  0.5292E-04  0.2421E-02  0.7535E-03  0.1925E-03  0.9010E-03  0.1049E-01  0.5388E-01  0.1209E-02  0.2774E-01  0.2135E-02  0.1771E-02  0.5772E-02  0.3591E-03
  0.5421E-01  0.1448E+00  0.3450E-01  0.1049E+00  0.6983E-08  0.1710E-02  0.8592E-03  0.7838E-07  0.2840E-01  0.1901E-01  0.7522E-02  0.3333E-01  0.4500E-02  0.2501E-01  0.4637E-03  0.2107E-03  0.1455E-06  0.1550E-03  0.2605E-02  0.3328E-03  0.1101E-04  0.1399E-03  0.7410E-03  0.1945E-02  0.2776E-01  0.4062E-02  0.5015E-03  0.7681E-02  0.9167E-03  0.1110E-01  0.2916E-02  0.8699E-02
 Relative number of events:
  0.6272E-01  0.7218E-01  0.6471E-01  0.8362E-01  0.4978E-03  0.1991E-02  0.4978E-03  0.0000E+00  0.2688E-01  0.2489E-01  0.2389E-01  0.2539E-01  0.5973E-02  0.3484E-02  0.6471E-02  0.3982E-02  0.2489E-02  0.3982E-02  0.3484E-02  0.4480E-02  0.1493E-02  0.4978E-03  0.1493E-02  0.4978E-03  0.8960E-02  0.1045E-01  0.4480E-02  0.7466E-02  0.7964E-02  0.7466E-02  0.1344E-01  0.1095E-01
  0.7218E-01  0.8113E-01  0.6969E-01  0.7516E-01  0.4978E-03  0.1991E-02  0.9955E-03  0.9955E-03  0.2837E-01  0.2489E-01  0.2140E-01  0.2389E-01  0.5475E-02  0.5973E-02  0.3484E-02  0.3484E-02  0.1493E-02  0.3982E-02  0.1991E-02  0.9955E-03  0.9955E-03  0.9955E-03  0.1493E-02  0.3484E-02  0.3982E-02  0.1145E-01  0.7466E-02  0.5475E-02  0.7466E-02  0.1244E-01  0.1195E-01  0.7964E-02
 Events:
         126         145         130         168           1           4           1           0          54          50          48          51          12           7          13           8           5           8           7           9           3           1           3           1          18          21           9          15          16          15          27          22
         145         163         140         151           1           4           2           2          57          50          43          48          11          12           7           7           3           8           4           2           2           2           3           7           8          23          15          11          15          25          24          16
 Iteration  2   Mean: 0.5668E-20 Abs mean: 0.5668E-20   Fluctuation:  0.240E-21   0.355E-18    67.1%
  2    0.5668E-20 0.5668E-20 +- 0.2396E-21      2.67
 Relative summed weights:
  0.1004E+00  0.8605E-01  0.8048E-01  0.8173E-01  0.2548E-03  0.6501E-03  0.2098E-02  0.3642E-04  0.1161E-01  0.2095E-01  0.1515E-01  0.2100E-01  0.2918E-02  0.8873E-02  0.4248E-02  0.1096E-01  0.1643E-02  0.1096E-02  0.3753E-03  0.1951E-02  0.1207E-02  0.1079E-02  0.6130E-03  0.3732E-03  0.2568E-01  0.5746E-02  0.7537E-02  0.1193E-01  0.6749E-02  0.5887E-02  0.7313E-02  0.3268E-02
  0.8285E-01  0.6796E-01  0.8713E-01  0.7576E-01  0.4179E-04  0.1164E-03  0.1354E-03  0.8954E-03  0.1393E-01  0.1789E-01  0.1407E-01  0.1496E-01  0.2038E-02  0.1271E-02  0.4169E-02  0.9147E-02  0.3902E-02  0.5772E-03  0.2782E-02  0.1470E-02  0.6292E-02  0.4611E-03  0.2301E-03  0.3246E-03  0.6516E-02  0.7883E-02  0.7161E-02  0.6079E-02  0.1087E-01  0.8200E-02  0.6602E-02  0.8397E-02
 Relative number of events:
  0.7775E-01  0.7800E-01  0.8150E-01  0.7875E-01  0.1250E-02  0.7500E-03  0.5000E-03  0.1000E-02  0.1775E-01  0.2225E-01  0.2150E-01  0.2225E-01  0.5250E-02  0.5000E-02  0.6750E-02  0.5500E-02  0.1750E-02  0.1750E-02  0.1500E-02  0.3250E-02  0.7500E-03  0.1000E-02  0.1000E-02  0.1250E-02  0.7750E-02  0.7250E-02  0.7250E-02  0.9750E-02  0.6250E-02  0.8250E-02  0.9000E-02  0.6250E-02
  0.7650E-01  0.7075E-01  0.8425E-01  0.7800E-01  0.2500E-03  0.1000E-02  0.7500E-03  0.1750E-02  0.1900E-01  0.2400E-01  0.1825E-01  0.2200E-01  0.2500E-02  0.4500E-02  0.7000E-02  0.5500E-02  0.4000E-02  0.2500E-02  0.3000E-02  0.2250E-02  0.7500E-03  0.1000E-02  0.1000E-02  0.1250E-02  0.9250E-02  0.6750E-02  0.8250E-02  0.9250E-02  0.7750E-02  0.1075E-01  0.8250E-02  0.8250E-02
 Events:
         311         312         326         315           5           3           2           4          71          89          86          89          21          20          27          22           7           7           6          13           3           4           4           5          31          29          29          39          25          33          36          25
         306         283         337         312           1           4           3           7          76          96          73          88          10          18          28          22          16          10          12           9           3           4           4           5          37          27          33          37          31          43          33          33
 Iteration  3   Mean: 0.6167E-20 Abs mean: 0.6167E-20   Fluctuation:  0.149E-21   0.390E-18    68.3%
  3    0.6167E-20 0.6167E-20 +- 0.1486E-21      2.15
 Relative summed weights:
  0.7378E-01  0.7376E-01  0.8231E-01  0.8908E-01  0.4998E-03  0.1674E-02  0.3043E-03  0.1262E-02  0.1795E-01  0.1743E-01  0.1790E-01  0.1667E-01  0.9818E-02  0.6275E-02  0.2144E-02  0.3443E-02  0.2603E-02  0.1761E-02  0.2023E-02  0.2259E-02  0.1982E-02  0.9556E-03  0.6416E-03  0.8623E-03  0.4532E-02  0.9097E-02  0.6139E-02  0.1046E-01  0.7031E-02  0.7151E-02  0.9444E-02  0.5211E-02
  0.9449E-01  0.7405E-01  0.6705E-01  0.1061E+00  0.2889E-03  0.6477E-03  0.6911E-03  0.1236E-02  0.1716E-01  0.1712E-01  0.1635E-01  0.2391E-01  0.6126E-02  0.5580E-02  0.6701E-02  0.4612E-02  0.1670E-02  0.3568E-02  0.1462E-02  0.1978E-02  0.4939E-03  0.3095E-02  0.1017E-02  0.7705E-03  0.7844E-02  0.8018E-02  0.6746E-02  0.7177E-02  0.5414E-02  0.4673E-02  0.1033E-01  0.7212E-02
 Relative number of events:
  0.7725E-01  0.7775E-01  0.8438E-01  0.8338E-01  0.7500E-03  0.1000E-02  0.5000E-03  0.6250E-03  0.2000E-01  0.1663E-01  0.2050E-01  0.1950E-01  0.6875E-02  0.4375E-02  0.3750E-02  0.5750E-02  0.2000E-02  0.2500E-02  0.3000E-02  0.1875E-02  0.1125E-02  0.1500E-02  0.1125E-02  0.1250E-02  0.7250E-02  0.7250E-02  0.8000E-02  0.7500E-02  0.7750E-02  0.6750E-02  0.7500E-02  0.8500E-02
  0.8488E-01  0.7850E-01  0.7637E-01  0.8375E-01  0.1250E-02  0.1250E-02  0.8750E-03  0.1125E-02  0.1950E-01  0.1963E-01  0.2113E-01  0.1800E-01  0.5125E-02  0.6000E-02  0.4875E-02  0.6125E-02  0.1875E-02  0.2625E-02  0.2375E-02  0.1500E-02  0.1125E-02  0.1125E-02  0.1000E-02  0.8750E-03  0.8125E-02  0.8625E-02  0.6625E-02  0.7875E-02  0.6375E-02  0.7750E-02  0.8250E-02  0.7625E-02
 Events:
         618         622         675         667           6           8           4           5         160         133         164         156          55          35          30          46          16          20          24          15           9          12           9          10          58          58          64          60          62          54          60          68
         679         628         611         670          10          10           7           9         156         157         169         144          41          48          39          49          15          21          19          12           9           9           8           7          65          69          53          63          51          62          66          61
 Accuracy:    0.032   0.010   0.021   2.474
 Found         1183  events.
 Wrote          306  events.
 Actual xsec    6.0810839956462177E-021
 Correct abs xsec    6.0810839956462177E-021
 Event xsec    6.0810839956462493E-021
 Events wgts > 1:            7
 % Cross section > 1:    6.0325675006078656E-023  0.99202173575087604     
 Iteration  4   Mean: 0.6239E-20 Abs mean: 0.6239E-20   Fluctuation:  0.947E-22   0.412E-18    67.7%
  4    0.6239E-20 0.6239E-20 +- 0.9469E-22      1.92
 Relative summed weights:
  0.8349E-01  0.8468E-01  0.8492E-01  0.8028E-01  0.7639E-03  0.4897E-03  0.1202E-02  0.7818E-03  0.1949E-01  0.1808E-01  0.2264E-01  0.1875E-01  0.5834E-02  0.3520E-02  0.5337E-02  0.6036E-02  0.7938E-03  0.1763E-02  0.4074E-02  0.1461E-02  0.6780E-03  0.5935E-03  0.1590E-02  0.1106E-02  0.7983E-02  0.6983E-02  0.7294E-02  0.8304E-02  0.7812E-02  0.6480E-02  0.4674E-02  0.8991E-02
  0.8332E-01  0.8108E-01  0.8732E-01  0.7958E-01  0.8887E-03  0.6873E-03  0.7265E-03  0.1393E-02  0.1813E-01  0.1573E-01  0.1994E-01  0.1570E-01  0.4276E-02  0.4271E-02  0.4051E-02  0.3200E-02  0.2365E-02  0.2170E-02  0.1692E-02  0.3177E-02  0.8030E-03  0.1547E-02  0.6623E-03  0.1488E-02  0.6315E-02  0.8103E-02  0.7560E-02  0.8102E-02  0.6686E-02  0.5830E-02  0.1137E-01  0.4973E-02
 Relative number of events:
  0.8156E-01  0.8406E-01  0.8338E-01  0.8294E-01  0.8125E-03  0.6875E-03  0.1250E-02  0.1063E-02  0.1875E-01  0.1963E-01  0.1975E-01  0.1775E-01  0.5625E-02  0.4313E-02  0.5938E-02  0.6687E-02  0.1750E-02  0.2687E-02  0.2500E-02  0.2250E-02  0.1125E-02  0.9375E-03  0.1125E-02  0.1250E-02  0.7562E-02  0.7625E-02  0.8125E-02  0.7313E-02  0.8563E-02  0.7188E-02  0.6687E-02  0.7500E-02
  0.8281E-01  0.7900E-01  0.7913E-01  0.8181E-01  0.1250E-02  0.9375E-03  0.1000E-02  0.1313E-02  0.1931E-01  0.1700E-01  0.1800E-01  0.1850E-01  0.4437E-02  0.5687E-02  0.4750E-02  0.3812E-02  0.1563E-02  0.1375E-02  0.1875E-02  0.2437E-02  0.1125E-02  0.1000E-02  0.8750E-03  0.1625E-02  0.8063E-02  0.8250E-02  0.6938E-02  0.8438E-02  0.7437E-02  0.6625E-02  0.8812E-02  0.6437E-02
 Events:
        1305        1345        1334        1327          13          11          20          17         300         314         316         284          90          69          95         107          28          43          40          36          18          15          18          20         121         122         130         117         137         115         107         120
        1325        1264        1266        1309          20          15          16          21         309         272         288         296          71          91          76          61          25          22          30          39          18          16          14          26         129         132         111         135         119         106         141         103
 Accuracy:    0.017   0.010   0.012   1.930
 Found         2264  events.
 Wrote          545  events.
 Actual xsec    6.1722357810530609E-021
 Correct abs xsec    6.1722357810530609E-021
 Event xsec    6.1722357810530105E-021
 Events wgts > 1:            8
 % Cross section > 1:    6.1751514821342375E-023   1.0004723897765178     
 Iteration  5   Mean: 0.6341E-20 Abs mean: 0.6341E-20   Fluctuation:  0.567E-22   0.372E-18    66.7%
  5    0.6341E-20 0.6341E-20 +- 0.5668E-22      1.60
 Relative summed weights:
  0.8255E-01  0.8151E-01  0.8230E-01  0.8213E-01  0.7716E-03  0.9618E-03  0.1489E-02  0.1114E-02  0.1766E-01  0.1759E-01  0.1838E-01  0.1920E-01  0.5695E-02  0.5487E-02  0.5230E-02  0.5660E-02  0.2036E-02  0.1905E-02  0.1319E-02  0.1577E-02  0.5135E-03  0.1694E-02  0.1079E-02  0.6306E-03  0.8765E-02  0.1023E-01  0.7562E-02  0.7772E-02  0.8571E-02  0.6481E-02  0.7811E-02  0.7341E-02
  0.8258E-01  0.7808E-01  0.8580E-01  0.8242E-01  0.1408E-02  0.9444E-03  0.1013E-02  0.1243E-02  0.1650E-01  0.1745E-01  0.1712E-01  0.1684E-01  0.4509E-02  0.5713E-02  0.6101E-02  0.4481E-02  0.2074E-02  0.1364E-02  0.1926E-02  0.1829E-02  0.8041E-03  0.1362E-02  0.1141E-02  0.9846E-03  0.9084E-02  0.9536E-02  0.7189E-02  0.7665E-02  0.7953E-02  0.7300E-02  0.7277E-02  0.7281E-02
 Relative number of events:
  0.8131E-01  0.8169E-01  0.8022E-01  0.8391E-01  0.9063E-03  0.9063E-03  0.1375E-02  0.1281E-02  0.1775E-01  0.1706E-01  0.1862E-01  0.1891E-01  0.5219E-02  0.5188E-02  0.5281E-02  0.5281E-02  0.2250E-02  0.2500E-02  0.1844E-02  0.1813E-02  0.6563E-03  0.1063E-02  0.1000E-02  0.8125E-03  0.8625E-02  0.8406E-02  0.8656E-02  0.8156E-02  0.8188E-02  0.7344E-02  0.7500E-02  0.7719E-02
  0.8006E-01  0.8006E-01  0.8375E-01  0.8303E-01  0.1500E-02  0.1063E-02  0.1094E-02  0.1219E-02  0.1809E-01  0.1919E-01  0.1772E-01  0.1900E-01  0.5063E-02  0.5125E-02  0.5094E-02  0.4531E-02  0.2188E-02  0.1906E-02  0.2406E-02  0.2125E-02  0.1000E-02  0.1094E-02  0.1031E-02  0.1000E-02  0.8063E-02  0.8375E-02  0.6844E-02  0.7063E-02  0.8281E-02  0.7687E-02  0.7188E-02  0.6719E-02
 Events:
        2602        2614        2567        2685          29          29          44          41         568         546         596         605         167         166         169         169          72          80          59          58          21          34          32          26         276         269         277         261         262         235         240         247
        2562        2562        2680        2657          48          34          35          39         579         614         567         608         162         164         163         145          70          61          77          68          32          35          33          32         258         268         219         226         265         246         230         215
 Accuracy:    0.010   0.010   0.007   2.087
 Found         4730  events.
 Wrote         2019  events.
 Actual xsec    6.3009924731707881E-021
 Correct abs xsec    6.3009924731707881E-021
 Event xsec    6.3009924731706505E-021
 Events wgts > 1:           38
 % Cross section > 1:    6.0656094624095230E-023  0.96264350231120288     
 Iteration  6   Mean: 0.6385E-20 Abs mean: 0.6385E-20   Fluctuation:  0.396E-22   0.641E-18    65.9%
  6    0.6385E-20 0.6385E-20 +- 0.3964E-22      1.57
 Relative summed weights:
  0.8266E-01  0.8141E-01  0.7817E-01  0.8354E-01  0.9193E-03  0.1060E-02  0.1154E-02  0.1154E-02  0.1721E-01  0.1764E-01  0.1843E-01  0.1791E-01  0.5827E-02  0.5113E-02  0.5746E-02  0.5459E-02  0.2224E-02  0.1768E-02  0.1976E-02  0.2144E-02  0.1007E-02  0.1289E-02  0.8440E-03  0.1098E-02  0.7874E-02  0.8400E-02  0.8048E-02  0.7400E-02  0.7657E-02  0.6997E-02  0.6868E-02  0.7530E-02
  0.8197E-01  0.8471E-01  0.8091E-01  0.8042E-01  0.1076E-02  0.8902E-03  0.9693E-03  0.1084E-02  0.1940E-01  0.1810E-01  0.1900E-01  0.1814E-01  0.5309E-02  0.5410E-02  0.6818E-02  0.5155E-02  0.1546E-02  0.1912E-02  0.2311E-02  0.2236E-02  0.9395E-03  0.1008E-02  0.1357E-02  0.1095E-02  0.7875E-02  0.8754E-02  0.8232E-02  0.6784E-02  0.7991E-02  0.8335E-02  0.7110E-02  0.6642E-02
 Relative number of events:
  0.8220E-01  0.8002E-01  0.8125E-01  0.8259E-01  0.1109E-02  0.1078E-02  0.1187E-02  0.1172E-02  0.1750E-01  0.1745E-01  0.1856E-01  0.1856E-01  0.5562E-02  0.4844E-02  0.5484E-02  0.5063E-02  0.2031E-02  0.2000E-02  0.1984E-02  0.2156E-02  0.1125E-02  0.1094E-02  0.1094E-02  0.1000E-02  0.8188E-02  0.8016E-02  0.8109E-02  0.7188E-02  0.7469E-02  0.7266E-02  0.7344E-02  0.7063E-02
  0.8066E-01  0.8373E-01  0.8208E-01  0.8172E-01  0.1219E-02  0.1078E-02  0.1094E-02  0.1109E-02  0.1819E-01  0.1809E-01  0.1877E-01  0.1880E-01  0.5344E-02  0.5156E-02  0.4938E-02  0.5641E-02  0.1797E-02  0.1734E-02  0.2281E-02  0.2344E-02  0.9687E-03  0.9063E-03  0.1313E-02  0.1156E-02  0.7984E-02  0.8266E-02  0.7578E-02  0.7656E-02  0.7844E-02  0.8047E-02  0.7969E-02  0.7781E-02
 Events:
        5261        5121        5200        5286          71          69          76          75        1120        1117        1188        1188         356         310         351         324         130         128         127         138          72          70          70          64         524         513         519         460         478         465         470         452
        5162        5359        5253        5230          78          69          70          71        1164        1158        1201        1203         342         330         316         361         115         111         146         150          62          58          84          74         511         529         485         490         502         515         510         498
 Accuracy:    0.007   0.010   0.005   2.182
 Finished due to accuracy    6.9497641961178856E-003   1.0000000000000000E-002
Thanks for using LHAPDF 6.2.1. Please make sure to cite the paper:
  Eur.Phys.J. C75 (2015) 3, 132  (http://arxiv.org/abs/1412.7420)

 -------------------------------------------------------------------------------
 Accumulated results:   Integral =  0.6343E-20
                        Std dev  =  0.2984E-22
                       Cross sec =  0.6343E-20
             Chi**2 per DoF.     =      2.1825
 -------------------------------------------------------------------------------
 Found         9421  events.
 Wrote         4002  events.
 Actual xsec    6.3574859949489887E-021
 Correct abs xsec    6.3574859949489887E-021
 Event xsec    6.3574859949487705E-021
 Events wgts > 1:           47
 % Cross section > 1:    6.2489948794219888E-023  0.98293490294544394     
-------------------------------------------------
---------------------------
 Results Last   3 iters: Integral =   0.6357E-20
                     Abs integral =   0.6357E-20
                          Std dev =   0.3073E-22
                  Chi**2 per DoF. =      1.0676
-------------------------------------------------
---------------------------
 Status   1.0000000000000000E-002           7           8

ls status:
events.lhe
ftn26
input_app.txt
results.dat
run1_app.log
